Log file open, 01/22/20 16:29:49
LogWindows: Failed to load 'aqProf.dll' (GetLastError=126)
LogWindows: File 'aqProf.dll' does not exist
LogWindows: Failed to load 'VtuneApi.dll' (GetLastError=126)
LogWindows: File 'VtuneApi.dll' does not exist
LogWindows: Failed to load 'VtuneApi32e.dll' (GetLastError=126)
LogWindows: File 'VtuneApi32e.dll' does not exist
LogConsoleResponse: Display: Failed to find resolution value strings in scalability ini. Falling back to default.
LogInit: Display: Running engine for game: SavingPlanet
LogPakFile: Registered encryption key '00000000000000000000000000000000': 0 pak files mounted, 0 remain pending
LogPlatformFile: Not using cached read wrapper
LogTaskGraph: Started task graph with 5 named threads and 35 total threads with 3 sets of task threads.
LogStats: Stats thread started at 0.394465
LogD3D11RHI: Loaded GFSDK_Aftermath_Lib.x64.dll
LogICUInternationalization: ICU TimeZone Detection - Raw Offset: -8:00, Platform Override: ''
LogPluginManager: Mounting plugin Paper2D
LogPluginManager: Mounting plugin AISupport
LogPluginManager: Mounting plugin LightPropagationVolume
LogPluginManager: Mounting plugin ActorLayerUtilities
LogPluginManager: Mounting plugin CLionSourceCodeAccess
LogPluginManager: Mounting plugin CodeLiteSourceCodeAccess
LogPluginManager: Mounting plugin GitSourceControl
LogPluginManager: Mounting plugin KDevelopSourceCodeAccess
LogPluginManager: Mounting plugin NullSourceCodeAccess
LogPluginManager: Mounting plugin PerforceSourceControl
LogPluginManager: Mounting plugin SubversionSourceControl
LogPluginManager: Mounting plugin UObjectPlugin
LogPluginManager: Mounting plugin VisualStudioCodeSourceCodeAccess
LogPluginManager: Mounting plugin VisualStudioSourceCodeAccess
LogPluginManager: Mounting plugin XCodeSourceCodeAccess
LogPluginManager: Mounting plugin AssetManagerEditor
LogPluginManager: Mounting plugin CryptoKeys
LogPluginManager: Mounting plugin DataValidation
LogPluginManager: Mounting plugin FacialAnimation
LogPluginManager: Mounting plugin GameplayTagsEditor
LogPluginManager: Mounting plugin MacGraphicsSwitching
LogPluginManager: Mounting plugin MeshEditor
LogPluginManager: Mounting plugin MobileLauncherProfileWizard
LogPluginManager: Mounting plugin PluginBrowser
LogPluginManager: Mounting plugin SpeedTreeImporter
LogPluginManager: Mounting plugin DatasmithContent
LogPluginManager: Mounting plugin VariantManagerContent
LogPluginManager: Mounting plugin AlembicImporter
LogPluginManager: Mounting plugin AppleImageUtils
LogPluginManager: Mounting plugin AppleVision
LogPluginManager: Mounting plugin BackChannel
LogPluginManager: Mounting plugin CharacterAI
LogPluginManager: Mounting plugin GeometryCache
LogPluginManager: Mounting plugin HTML5Networking
LogPluginManager: Mounting plugin ProxyLODPlugin
LogPluginManager: Mounting plugin MagicLeap
LogPluginManager: Mounting plugin MagicLeapMedia
LogPluginManager: Mounting plugin AndroidMedia
LogPluginManager: Mounting plugin AvfMedia
LogPluginManager: Mounting plugin ImgMedia
LogPluginManager: Mounting plugin LinearTimecode
LogPluginManager: Mounting plugin MediaCompositing
LogPluginManager: Mounting plugin MediaPlayerEditor
LogPluginManager: Mounting plugin WebMMedia
LogPluginManager: Mounting plugin WmfMedia
LogPluginManager: Mounting plugin TcpMessaging
LogPluginManager: Mounting plugin UdpMessaging
LogPluginManager: Mounting plugin ActorSequence
LogPluginManager: Mounting plugin LevelSequenceEditor
LogPluginManager: Mounting plugin MatineeToLevelSequence
LogPluginManager: Mounting plugin NetcodeUnitTest
LogPluginManager: Mounting plugin NUTUnrealEngine4
LogPluginManager: Mounting plugin OnlineSubsystemGooglePlay
LogPluginManager: Mounting plugin OnlineSubsystemIOS
LogPluginManager: Mounting plugin OnlineSubsystem
LogPluginManager: Mounting plugin OnlineSubsystemNull
LogPluginManager: Mounting plugin OnlineSubsystemUtils
LogPluginManager: Mounting plugin LauncherChunkInstaller
LogPluginManager: Mounting plugin AndroidDeviceProfileSelector
LogPluginManager: Mounting plugin AndroidMoviePlayer
LogPluginManager: Mounting plugin AndroidPermission
LogPluginManager: Mounting plugin AppleMoviePlayer
LogPluginManager: Mounting plugin ArchVisCharacter
LogPluginManager: Mounting plugin AudioCapture
LogPluginManager: Mounting plugin CableComponent
LogPluginManager: Mounting plugin CustomMeshComponent
LogPluginManager: Mounting plugin EditableMesh
LogPluginManager: Mounting plugin ExampleDeviceProfileSelector
LogPluginManager: Mounting plugin Firebase
LogPluginManager: Mounting plugin GoogleCloudMessaging
LogPluginManager: Mounting plugin IOSDeviceProfileSelector
LogPluginManager: Mounting plugin LinuxDeviceProfileSelector
LogPluginManager: Mounting plugin LocationServicesBPLibrary
LogPluginManager: Mounting plugin MobilePatchingUtils
LogPluginManager: Mounting plugin OculusVR
LogPluginManager: Mounting plugin PhysXVehicles
LogPluginManager: Mounting plugin ProceduralMeshComponent
LogPluginManager: Mounting plugin RuntimePhysXCooking
LogPluginManager: Mounting plugin SteamVR
LogPluginManager: Mounting plugin WebMMoviePlayer
LogPluginManager: Mounting plugin WindowsMoviePlayer
LogStreaming: Display: Took  0.073s to configure plugins.
LogInit: Using libcurl 7.55.1-DEV
LogInit:  - built for x86_64-pc-win32
LogInit:  - supports SSL with OpenSSL/1.0.2h
LogInit:  - supports HTTP deflate (compression) using libz 1.2.8
LogInit:  - other features:
LogInit:      CURL_VERSION_SSL
LogInit:      CURL_VERSION_LIBZ
LogInit:      CURL_VERSION_IPV6
LogInit:      CURL_VERSION_ASYNCHDNS
LogInit:      CURL_VERSION_LARGEFILE
LogInit:      CURL_VERSION_IDN
LogInit:  CurlRequestOptions (configurable via config and command line):
LogInit:  - bVerifyPeer = true  - Libcurl will verify peer certificate
LogInit:  - bUseHttpProxy = false  - Libcurl will NOT use HTTP proxy
LogInit:  - bDontReuseConnections = false  - Libcurl will reuse connections
LogInit:  - MaxHostConnections = 16  - Libcurl will limit the number of connections to a host
LogInit:  - LocalHostAddr = Default
LogInit:  - BufferSize = 65536
LogInit: WinSock: version 1.1 (2.2), MaxSocks=32767, MaxUdp=65467
LogInit: Build: ++UE4+Release-4.21-CL-4753647
LogInit: Engine Version: 4.21.2-4753647+++UE4+Release-4.21
LogInit: Compatible Engine Version: 4.21.0-4541578+++UE4+Release-4.21
LogInit: Net CL: 4541578
LogInit: OS: Windows 10 (), CPU: Intel(R) Core(TM) i7-8700 CPU @ 3.20GHz, GPU: NVIDIA GeForce GTX 1060 6GB
LogInit: Compiled (64-bit): Jan 19 2019 02:07:31
LogInit: Compiled with Visual C++: 19.13.26129.00
LogInit: Build Configuration: Development
LogInit: Branch Name: ++UE4+Release-4.21
LogInit: Command Line:  /Game/ThirdPersonBP/Maps/Level01 -game -PIEVIACONSOLE -ResX=1280 -ResY=720 -Multiprocess -messaging -SessionName="Play in Standalone Game" -featureleveles2 -faketouches -MultiprocessSaveConfig -windowed
LogInit: Base Directory: C:/Program Files/Epic Games/UE_4.21/Engine/Binaries/Win64/
LogInit: Installed Engine Build: 1
LogDevObjectVersion: Number of dev versions registered: 22
LogDevObjectVersion:   Dev-Blueprints (B0D832E4-1F89-4F0D-ACCF-7EB736FD4AA2): 10
LogDevObjectVersion:   Dev-Build (E1C64328-A22C-4D53-A36C-8E866417BD8C): 0
LogDevObjectVersion:   Dev-Core (375EC13C-06E4-48FB-B500-84F0262A717E): 2
LogDevObjectVersion:   Dev-Editor (E4B068ED-F494-42E9-A231-DA0B2E46BB41): 26
LogDevObjectVersion:   Dev-Framework (CFFC743F-43B0-4480-9391-14DF171D2073): 34
LogDevObjectVersion:   Dev-Mobile (B02B49B5-BB20-44E9-A304-32B752E40360): 2
LogDevObjectVersion:   Dev-Networking (A4E4105C-59A1-49B5-A7C5-40C4547EDFEE): 0
LogDevObjectVersion:   Dev-Online (39C831C9-5AE6-47DC-9A44-9C173E1C8E7C): 0
LogDevObjectVersion:   Dev-Physics (78F01B33-EBEA-4F98-B9B4-84EACCB95AA2): 0
LogDevObjectVersion:   Dev-Platform (6631380F-2D4D-43E0-8009-CF276956A95A): 0
LogDevObjectVersion:   Dev-Rendering (12F88B9F-8875-4AFC-A67C-D90C383ABD29): 27
LogDevObjectVersion:   Dev-Sequencer (7B5AE74C-D270-4C10-A958-57980B212A5A): 9
LogDevObjectVersion:   Dev-VR (D7296918-1DD6-4BDD-9DE2-64A83CC13884): 2
LogDevObjectVersion:   Dev-LoadTimes (C2A15278-BFE7-4AFE-6C17-90FF531DF755): 1
LogDevObjectVersion:   Private-Geometry (6EACA3D4-40EC-4CC1-B786-8BED09428FC5): 3
LogDevObjectVersion:   Dev-AnimPhys (29E575DD-E0A3-4627-9D10-D276232CDCEA): 17
LogDevObjectVersion:   Dev-Anim (AF43A65D-7FD3-4947-9873-3E8ED9C1BB05): 2
LogDevObjectVersion:   Dev-ReflectionCapture (6B266CEC-1EC7-4B8F-A30B-E4D90942FC07): 1
LogDevObjectVersion:   Dev-Automation (0DF73D61-A23F-47EA-B727-89E90C41499A): 1
LogDevObjectVersion:   FortniteMain (601D1886-AC64-4F84-AA16-D3DE0DEAC7D6): 17
LogDevObjectVersion:   Dev-Enterprise (9DFFBCD6-494F-0158-E221-12823C92A888): 4
LogDevObjectVersion:   Dev-Niagara (F2AED0AC-9AFE-416F-8664-AA7FFA26D6FC): 1
LogStreaming: Display: Took  0.000s to delete old logs.
LogInit: Presizing for max 8388607 objects, including 0 objects not considered by GC, pre-allocating 0 bytes for permanent pool.
LogInit: Object subsystem initialized
LogConfig: Setting CVar [[con.DebugEarlyDefault:1]]
LogConfig: Setting CVar [[r.setres:1280x720]]
[2020.01.23-00.29.49:303][  0]LogConfig: Setting CVar [[con.DebugEarlyDefault:1]]
[2020.01.23-00.29.49:303][  0]LogConfig: Setting CVar [[r.setres:1280x720]]
[2020.01.23-00.29.49:303][  0]LogConfig: Applying CVar settings from Section [/Script/Engine.RendererSettings] File [C:/Users/jsaem/Documents/GitHub/SavingPlanet/Jesus-Andres-PlanetX/SavingPlanet/Saved/Config/Windows/Engine.ini]
[2020.01.23-00.29.49:303][  0]LogConfig: Setting CVar [[r.GPUCrashDebugging:0]]
[2020.01.23-00.29.49:303][  0]LogConfig: Setting CVar [[r.MobileHDR:1]]
[2020.01.23-00.29.49:303][  0]LogConfig: Setting CVar [[r.Mobile.DisableVertexFog:1]]
[2020.01.23-00.29.49:303][  0]LogConfig: Setting CVar [[r.Shadow.CSM.MaxMobileCascades:2]]
[2020.01.23-00.29.49:303][  0]LogConfig: Setting CVar [[r.MobileMSAA:1]]
[2020.01.23-00.29.49:303][  0]LogConfig: Setting CVar [[r.Mobile.UseLegacyShadingModel:0]]
[2020.01.23-00.29.49:303][  0]LogConfig: Setting CVar [[r.Mobile.AllowDitheredLODTransition:0]]
[2020.01.23-00.29.49:303][  0]LogConfig: Setting CVar [[r.Mobile.AllowSoftwareOcclusion:0]]
[2020.01.23-00.29.49:303][  0]LogConfig: Setting CVar [[r.DiscardUnusedQuality:0]]
[2020.01.23-00.29.49:303][  0]LogConfig: Setting CVar [[r.AllowOcclusionQueries:1]]
[2020.01.23-00.29.49:303][  0]LogConfig: Setting CVar [[r.MinScreenRadiusForLights:0.030000]]
[2020.01.23-00.29.49:303][  0]LogConfig: Setting CVar [[r.MinScreenRadiusForDepthPrepass:0.030000]]
[2020.01.23-00.29.49:303][  0]LogConfig: Setting CVar [[r.MinScreenRadiusForCSMDepth:0.010000]]
[2020.01.23-00.29.49:303][  0]LogConfig: Setting CVar [[r.PrecomputedVisibilityWarning:0]]
[2020.01.23-00.29.49:303][  0]LogConfig: Setting CVar [[r.TextureStreaming:1]]
[2020.01.23-00.29.49:303][  0]LogConfig: Setting CVar [[Compat.UseDXT5NormalMaps:0]]
[2020.01.23-00.29.49:303][  0]LogConfig: Setting CVar [[r.ClearCoatNormal:0]]
[2020.01.23-00.29.49:303][  0]LogConfig: Setting CVar [[r.ReflectionCaptureResolution:128]]
[2020.01.23-00.29.49:304][  0]LogConfig: Setting CVar [[r.ReflectionEnvironmentLightmapMixBasedOnRoughness:1]]
[2020.01.23-00.29.49:304][  0]LogConfig: Setting CVar [[r.ForwardShading:0]]
[2020.01.23-00.29.49:304][  0]LogConfig: Setting CVar [[r.VertexFoggingForOpaque:1]]
[2020.01.23-00.29.49:304][  0]LogConfig: Setting CVar [[r.AllowStaticLighting:1]]
[2020.01.23-00.29.49:304][  0]LogConfig: Setting CVar [[r.NormalMapsForStaticLighting:0]]
[2020.01.23-00.29.49:304][  0]LogConfig: Setting CVar [[r.GenerateMeshDistanceFields:0]]
[2020.01.23-00.29.49:304][  0]LogConfig: Setting CVar [[r.DistanceFieldBuild.EightBit:0]]
[2020.01.23-00.29.49:304][  0]LogConfig: Setting CVar [[r.GenerateLandscapeGIData:0]]
[2020.01.23-00.29.49:304][  0]LogConfig: Setting CVar [[r.DistanceFieldBuild.Compress:0]]
[2020.01.23-00.29.49:304][  0]LogConfig: Setting CVar [[r.TessellationAdaptivePixelsPerTriangle:48.000000]]
[2020.01.23-00.29.49:304][  0]LogConfig: Setting CVar [[r.SeparateTranslucency:0]]
[2020.01.23-00.29.49:304][  0]LogConfig: Setting CVar [[r.TranslucentSortPolicy:0]]
[2020.01.23-00.29.49:304][  0]LogConfig: Setting CVar [[r.CustomDepth:1]]
[2020.01.23-00.29.49:304][  0]LogConfig: Setting CVar [[r.CustomDepthTemporalAAJitter:1]]
[2020.01.23-00.29.49:304][  0]LogConfig: Setting CVar [[r.PostProcessing.PropagateAlpha:0]]
[2020.01.23-00.29.49:304][  0]LogConfig: Setting CVar [[r.DOF.Algorithm:1]]
[2020.01.23-00.29.49:304][  0]LogConfig: Setting CVar [[r.DefaultFeature.Bloom:1]]
[2020.01.23-00.29.49:304][  0]LogConfig: Setting CVar [[r.DefaultFeature.AmbientOcclusion:0]]
[2020.01.23-00.29.49:304][  0]LogConfig: Setting CVar [[r.DefaultFeature.AmbientOcclusionStaticFraction:1]]
[2020.01.23-00.29.49:304][  0]LogConfig: Setting CVar [[r.DefaultFeature.AutoExposure:0]]
[2020.01.23-00.29.49:304][  0]LogConfig: Setting CVar [[r.DefaultFeature.AutoExposure.Method:0]]
[2020.01.23-00.29.49:304][  0]LogConfig: Setting CVar [[r.DefaultFeature.AutoExposure.ExtendDefaultLuminanceRange:0]]
[2020.01.23-00.29.49:304][  0]LogConfig: Setting CVar [[r.UsePreExposure:0]]
[2020.01.23-00.29.49:304][  0]LogConfig: Setting CVar [[r.DefaultFeature.MotionBlur:0]]
[2020.01.23-00.29.49:304][  0]LogConfig: Setting CVar [[r.DefaultFeature.LensFlare:0]]
[2020.01.23-00.29.49:304][  0]LogConfig: Setting CVar [[r.TemporalAA.Upsampling:0]]
[2020.01.23-00.29.49:304][  0]LogConfig: Setting CVar [[r.DefaultFeature.AntiAliasing:0]]
[2020.01.23-00.29.49:304][  0]LogConfig: Setting CVar [[r.DefaultFeature.LightUnits:1]]
[2020.01.23-00.29.49:304][  0]LogConfig: Setting CVar [[r.DefaultBackBufferPixelFormat:4]]
[2020.01.23-00.29.49:304][  0]LogConfig: Setting CVar [[r.Shadow.UnbuiltPreviewInGame:1]]
[2020.01.23-00.29.49:304][  0]LogConfig: Setting CVar [[r.StencilForLODDither:0]]
[2020.01.23-00.29.49:304][  0]LogConfig: Setting CVar [[r.EarlyZPass:3]]
[2020.01.23-00.29.49:304][  0]LogConfig: Setting CVar [[r.EarlyZPassMovable:1]]
[2020.01.23-00.29.49:304][  0]LogConfig: Setting CVar [[r.EarlyZPassOnlyMaterialMasking:0]]
[2020.01.23-00.29.49:304][  0]LogConfig: Setting CVar [[r.DBuffer:1]]
[2020.01.23-00.29.49:304][  0]LogConfig: Setting CVar [[r.ClearSceneMethod:1]]
[2020.01.23-00.29.49:304][  0]LogConfig: Setting CVar [[r.BasePassOutputsVelocity:0]]
[2020.01.23-00.29.49:304][  0]LogConfig: Setting CVar [[r.SelectiveBasePassOutputs:0]]
[2020.01.23-00.29.49:304][  0]LogConfig: Setting CVar [[fx.GPUSimulationTextureSizeX:1024]]
[2020.01.23-00.29.49:304][  0]LogConfig: Setting CVar [[fx.GPUSimulationTextureSizeY:1024]]
[2020.01.23-00.29.49:304][  0]LogConfig: Setting CVar [[r.AllowGlobalClipPlane:0]]
[2020.01.23-00.29.49:304][  0]LogConfig: Setting CVar [[r.GBufferFormat:1]]
[2020.01.23-00.29.49:304][  0]LogConfig: Setting CVar [[r.MorphTarget.Mode:1]]
[2020.01.23-00.29.49:304][  0]LogConfig: Setting CVar [[vr.InstancedStereo:0]]
[2020.01.23-00.29.49:304][  0]LogConfig: Setting CVar [[vr.MultiView:0]]
[2020.01.23-00.29.49:304][  0]LogConfig: Setting CVar [[vr.MobileMultiView:0]]
[2020.01.23-00.29.49:304][  0]LogConfig: Setting CVar [[vr.MobileMultiView.Direct:0]]
[2020.01.23-00.29.49:304][  0]LogConfig: Setting CVar [[vr.MonoscopicFarField:0]]
[2020.01.23-00.29.49:304][  0]LogConfig: Setting CVar [[vr.RoundRobinOcclusion:0]]
[2020.01.23-00.29.49:304][  0]LogConfig: Setting CVar [[vr.ODSCapture:0]]
[2020.01.23-00.29.49:304][  0]LogConfig: Setting CVar [[r.WireframeCullThreshold:5.000000]]
[2020.01.23-00.29.49:304][  0]LogConfig: Setting CVar [[r.SupportStationarySkylight:1]]
[2020.01.23-00.29.49:304][  0]LogConfig: Setting CVar [[r.SupportLowQualityLightmaps:1]]
[2020.01.23-00.29.49:304][  0]LogConfig: Setting CVar [[r.SupportPointLightWholeSceneShadows:1]]
[2020.01.23-00.29.49:304][  0]LogConfig: Setting CVar [[r.SupportAtmosphericFog:1]]
[2020.01.23-00.29.49:304][  0]LogConfig: Setting CVar [[r.SkinCache.CompileShaders:0]]
[2020.01.23-00.29.49:304][  0]LogConfig: Setting CVar [[r.Mobile.EnableStaticAndCSMShadowReceivers:1]]
[2020.01.23-00.29.49:304][  0]LogConfig: Setting CVar [[r.Mobile.EnableMovableLightCSMShaderCulling:1]]
[2020.01.23-00.29.49:304][  0]LogConfig: Setting CVar [[r.Mobile.AllowDistanceFieldShadows:1]]
[2020.01.23-00.29.49:304][  0]LogConfig: Setting CVar [[r.Mobile.AllowMovableDirectionalLights:1]]
[2020.01.23-00.29.49:304][  0]LogConfig: Setting CVar [[r.MobileNumDynamicPointLights:4]]
[2020.01.23-00.29.49:304][  0]LogConfig: Setting CVar [[r.MobileDynamicPointLightsUseStaticBranch:1]]
[2020.01.23-00.29.49:304][  0]LogConfig: Setting CVar [[r.SkinCache.SceneMemoryLimitInMB:128.000000]]
[2020.01.23-00.29.49:304][  0]LogConfig: Setting CVar [[r.GPUSkin.Limit2BoneInfluences:0]]
[2020.01.23-00.29.49:304][  0]LogConfig: Setting CVar [[r.SupportDepthOnlyIndexBuffers:1]]
[2020.01.23-00.29.49:304][  0]LogConfig: Setting CVar [[r.SupportReversedIndexBuffers:1]]
[2020.01.23-00.29.49:304][  0]LogConfig: Setting CVar [[r.SupportMaterialLayers:0]]
[2020.01.23-00.29.49:304][  0]LogConfig: Applying CVar settings from Section [/Script/Engine.RendererOverrideSettings] File [C:/Users/jsaem/Documents/GitHub/SavingPlanet/Jesus-Andres-PlanetX/SavingPlanet/Saved/Config/Windows/Engine.ini]
[2020.01.23-00.29.49:304][  0]LogConfig: Applying CVar settings from Section [/Script/Engine.StreamingSettings] File [C:/Users/jsaem/Documents/GitHub/SavingPlanet/Jesus-Andres-PlanetX/SavingPlanet/Saved/Config/Windows/Engine.ini]
[2020.01.23-00.29.49:304][  0]LogConfig: Setting CVar [[s.MinBulkDataSizeForAsyncLoading:131072]]
[2020.01.23-00.29.49:304][  0]LogConfig: Setting CVar [[s.AsyncLoadingThreadEnabled:0]]
[2020.01.23-00.29.49:304][  0]LogConfig: Setting CVar [[s.EventDrivenLoaderEnabled:1]]
[2020.01.23-00.29.49:304][  0]LogConfig: Setting CVar [[s.WarnIfTimeLimitExceeded:0]]
[2020.01.23-00.29.49:304][  0]LogConfig: Setting CVar [[s.TimeLimitExceededMultiplier:1.5]]
[2020.01.23-00.29.49:304][  0]LogConfig: Setting CVar [[s.TimeLimitExceededMinTime:0.005]]
[2020.01.23-00.29.49:304][  0]LogConfig: Setting CVar [[s.UseBackgroundLevelStreaming:1]]
[2020.01.23-00.29.49:304][  0]LogConfig: Setting CVar [[s.PriorityAsyncLoadingExtraTime:15.0]]
[2020.01.23-00.29.49:304][  0]LogConfig: Setting CVar [[s.LevelStreamingActorsUpdateTimeLimit:5.0]]
[2020.01.23-00.29.49:304][  0]LogConfig: Setting CVar [[s.PriorityLevelStreamingActorsUpdateExtraTime:5.0]]
[2020.01.23-00.29.49:304][  0]LogConfig: Setting CVar [[s.LevelStreamingComponentsRegistrationGranularity:10]]
[2020.01.23-00.29.49:304][  0]LogConfig: Setting CVar [[s.UnregisterComponentsTimeLimit:1.0]]
[2020.01.23-00.29.49:304][  0]LogConfig: Setting CVar [[s.LevelStreamingComponentsUnregistrationGranularity:5]]
[2020.01.23-00.29.49:305][  0]LogConfig: Applying CVar settings from Section [/Script/Engine.GarbageCollectionSettings] File [C:/Users/jsaem/Documents/GitHub/SavingPlanet/Jesus-Andres-PlanetX/SavingPlanet/Saved/Config/Windows/Engine.ini]
[2020.01.23-00.29.49:305][  0]LogConfig: Setting CVar [[gc.MaxObjectsNotConsideredByGC:1]]
[2020.01.23-00.29.49:305][  0]LogConfig: Setting CVar [[gc.SizeOfPermanentObjectPool:0]]
[2020.01.23-00.29.49:305][  0]LogConfig: Setting CVar [[gc.FlushStreamingOnGC:0]]
[2020.01.23-00.29.49:305][  0]LogConfig: Setting CVar [[gc.NumRetriesBeforeForcingGC:10]]
[2020.01.23-00.29.49:305][  0]LogConfig: Setting CVar [[gc.AllowParallelGC:1]]
[2020.01.23-00.29.49:305][  0]LogConfig: Setting CVar [[gc.TimeBetweenPurgingPendingKillObjects:61.1]]
[2020.01.23-00.29.49:305][  0]LogConfig: Setting CVar [[gc.MaxObjectsInEditor:8388607]]
[2020.01.23-00.29.49:305][  0]LogConfig: Setting CVar [[gc.IncrementalBeginDestroyEnabled:1]]
[2020.01.23-00.29.49:305][  0]LogConfig: Setting CVar [[gc.CreateGCClusters:1]]
[2020.01.23-00.29.49:305][  0]LogConfig: Setting CVar [[gc.MergeGCClusters:0]]
[2020.01.23-00.29.49:305][  0]LogConfig: Setting CVar [[gc.MinGCClusterSize:5]]
[2020.01.23-00.29.49:305][  0]LogConfig: Setting CVar [[gc.ActorClusteringEnabled:0]]
[2020.01.23-00.29.49:305][  0]LogConfig: Setting CVar [[gc.BlueprintClusteringEnabled:0]]
[2020.01.23-00.29.49:305][  0]LogConfig: Setting CVar [[gc.UseDisregardForGCOnDedicatedServers:0]]
[2020.01.23-00.29.49:305][  0]LogConfig: Applying CVar settings from Section [/Script/Engine.NetworkSettings] File [C:/Users/jsaem/Documents/GitHub/SavingPlanet/Jesus-Andres-PlanetX/SavingPlanet/Saved/Config/Windows/Engine.ini]
[2020.01.23-00.29.49:305][  0]LogConfig: Applying CVar settings from Section [/Script/UnrealEd.CookerSettings] File [C:/Users/jsaem/Documents/GitHub/SavingPlanet/Jesus-Andres-PlanetX/SavingPlanet/Saved/Config/Windows/Engine.ini]
[2020.01.23-00.29.49:309][  0]LogConfig: Applying CVar settings from Section [ViewDistanceQuality@3] File [C:/Users/jsaem/Documents/GitHub/SavingPlanet/Jesus-Andres-PlanetX/SavingPlanet/Saved/Config/Windows/Scalability.ini]
[2020.01.23-00.29.49:309][  0]LogConfig: Setting CVar [[r.SkeletalMeshLODBias:0]]
[2020.01.23-00.29.49:310][  0]LogConfig: Setting CVar [[r.ViewDistanceScale:1.0]]
[2020.01.23-00.29.49:310][  0]LogConfig: Applying CVar settings from Section [AntiAliasingQuality@3] File [C:/Users/jsaem/Documents/GitHub/SavingPlanet/Jesus-Andres-PlanetX/SavingPlanet/Saved/Config/Windows/Scalability.ini]
[2020.01.23-00.29.49:310][  0]LogConfig: Setting CVar [[r.PostProcessAAQuality:4]]
[2020.01.23-00.29.49:310][  0]LogConfig: Applying CVar settings from Section [ShadowQuality@3] File [C:/Users/jsaem/Documents/GitHub/SavingPlanet/Jesus-Andres-PlanetX/SavingPlanet/Saved/Config/Windows/Scalability.ini]
[2020.01.23-00.29.49:310][  0]LogConfig: Setting CVar [[r.LightFunctionQuality:1]]
[2020.01.23-00.29.49:310][  0]LogConfig: Setting CVar [[r.ShadowQuality:5]]
[2020.01.23-00.29.49:310][  0]LogConfig: Setting CVar [[r.Shadow.CSM.MaxCascades:10]]
[2020.01.23-00.29.49:310][  0]LogConfig: Setting CVar [[r.Shadow.MaxResolution:2048]]
[2020.01.23-00.29.49:310][  0]LogConfig: Setting CVar [[r.Shadow.MaxCSMResolution:2048]]
[2020.01.23-00.29.49:310][  0]LogConfig: Setting CVar [[r.Shadow.RadiusThreshold:0.01]]
[2020.01.23-00.29.49:310][  0]LogConfig: Setting CVar [[r.Shadow.DistanceScale:1.0]]
[2020.01.23-00.29.49:310][  0]LogConfig: Setting CVar [[r.Shadow.CSM.TransitionScale:1.0]]
[2020.01.23-00.29.49:310][  0]LogConfig: Setting CVar [[r.Shadow.PreShadowResolutionFactor:1.0]]
[2020.01.23-00.29.49:310][  0]LogConfig: Setting CVar [[r.DistanceFieldShadowing:1]]
[2020.01.23-00.29.49:310][  0]LogConfig: Setting CVar [[r.DistanceFieldAO:1]]
[2020.01.23-00.29.49:310][  0]LogConfig: Setting CVar [[r.AOQuality:2]]
[2020.01.23-00.29.49:310][  0]LogConfig: Setting CVar [[r.VolumetricFog:1]]
[2020.01.23-00.29.49:310][  0]LogConfig: Setting CVar [[r.VolumetricFog.GridPixelSize:8]]
[2020.01.23-00.29.49:310][  0]LogConfig: Setting CVar [[r.VolumetricFog.GridSizeZ:128]]
[2020.01.23-00.29.49:310][  0]LogConfig: Setting CVar [[r.VolumetricFog.HistoryMissSupersampleCount:4]]
[2020.01.23-00.29.49:310][  0]LogConfig: Setting CVar [[r.LightMaxDrawDistanceScale:1]]
[2020.01.23-00.29.49:310][  0]LogConfig: Setting CVar [[r.CapsuleShadows:1]]
[2020.01.23-00.29.49:310][  0]LogConfig: Applying CVar settings from Section [PostProcessQuality@3] File [C:/Users/jsaem/Documents/GitHub/SavingPlanet/Jesus-Andres-PlanetX/SavingPlanet/Saved/Config/Windows/Scalability.ini]
[2020.01.23-00.29.49:310][  0]LogConfig: Setting CVar [[r.MotionBlurQuality:4]]
[2020.01.23-00.29.49:310][  0]LogConfig: Setting CVar [[r.AmbientOcclusionMipLevelFactor:0.4]]
[2020.01.23-00.29.49:310][  0]LogConfig: Setting CVar [[r.AmbientOcclusionMaxQuality:100]]
[2020.01.23-00.29.49:310][  0]LogConfig: Setting CVar [[r.AmbientOcclusionLevels:-1]]
[2020.01.23-00.29.49:310][  0]LogConfig: Setting CVar [[r.AmbientOcclusionRadiusScale:1.0]]
[2020.01.23-00.29.49:310][  0]LogConfig: Setting CVar [[r.DepthOfFieldQuality:2]]
[2020.01.23-00.29.49:310][  0]LogConfig: Setting CVar [[r.RenderTargetPoolMin:400]]
[2020.01.23-00.29.49:310][  0]LogConfig: Setting CVar [[r.LensFlareQuality:2]]
[2020.01.23-00.29.49:310][  0]LogConfig: Setting CVar [[r.SceneColorFringeQuality:1]]
[2020.01.23-00.29.49:310][  0]LogConfig: Setting CVar [[r.EyeAdaptationQuality:2]]
[2020.01.23-00.29.49:310][  0]LogConfig: Setting CVar [[r.BloomQuality:5]]
[2020.01.23-00.29.49:310][  0]LogConfig: Setting CVar [[r.FastBlurThreshold:100]]
[2020.01.23-00.29.49:310][  0]LogConfig: Setting CVar [[r.Upscale.Quality:3]]
[2020.01.23-00.29.49:310][  0]LogConfig: Setting CVar [[r.Tonemapper.GrainQuantization:1]]
[2020.01.23-00.29.49:310][  0]LogConfig: Setting CVar [[r.LightShaftQuality:1]]
[2020.01.23-00.29.49:310][  0]LogConfig: Setting CVar [[r.Filter.SizeScale:1]]
[2020.01.23-00.29.49:310][  0]LogConfig: Setting CVar [[r.Tonemapper.Quality:5]]
[2020.01.23-00.29.49:310][  0]LogConfig: Setting CVar [[r.DOF.Gather.AccumulatorQuality:1        ; higher gathering accumulator quality]]
[2020.01.23-00.29.49:310][  0]LogConfig: Setting CVar [[r.DOF.Gather.PostfilterMethod:1          ; Median3x3 postfilering method]]
[2020.01.23-00.29.49:310][  0]LogConfig: Setting CVar [[r.DOF.Gather.EnableBokehSettings:0       ; no bokeh simulation when gathering]]
[2020.01.23-00.29.49:310][  0]LogConfig: Setting CVar [[r.DOF.Gather.RingCount:4                 ; medium number of samples when gathering]]
[2020.01.23-00.29.49:310][  0]LogConfig: Setting CVar [[r.DOF.Scatter.ForegroundCompositing:1    ; additive foreground scattering]]
[2020.01.23-00.29.49:310][  0]LogConfig: Setting CVar [[r.DOF.Scatter.BackgroundCompositing:2    ; additive background scattering]]
[2020.01.23-00.29.49:310][  0]LogConfig: Setting CVar [[r.DOF.Scatter.EnableBokehSettings:1      ; bokeh simulation when scattering]]
[2020.01.23-00.29.49:310][  0]LogConfig: Setting CVar [[r.DOF.Scatter.MaxSpriteRatio:0.1         ; only a maximum of 10% of scattered bokeh]]
[2020.01.23-00.29.49:310][  0]LogConfig: Setting CVar [[r.DOF.Recombine.Quality:1                ; cheap slight out of focus]]
[2020.01.23-00.29.49:310][  0]LogConfig: Setting CVar [[r.DOF.Recombine.EnableBokehSettings:0    ; no bokeh simulation on slight out of focus]]
[2020.01.23-00.29.49:310][  0]LogConfig: Setting CVar [[r.DOF.TemporalAAQuality:1                ; more stable temporal accumulation]]
[2020.01.23-00.29.49:310][  0]LogConfig: Setting CVar [[r.DOF.Kernel.MaxForegroundRadius:0.025]]
[2020.01.23-00.29.49:310][  0]LogConfig: Setting CVar [[r.DOF.Kernel.MaxBackgroundRadius:0.025]]
[2020.01.23-00.29.49:310][  0]LogConfig: Applying CVar settings from Section [TextureQuality@3] File [C:/Users/jsaem/Documents/GitHub/SavingPlanet/Jesus-Andres-PlanetX/SavingPlanet/Saved/Config/Windows/Scalability.ini]
[2020.01.23-00.29.49:310][  0]LogConfig: Setting CVar [[r.Streaming.MipBias:0]]
[2020.01.23-00.29.49:310][  0]LogConfig: Setting CVar [[r.Streaming.AmortizeCPUToGPUCopy:0]]
[2020.01.23-00.29.49:310][  0]LogConfig: Setting CVar [[r.Streaming.MaxNumTexturesToStreamPerFrame:0]]
[2020.01.23-00.29.49:310][  0]LogConfig: Setting CVar [[r.Streaming.Boost:1]]
[2020.01.23-00.29.49:310][  0]LogConfig: Setting CVar [[r.MaxAnisotropy:8]]
[2020.01.23-00.29.49:310][  0]LogConfig: Setting CVar [[r.Streaming.LimitPoolSizeToVRAM:0]]
[2020.01.23-00.29.49:310][  0]LogConfig: Setting CVar [[r.Streaming.PoolSize:1000]]
[2020.01.23-00.29.49:310][  0]LogConfig: Setting CVar [[r.Streaming.MaxEffectiveScreenSize:0]]
[2020.01.23-00.29.49:310][  0]LogConfig: Applying CVar settings from Section [EffectsQuality@3] File [C:/Users/jsaem/Documents/GitHub/SavingPlanet/Jesus-Andres-PlanetX/SavingPlanet/Saved/Config/Windows/Scalability.ini]
[2020.01.23-00.29.49:310][  0]LogConfig: Setting CVar [[r.TranslucencyLightingVolumeDim:64]]
[2020.01.23-00.29.49:310][  0]LogConfig: Setting CVar [[r.RefractionQuality:2]]
[2020.01.23-00.29.49:310][  0]LogConfig: Setting CVar [[r.SSR.Quality:3]]
[2020.01.23-00.29.49:310][  0]LogConfig: Setting CVar [[r.SceneColorFormat:4]]
[2020.01.23-00.29.49:310][  0]LogConfig: Setting CVar [[r.DetailMode:2]]
[2020.01.23-00.29.49:310][  0]LogConfig: Setting CVar [[r.TranslucencyVolumeBlur:1]]
[2020.01.23-00.29.49:310][  0]LogConfig: Setting CVar [[r.MaterialQualityLevel:1 ; High quality]]
[2020.01.23-00.29.49:310][  0]LogConfig: Setting CVar [[r.SSS.Scale:1]]
[2020.01.23-00.29.49:310][  0]LogConfig: Setting CVar [[r.SSS.SampleSet:2]]
[2020.01.23-00.29.49:310][  0]LogConfig: Setting CVar [[r.SSS.Quality:1]]
[2020.01.23-00.29.49:310][  0]LogConfig: Setting CVar [[r.SSS.HalfRes:1]]
[2020.01.23-00.29.49:310][  0]LogConfig: Setting CVar [[r.EmitterSpawnRateScale:1.0]]
[2020.01.23-00.29.49:310][  0]LogConfig: Setting CVar [[r.ParticleLightQuality:2]]
[2020.01.23-00.29.49:310][  0]LogConfig: Applying CVar settings from Section [FoliageQuality@3] File [C:/Users/jsaem/Documents/GitHub/SavingPlanet/Jesus-Andres-PlanetX/SavingPlanet/Saved/Config/Windows/Scalability.ini]
[2020.01.23-00.29.49:310][  0]LogConfig: Setting CVar [[foliage.DensityScale:1.0]]
[2020.01.23-00.29.49:310][  0]LogConfig: Setting CVar [[grass.DensityScale:1.0]]
[2020.01.23-00.29.49:310][  0]LogInit: Selected Device Profile: [Windows]
[2020.01.23-00.29.49:310][  0]LogInit: Applying CVar settings loaded from the selected device profile: [Windows]
[2020.01.23-00.29.49:313][  0]LogHAL: Display: Platform has ~ 16 GB [16981430272 / 17179869184 / 16], which maps to Larger [LargestMinGB=32, LargerMinGB=12, DefaultMinGB=8, SmallerMinGB=6, SmallestMinGB=0)
[2020.01.23-00.29.49:313][  0]LogConfig: Setting CVar [[r.Vulkan.UseRealUBs:1]]
[2020.01.23-00.29.49:313][  0]LogInit: Going up to parent DeviceProfile []
[2020.01.23-00.29.49:313][  0]LogConfig: Applying CVar settings from Section [ViewDistanceQuality@3] File [C:/Users/jsaem/Documents/GitHub/SavingPlanet/Jesus-Andres-PlanetX/SavingPlanet/Saved/Config/Windows/Scalability.ini]
[2020.01.23-00.29.49:313][  0]LogConfig: Setting CVar [[r.SkeletalMeshLODBias:0]]
[2020.01.23-00.29.49:314][  0]LogConfig: Setting CVar [[r.ViewDistanceScale:1.0]]
[2020.01.23-00.29.49:314][  0]LogConfig: Applying CVar settings from Section [AntiAliasingQuality@3] File [C:/Users/jsaem/Documents/GitHub/SavingPlanet/Jesus-Andres-PlanetX/SavingPlanet/Saved/Config/Windows/Scalability.ini]
[2020.01.23-00.29.49:314][  0]LogConfig: Setting CVar [[r.PostProcessAAQuality:4]]
[2020.01.23-00.29.49:314][  0]LogConfig: Applying CVar settings from Section [ShadowQuality@3] File [C:/Users/jsaem/Documents/GitHub/SavingPlanet/Jesus-Andres-PlanetX/SavingPlanet/Saved/Config/Windows/Scalability.ini]
[2020.01.23-00.29.49:314][  0]LogConfig: Setting CVar [[r.LightFunctionQuality:1]]
[2020.01.23-00.29.49:314][  0]LogConfig: Setting CVar [[r.ShadowQuality:5]]
[2020.01.23-00.29.49:314][  0]LogConfig: Setting CVar [[r.Shadow.CSM.MaxCascades:10]]
[2020.01.23-00.29.49:314][  0]LogConfig: Setting CVar [[r.Shadow.MaxResolution:2048]]
[2020.01.23-00.29.49:314][  0]LogConfig: Setting CVar [[r.Shadow.MaxCSMResolution:2048]]
[2020.01.23-00.29.49:314][  0]LogConfig: Setting CVar [[r.Shadow.RadiusThreshold:0.01]]
[2020.01.23-00.29.49:314][  0]LogConfig: Setting CVar [[r.Shadow.DistanceScale:1.0]]
[2020.01.23-00.29.49:314][  0]LogConfig: Setting CVar [[r.Shadow.CSM.TransitionScale:1.0]]
[2020.01.23-00.29.49:314][  0]LogConfig: Setting CVar [[r.Shadow.PreShadowResolutionFactor:1.0]]
[2020.01.23-00.29.49:314][  0]LogConfig: Setting CVar [[r.DistanceFieldShadowing:1]]
[2020.01.23-00.29.49:314][  0]LogConfig: Setting CVar [[r.DistanceFieldAO:1]]
[2020.01.23-00.29.49:314][  0]LogConfig: Setting CVar [[r.AOQuality:2]]
[2020.01.23-00.29.49:314][  0]LogConfig: Setting CVar [[r.VolumetricFog:1]]
[2020.01.23-00.29.49:314][  0]LogConfig: Setting CVar [[r.VolumetricFog.GridPixelSize:8]]
[2020.01.23-00.29.49:314][  0]LogConfig: Setting CVar [[r.VolumetricFog.GridSizeZ:128]]
[2020.01.23-00.29.49:314][  0]LogConfig: Setting CVar [[r.VolumetricFog.HistoryMissSupersampleCount:4]]
[2020.01.23-00.29.49:314][  0]LogConfig: Setting CVar [[r.LightMaxDrawDistanceScale:1]]
[2020.01.23-00.29.49:314][  0]LogConfig: Setting CVar [[r.CapsuleShadows:1]]
[2020.01.23-00.29.49:314][  0]LogConfig: Applying CVar settings from Section [PostProcessQuality@3] File [C:/Users/jsaem/Documents/GitHub/SavingPlanet/Jesus-Andres-PlanetX/SavingPlanet/Saved/Config/Windows/Scalability.ini]
[2020.01.23-00.29.49:314][  0]LogConfig: Setting CVar [[r.MotionBlurQuality:4]]
[2020.01.23-00.29.49:314][  0]LogConfig: Setting CVar [[r.AmbientOcclusionMipLevelFactor:0.4]]
[2020.01.23-00.29.49:314][  0]LogConfig: Setting CVar [[r.AmbientOcclusionMaxQuality:100]]
[2020.01.23-00.29.49:314][  0]LogConfig: Setting CVar [[r.AmbientOcclusionLevels:-1]]
[2020.01.23-00.29.49:314][  0]LogConfig: Setting CVar [[r.AmbientOcclusionRadiusScale:1.0]]
[2020.01.23-00.29.49:314][  0]LogConfig: Setting CVar [[r.DepthOfFieldQuality:2]]
[2020.01.23-00.29.49:314][  0]LogConfig: Setting CVar [[r.RenderTargetPoolMin:400]]
[2020.01.23-00.29.49:314][  0]LogConfig: Setting CVar [[r.LensFlareQuality:2]]
[2020.01.23-00.29.49:314][  0]LogConfig: Setting CVar [[r.SceneColorFringeQuality:1]]
[2020.01.23-00.29.49:314][  0]LogConfig: Setting CVar [[r.EyeAdaptationQuality:2]]
[2020.01.23-00.29.49:314][  0]LogConfig: Setting CVar [[r.BloomQuality:5]]
[2020.01.23-00.29.49:314][  0]LogConfig: Setting CVar [[r.FastBlurThreshold:100]]
[2020.01.23-00.29.49:314][  0]LogConfig: Setting CVar [[r.Upscale.Quality:3]]
[2020.01.23-00.29.49:314][  0]LogConfig: Setting CVar [[r.Tonemapper.GrainQuantization:1]]
[2020.01.23-00.29.49:314][  0]LogConfig: Setting CVar [[r.LightShaftQuality:1]]
[2020.01.23-00.29.49:314][  0]LogConfig: Setting CVar [[r.Filter.SizeScale:1]]
[2020.01.23-00.29.49:314][  0]LogConfig: Setting CVar [[r.Tonemapper.Quality:5]]
[2020.01.23-00.29.49:314][  0]LogConfig: Setting CVar [[r.DOF.Gather.AccumulatorQuality:1        ; higher gathering accumulator quality]]
[2020.01.23-00.29.49:314][  0]LogConfig: Setting CVar [[r.DOF.Gather.PostfilterMethod:1          ; Median3x3 postfilering method]]
[2020.01.23-00.29.49:314][  0]LogConfig: Setting CVar [[r.DOF.Gather.EnableBokehSettings:0       ; no bokeh simulation when gathering]]
[2020.01.23-00.29.49:314][  0]LogConfig: Setting CVar [[r.DOF.Gather.RingCount:4                 ; medium number of samples when gathering]]
[2020.01.23-00.29.49:314][  0]LogConfig: Setting CVar [[r.DOF.Scatter.ForegroundCompositing:1    ; additive foreground scattering]]
[2020.01.23-00.29.49:314][  0]LogConfig: Setting CVar [[r.DOF.Scatter.BackgroundCompositing:2    ; additive background scattering]]
[2020.01.23-00.29.49:314][  0]LogConfig: Setting CVar [[r.DOF.Scatter.EnableBokehSettings:1      ; bokeh simulation when scattering]]
[2020.01.23-00.29.49:314][  0]LogConfig: Setting CVar [[r.DOF.Scatter.MaxSpriteRatio:0.1         ; only a maximum of 10% of scattered bokeh]]
[2020.01.23-00.29.49:314][  0]LogConfig: Setting CVar [[r.DOF.Recombine.Quality:1                ; cheap slight out of focus]]
[2020.01.23-00.29.49:314][  0]LogConfig: Setting CVar [[r.DOF.Recombine.EnableBokehSettings:0    ; no bokeh simulation on slight out of focus]]
[2020.01.23-00.29.49:314][  0]LogConfig: Setting CVar [[r.DOF.TemporalAAQuality:1                ; more stable temporal accumulation]]
[2020.01.23-00.29.49:314][  0]LogConfig: Setting CVar [[r.DOF.Kernel.MaxForegroundRadius:0.025]]
[2020.01.23-00.29.49:314][  0]LogConfig: Setting CVar [[r.DOF.Kernel.MaxBackgroundRadius:0.025]]
[2020.01.23-00.29.49:314][  0]LogConfig: Applying CVar settings from Section [TextureQuality@3] File [C:/Users/jsaem/Documents/GitHub/SavingPlanet/Jesus-Andres-PlanetX/SavingPlanet/Saved/Config/Windows/Scalability.ini]
[2020.01.23-00.29.49:314][  0]LogConfig: Setting CVar [[r.Streaming.MipBias:0]]
[2020.01.23-00.29.49:314][  0]LogConfig: Setting CVar [[r.Streaming.AmortizeCPUToGPUCopy:0]]
[2020.01.23-00.29.49:314][  0]LogConfig: Setting CVar [[r.Streaming.MaxNumTexturesToStreamPerFrame:0]]
[2020.01.23-00.29.49:314][  0]LogConfig: Setting CVar [[r.Streaming.Boost:1]]
[2020.01.23-00.29.49:314][  0]LogConfig: Setting CVar [[r.MaxAnisotropy:8]]
[2020.01.23-00.29.49:314][  0]LogConfig: Setting CVar [[r.Streaming.LimitPoolSizeToVRAM:0]]
[2020.01.23-00.29.49:314][  0]LogConfig: Setting CVar [[r.Streaming.PoolSize:1000]]
[2020.01.23-00.29.49:315][  0]LogConfig: Setting CVar [[r.Streaming.MaxEffectiveScreenSize:0]]
[2020.01.23-00.29.49:315][  0]LogConfig: Applying CVar settings from Section [EffectsQuality@3] File [C:/Users/jsaem/Documents/GitHub/SavingPlanet/Jesus-Andres-PlanetX/SavingPlanet/Saved/Config/Windows/Scalability.ini]
[2020.01.23-00.29.49:315][  0]LogConfig: Setting CVar [[r.TranslucencyLightingVolumeDim:64]]
[2020.01.23-00.29.49:315][  0]LogConfig: Setting CVar [[r.RefractionQuality:2]]
[2020.01.23-00.29.49:315][  0]LogConfig: Setting CVar [[r.SSR.Quality:3]]
[2020.01.23-00.29.49:315][  0]LogConfig: Setting CVar [[r.SceneColorFormat:4]]
[2020.01.23-00.29.49:315][  0]LogConfig: Setting CVar [[r.DetailMode:2]]
[2020.01.23-00.29.49:315][  0]LogConfig: Setting CVar [[r.TranslucencyVolumeBlur:1]]
[2020.01.23-00.29.49:315][  0]LogConfig: Setting CVar [[r.MaterialQualityLevel:1 ; High quality]]
[2020.01.23-00.29.49:315][  0]LogConfig: Setting CVar [[r.SSS.Scale:1]]
[2020.01.23-00.29.49:315][  0]LogConfig: Setting CVar [[r.SSS.SampleSet:2]]
[2020.01.23-00.29.49:315][  0]LogConfig: Setting CVar [[r.SSS.Quality:1]]
[2020.01.23-00.29.49:315][  0]LogConfig: Setting CVar [[r.SSS.HalfRes:1]]
[2020.01.23-00.29.49:315][  0]LogConfig: Setting CVar [[r.EmitterSpawnRateScale:1.0]]
[2020.01.23-00.29.49:315][  0]LogConfig: Setting CVar [[r.ParticleLightQuality:2]]
[2020.01.23-00.29.49:315][  0]LogConfig: Applying CVar settings from Section [FoliageQuality@3] File [C:/Users/jsaem/Documents/GitHub/SavingPlanet/Jesus-Andres-PlanetX/SavingPlanet/Saved/Config/Windows/Scalability.ini]
[2020.01.23-00.29.49:315][  0]LogConfig: Setting CVar [[foliage.DensityScale:1.0]]
[2020.01.23-00.29.49:315][  0]LogConfig: Setting CVar [[grass.DensityScale:1.0]]
[2020.01.23-00.29.49:315][  0]LogConfig: Applying CVar settings from Section [Startup] File [../../../Engine/Config/ConsoleVariables.ini]
[2020.01.23-00.29.49:315][  0]LogConfig: Setting CVar [[net.UseAdaptiveNetUpdateFrequency:0]]
[2020.01.23-00.29.49:315][  0]LogConfig: Applying CVar settings from Section [ConsoleVariables] File [C:/Users/jsaem/Documents/GitHub/SavingPlanet/Jesus-Andres-PlanetX/SavingPlanet/Saved/Config/Windows/Engine.ini]
[2020.01.23-00.29.49:315][  0]LogInit: Computer: DESKTOP-F3SMPMM
[2020.01.23-00.29.49:315][  0]LogInit: User: jsaem
[2020.01.23-00.29.49:315][  0]LogInit: CPU Page size=4096, Cores=6
[2020.01.23-00.29.49:315][  0]LogInit: High frequency timer resolution =10.000000 MHz
[2020.01.23-00.29.49:316][  0]LogMemory: Memory total: Physical=15.8GB (16GB approx)
[2020.01.23-00.29.49:316][  0]LogMemory: Platform Memory Stats for Windows
[2020.01.23-00.29.49:316][  0]LogMemory: Process Physical Memory: 105.18 MB used, 105.19 MB peak
[2020.01.23-00.29.49:316][  0]LogMemory: Process Virtual Memory: 92.90 MB used, 92.90 MB peak
[2020.01.23-00.29.49:316][  0]LogMemory: Physical Memory: 8227.27 MB used,  7967.48 MB free, 16194.75 MB total
[2020.01.23-00.29.49:316][  0]LogMemory: Virtual Memory: 4668.73 MB used,  134213056.00 MB free, 134217728.00 MB total
[2020.01.23-00.29.49:331][  0]LogInit: Using OS detected language (en-US).
[2020.01.23-00.29.49:331][  0]LogInit: Using OS detected locale (en-CA).
[2020.01.23-00.29.49:331][  0]LogTextLocalizationManager: No specific localization for 'en-US' exists, so the 'en' localization will be used.
[2020.01.23-00.29.49:627][  0]LogStreaming: Display: Took  0.296s to InitEngineTextLocalization.
[2020.01.23-00.29.49:656][  0]LogSlate: New Slate User Created.  User Index 0, Is Virtual User: 0
[2020.01.23-00.29.49:656][  0]LogSlate: Slate User Registered.  User Index 0, Is Virtual User: 0
[2020.01.23-00.29.49:664][  0]LogHMD: Failed to initialize OpenVR with code 110
[2020.01.23-00.29.49:664][  0]LogD3D11RHI: D3D11 adapters:
[2020.01.23-00.29.49:715][  0]LogD3D11RHI:    0. 'NVIDIA GeForce GTX 1060 6GB' (Feature Level 11_0)
[2020.01.23-00.29.49:715][  0]LogD3D11RHI:       6052/0/8097 MB DedicatedVideo/DedicatedSystem/SharedSystem, Outputs:2, VendorId:0x10de
[2020.01.23-00.29.49:744][  0]LogD3D11RHI:    1. 'Intel(R) UHD Graphics 630' (Feature Level 11_0)
[2020.01.23-00.29.49:744][  0]LogD3D11RHI:       128/0/8097 MB DedicatedVideo/DedicatedSystem/SharedSystem, Outputs:0, VendorId:0x8086
[2020.01.23-00.29.49:746][  0]LogD3D11RHI:    2. 'Microsoft Basic Render Driver' (Feature Level 11_0)
[2020.01.23-00.29.49:746][  0]LogD3D11RHI:       0/0/8097 MB DedicatedVideo/DedicatedSystem/SharedSystem, Outputs:0, VendorId:0x1414
[2020.01.23-00.29.49:746][  0]LogD3D11RHI: Chosen D3D11 Adapter: 0
[2020.01.23-00.29.49:753][  0]LogD3D11RHI: Creating new Direct3DDevice
[2020.01.23-00.29.49:753][  0]LogD3D11RHI:     GPU DeviceId: 0x1c03 (for the marketing name, search the web for "GPU Device Id")
[2020.01.23-00.29.49:753][  0]LogWindows: EnumDisplayDevices:
[2020.01.23-00.29.49:753][  0]LogWindows:    0. 'NVIDIA GeForce GTX 1060 6GB' (P:1 D:1)
[2020.01.23-00.29.49:753][  0]LogWindows:    1. 'NVIDIA GeForce GTX 1060 6GB' (P:0 D:1)
[2020.01.23-00.29.49:754][  0]LogWindows:    2. 'NVIDIA GeForce GTX 1060 6GB' (P:0 D:0)
[2020.01.23-00.29.49:754][  0]LogWindows:    3. 'NVIDIA GeForce GTX 1060 6GB' (P:0 D:0)
[2020.01.23-00.29.49:754][  0]LogWindows:    4. 'Intel(R) UHD Graphics 630' (P:0 D:0)
[2020.01.23-00.29.49:755][  0]LogWindows:    5. 'Intel(R) UHD Graphics 630' (P:0 D:0)
[2020.01.23-00.29.49:755][  0]LogWindows:    6. 'Intel(R) UHD Graphics 630' (P:0 D:0)
[2020.01.23-00.29.49:755][  0]LogWindows: DebugString: PrimaryIsNotTheChoosenAdapter PrimaryIsNotTheChoosenAdapter PrimaryIsNotTheChoosenAdapter FoundDriverCount:4 
[2020.01.23-00.29.49:755][  0]LogD3D11RHI:     Adapter Name: NVIDIA GeForce GTX 1060 6GB
[2020.01.23-00.29.49:755][  0]LogD3D11RHI:   Driver Version: 441.12 (internal:26.21.14.4112, unified:441.12)
[2020.01.23-00.29.49:755][  0]LogD3D11RHI:      Driver Date: 10-24-2019
[2020.01.23-00.29.49:755][  0]LogRHI: Texture pool is 4236 MB (70% of 6052 MB)
[2020.01.23-00.29.49:793][  0]LogD3D11RHI: Async texture creation enabled
[2020.01.23-00.29.49:846][  0]LogD3D11RHI: GPU Timing Frequency: 1000.000000 (Debug: 2 1)
[2020.01.23-00.29.50:074][  0]LogTemp: Display: Loaded TP WindowsClientTargetPlatform
[2020.01.23-00.29.50:084][  0]LogTemp: Display: Loaded TP WindowsNoEditorTargetPlatform
[2020.01.23-00.29.50:094][  0]LogTemp: Display: Loaded TP WindowsServerTargetPlatform
[2020.01.23-00.29.50:104][  0]LogTemp: Display: Loaded TP WindowsTargetPlatform
[2020.01.23-00.29.50:104][  0]LogTargetPlatformManager: Display: Building Assets For Windows
[2020.01.23-00.29.50:143][  0]LogShaderCompilers: Guid format shader working directory is -48 characters bigger than the processId version (../../../../../../Users/jsaem/Documents/GitHub/SavingPlanet/Jesus-Andres-PlanetX/SavingPlanet/Intermediate/Shaders/WorkingDirectory/12976/).
[2020.01.23-00.29.50:143][  0]LogShaderCompilers: Cleaned the shader compiler working directory 'C:/Users/jsaem/AppData/Local/Temp/UnrealShaderWorkingDir/9A44316646A2691FC47CED867B165F18/'.
[2020.01.23-00.29.50:145][  0]LogXGEController: Cannot use XGE Controller as Incredibuild is not installed on this machine.
[2020.01.23-00.29.50:145][  0]LogShaderCompilers: Cannot use XGE Shader Compiler as Incredibuild is not installed on this machine.
[2020.01.23-00.29.50:145][  0]LogShaderCompilers: Display: Using Local Shader Compiler.
[2020.01.23-00.29.50:481][  0]LogDerivedDataCache: Display: Max Cache Size: 512 MB
[2020.01.23-00.29.50:518][  0]LogDerivedDataCache: Loaded boot cache 0.04s 71MB C:/Users/jsaem/AppData/Local/UnrealEngine/4.21/DerivedDataCache/Boot.ddc.
[2020.01.23-00.29.50:518][  0]LogDerivedDataCache: Display: Loaded Boot cache: C:/Users/jsaem/AppData/Local/UnrealEngine/4.21/DerivedDataCache/Boot.ddc
[2020.01.23-00.29.50:518][  0]LogDerivedDataCache: FDerivedDataBackendGraph:  Pak pak cache file ../../../../../../Users/jsaem/Documents/GitHub/SavingPlanet/Jesus-Andres-PlanetX/SavingPlanet/DerivedDataCache/DDC.ddp not found, will not use a pak cache.
[2020.01.23-00.29.50:518][  0]LogDerivedDataCache: Unable to find inner node Pak for hierarchical cache Hierarchy.
[2020.01.23-00.29.50:518][  0]LogDerivedDataCache: FDerivedDataBackendGraph:  CompressedPak pak cache file ../../../../../../Users/jsaem/Documents/GitHub/SavingPlanet/Jesus-Andres-PlanetX/SavingPlanet/DerivedDataCache/Compressed.ddp not found, will not use a pak cache.
[2020.01.23-00.29.50:518][  0]LogDerivedDataCache: Unable to find inner node CompressedPak for hierarchical cache Hierarchy.
[2020.01.23-00.29.50:530][  0]LogDerivedDataCache: Display: Pak cache opened for reading ../../../Engine/DerivedDataCache/Compressed.ddp.
[2020.01.23-00.29.50:531][  0]LogDerivedDataCache: FDerivedDataBackendGraph:  EnterprisePak pak cache file ../../../Enterprise/DerivedDataCache/Compressed.ddp not found, will not use a pak cache.
[2020.01.23-00.29.50:531][  0]LogDerivedDataCache: Unable to find inner node EnterprisePak for hierarchical cache Hierarchy.
[2020.01.23-00.29.50:559][  0]LogDerivedDataCache: Using Local data cache path C:/Users/jsaem/AppData/Local/UnrealEngine/Common/DerivedDataCache: Writable
[2020.01.23-00.29.50:559][  0]LogDerivedDataCache: Shared data cache path not found in *engine.ini, will not use an Shared cache.
[2020.01.23-00.29.50:559][  0]LogDerivedDataCache: Unable to find inner node Shared for hierarchical cache Hierarchy.
[2020.01.23-00.29.50:869][  0]LogMaterial: Verifying Global Shaders for PCD3D_ES2
[2020.01.23-00.29.50:896][  0]LogSlate: Using FreeType 2.6.0
[2020.01.23-00.29.50:896][  0]LogSlate: SlateFontServices - WITH_FREETYPE: 1, WITH_HARFBUZZ: 1
[2020.01.23-00.29.50:959][  0]LogInit: Using OS detected language (en-US).
[2020.01.23-00.29.50:959][  0]LogInit: Using OS detected locale (en-CA).
[2020.01.23-00.29.50:959][  0]LogTextLocalizationManager: No localization for 'en-US' exists, so 'en' will be used for the language.
[2020.01.23-00.29.50:959][  0]LogTextLocalizationManager: No localization for 'en-CA' exists, so 'en' will be used for the locale.
[2020.01.23-00.29.50:959][  0]LogSlate: FontCache flush requested. Reason: Culture for localization was changed
[2020.01.23-00.29.50:959][  0]LogSlate: FontCache flush requested. Reason: Culture for localization was changed
[2020.01.23-00.29.51:273][  0]LogStreaming: Display: Took  0.314s to InitGameTextLocalization.
[2020.01.23-00.29.51:278][  0]LogAssetRegistry: FAssetRegistry took 0.0030 seconds to start up
[2020.01.23-00.29.51:436][  0]LogPackageLocalizationCache: Processed 11 localized package path(s) for 1 prioritized culture(s) in 0.008018 seconds
[2020.01.23-00.29.51:519][  0]LogInit: Selected Device Profile: [Windows]
[2020.01.23-00.29.51:565][  0]LogSimplygon: Simplygon DLL not present - disabling.
[2020.01.23-00.29.51:568][  0]LogMeshReduction: Using SimplygonSwarm for distributed automatic mesh merging
[2020.01.23-00.29.51:568][  0]LogMeshReduction: Using ProxyLODMeshReduction for automatic mesh merging
[2020.01.23-00.29.51:568][  0]LogMeshReduction: Using QuadricMeshReduction for automatic static mesh reduction
[2020.01.23-00.29.51:568][  0]LogMeshReduction: No automatic skeletal mesh reduction module available
[2020.01.23-00.29.51:727][  0]LogNetVersion: SavingPlanet 1.0.0, NetCL: 4541578, EngineNetVer: 5, GameNetVer: 0 (Checksum: 3531598119)
[2020.01.23-00.29.52:486][  0]LogMoviePlayer: Initializing movie player
[2020.01.23-00.29.52:596][  0]LogTcpMessaging: Initializing TcpMessaging bridge
[2020.01.23-00.29.52:608][  0]LogUdpMessaging: Initializing bridge on interface 0.0.0.0:0 to multicast group 230.0.0.1:6666.
[2020.01.23-00.29.52:710][  0]SourceControl: Source control is disabled
[2020.01.23-00.29.52:710][  0]SourceControl: Source control is disabled
[2020.01.23-00.29.52:710][  0]SourceControl: Source control is disabled
[2020.01.23-00.29.52:824][  0]LogAndroidPermission: UAndroidPermissionCallbackProxy::GetInstance
[2020.01.23-00.29.52:956][  0]LogOcInput: OculusInput pre-init called
[2020.01.23-00.29.52:962][  0]LogUObjectArray: 43226 objects as part of root set at end of initial load.
[2020.01.23-00.29.52:962][  0]LogUObjectAllocator: 7590216 out of 0 bytes used by permanent object pool.
[2020.01.23-00.29.52:962][  0]LogUObjectArray: CloseDisregardForGC: 0/0 objects in disregard for GC pool
[2020.01.23-00.29.53:111][  0]LogEngine: Initializing Engine...
[2020.01.23-00.29.53:112][  0]LogHMD: Failed to initialize OpenVR with code 110
[2020.01.23-00.29.53:124][  0]LogStats: UGameplayTagsManager::ConstructGameplayTagTree: ImportINI prefixes -  0.000 s
[2020.01.23-00.29.53:124][  0]LogStats: UGameplayTagsManager::ConstructGameplayTagTree: Construct from data asset -  0.000 s
[2020.01.23-00.29.53:124][  0]LogStats: UGameplayTagsManager::ConstructGameplayTagTree: ImportINI -  0.000 s
[2020.01.23-00.29.53:124][  0]LogStats: UGameplayTagsManager::ConstructGameplayTagTree: GameplayTagTreeChangedEvent.Broadcast -  0.000 s
[2020.01.23-00.29.53:557][  0]LogInit: Initializing FReadOnlyCVARCache
[2020.01.23-00.29.53:587][  0]LogInit: XAudio2 using 'LG TV (NVIDIA High Definition Audio)' : 2 channels at 48 kHz using 16 bits per sample (channel mask 0x3)
[2020.01.23-00.29.53:600][  0]LogInit: FAudioDevice initialized.
[2020.01.23-00.29.53:612][  0]LogNetVersion: Set ProjectVersion to 1.0.0.0. Version Checksum will be recalculated on next use.
[2020.01.23-00.29.53:616][  0]LogInit: Texture streaming: Enabled
[2020.01.23-00.29.54:019][  0]LogSlate: Updating window title bar state: overlay mode, drag disabled, window buttons hidden, title bar hidden
[2020.01.23-00.29.54:019][  0]LogInit: Display: Game Engine Initialized.
[2020.01.23-00.29.54:019][  0]LogGameplayTags: Display: UGameplayTagsManager::DoneAddingNativeTags. DelegateIsBound: 0
[2020.01.23-00.29.54:020][  0]LogStats: UGameplayTagsManager::ConstructGameplayTagTree: ImportINI prefixes -  0.000 s
[2020.01.23-00.29.54:020][  0]LogStats: UGameplayTagsManager::ConstructGameplayTagTree: Construct from data asset -  0.000 s
[2020.01.23-00.29.54:020][  0]LogStats: UGameplayTagsManager::ConstructGameplayTagTree: ImportINI -  0.000 s
[2020.01.23-00.29.54:020][  0]LogStats: UGameplayTagsManager::ConstructGameplayTagTree: GameplayTagTreeChangedEvent.Broadcast -  0.000 s
[2020.01.23-00.29.54:030][  0]LogInit: Display: Starting Game.
[2020.01.23-00.29.54:030][  0]LogNet: Browse: /Game/ThirdPersonBP/Maps/Level01?Name=Player
[2020.01.23-00.29.54:030][  0]LogLoad: LoadMap: /Game/ThirdPersonBP/Maps/Level01?Name=Player
[2020.01.23-00.29.54:419][  0]LogLinker: Warning: Can't find file '/Game/ThirdPersonBP/Blueprints/Projectiles/None'
[2020.01.23-00.29.54:419][  0]LoadErrors: Failed to load /Game/ThirdPersonBP/Blueprints/Projectiles/None.Material_0 Referenced by DoubleshotPowerup
[2020.01.23-00.29.54:419][  0]LogUObjectGlobals: Warning: Failed to load '/Game/ThirdPersonBP/Blueprints/Projectiles/None': Can't find file '/Game/ThirdPersonBP/Blueprints/Projectiles/None'
[2020.01.23-00.29.54:419][  0]LogLinker: Warning: Can't find file for asset '/Game/ThirdPersonBP/Blueprints/Projectiles/None' while loading NULL.
[2020.01.23-00.29.54:419][  0]LoadErrors: Failed to load /Game/ThirdPersonBP/Blueprints/Projectiles/None.Material_0 Referenced by DoubleshotPowerup
[2020.01.23-00.29.54:419][  0]LogUObjectGlobals: Warning: Failed to load '/Game/ThirdPersonBP/Blueprints/Projectiles/None': Can't find file for asset '/Game/ThirdPersonBP/Blueprints/Projectiles/None' while loading NULL.
[2020.01.23-00.29.54:419][  0]LogLinker: Warning: Can't find file '/Game/ThirdPersonBP/Blueprints/Projectiles/None'
[2020.01.23-00.29.54:419][  0]LoadErrors: Failed to load /Game/ThirdPersonBP/Blueprints/Projectiles/None.Material_0 Referenced by DoubleshotPowerup
[2020.01.23-00.29.54:419][  0]LogUObjectGlobals: Warning: Failed to load '/Game/ThirdPersonBP/Blueprints/Projectiles/None': Can't find file '/Game/ThirdPersonBP/Blueprints/Projectiles/None'
[2020.01.23-00.29.54:419][  0]LogLinker: Warning: Can't find file for asset '/Game/ThirdPersonBP/Blueprints/Projectiles/None' while loading NULL.
[2020.01.23-00.29.54:419][  0]LoadErrors: Failed to load /Game/ThirdPersonBP/Blueprints/Projectiles/None.Material_0 Referenced by DoubleshotPowerup
[2020.01.23-00.29.54:419][  0]LogUObjectGlobals: Warning: Failed to load '/Game/ThirdPersonBP/Blueprints/Projectiles/None': Can't find file for asset '/Game/ThirdPersonBP/Blueprints/Projectiles/None' while loading NULL.
[2020.01.23-00.29.54:668][  0]LogMaterial: Display: Missing cached shader map for material M_UmgRectBar, compiling. 
[2020.01.23-00.29.54:863][  0]LogShaderCompilers: Display: Shaders left to compile 16
[2020.01.23-00.29.54:863][  0]LogShaderCompilers: Display: Shaders left to compile 6
[2020.01.23-00.29.54:863][  0]LogMaterial: Display: Missing cached shader map for material Base, compiling. 
[2020.01.23-00.29.54:907][  0]LogShaderCompilers: Display: Shaders left to compile 35
[2020.01.23-00.29.54:907][  0]LogShaderCompilers: Display: Shaders left to compile 25
[2020.01.23-00.29.54:907][  0]LogShaderCompilers: Display: Shaders left to compile 15
[2020.01.23-00.29.54:907][  0]LogShaderCompilers: Display: Shaders left to compile 5
[2020.01.23-00.29.54:907][  0]LogMaterial: Display: Missing cached shader map for material black, compiling. 
[2020.01.23-00.29.54:922][  0]LogMaterial: Display: Missing cached shader map for material black_001, compiling. 
[2020.01.23-00.29.54:974][  0]LogShaderCompilers: Display: Shaders left to compile 70
[2020.01.23-00.29.54:974][  0]LogShaderCompilers: Display: Shaders left to compile 60
[2020.01.23-00.29.54:974][  0]LogShaderCompilers: Display: Shaders left to compile 50
[2020.01.23-00.29.55:157][  0]LogMaterial: Display: Missing cached shader map for material Material_001, compiling. 
[2020.01.23-00.29.55:182][  0]LogMaterial: Display: Missing cached shader map for material wings, compiling. 
[2020.01.23-00.29.55:387][  0]LogBlueprint: Warning: USimpleConstructionScript::FixupRootNodeParentReferences() - Couldn't find native parent component 'Arrow' for 'Arrow1' in BlueprintGeneratedClass 'Enemy2_C' (it may have been removed)
[2020.01.23-00.29.55:508][  0]LogMaterial: Display: Missing cached shader map for material M_UmgRectBar, compiling. 
[2020.01.23-00.29.55:523][  0]LogMaterial: Display: Missing cached shader map for material Shield_M, compiling. 
[2020.01.23-00.29.55:552][  0]LogAIModule: Creating AISystem for world Level01
[2020.01.23-00.29.55:552][  0]LogLoad: Game class is 'ThirdPersonGameMode_C'
[2020.01.23-00.29.55:563][  0]LogWorld: Bringing World /Game/ThirdPersonBP/Maps/Level01.Level01 up for play (max tick rate 0) at 2020.01.22-16.29.55
[2020.01.23-00.29.55:564][  0]LogWorld: Bringing up level for play took: 0.011406
[2020.01.23-00.29.55:565][  0]LogGameMode: FindPlayerStart: PATHS NOT DEFINED or NO PLAYERSTART with positive rating
[2020.01.23-00.29.55:594][  0]LogLoad: Took 1.564010 seconds to LoadMap(/Game/ThirdPersonBP/Maps/Level01)
[2020.01.23-00.29.55:663][  0]LogRenderer: Reallocating scene render targets to support 1280x720 Format 10 NumSamples 1 (Frame:1).
[2020.01.23-00.29.55:663][  0]LogLoad: (Engine Initialization) Total time: 7.85 seconds
[2020.01.23-00.29.55:663][  0]LogLoad: (Engine Initialization) Total Blueprint compile time: 0.00 seconds
[2020.01.23-00.29.55:684][  0]LogContentStreaming: Texture pool size now 1000 MB
[2020.01.23-00.29.55:719][  0]LogShaderCompilers: Display: Shaders left to compile 136
[2020.01.23-00.29.56:265][ 33]LogShaderCompilers: Display: Shaders left to compile 126
[2020.01.23-00.29.56:481][ 46]LogShaderCompilers: Display: Shaders left to compile 116
[2020.01.23-00.29.57:393][103]LogShaderCompilers: Display: Shaders left to compile 106
[2020.01.23-00.29.57:458][107]LogShaderCompilers: Display: Shaders left to compile 96
[2020.01.23-00.29.57:507][110]LogShaderCompilers: Display: Shaders left to compile 86
[2020.01.23-00.29.57:975][139]LogShaderCompilers: Display: Shaders left to compile 76
[2020.01.23-00.29.58:012][141]LogShaderCompilers: Display: Shaders left to compile 66
[2020.01.23-00.29.58:028][142]LogShaderCompilers: Display: Shaders left to compile 56
[2020.01.23-00.29.58:604][178]LogShaderCompilers: Display: Shaders left to compile 46
[2020.01.23-00.29.58:847][193]LogShaderCompilers: Display: Shaders left to compile 36
[2020.01.23-00.29.59:336][223]LogShaderCompilers: Display: Shaders left to compile 26
[2020.01.23-00.29.59:493][232]LogBlueprintUserMessages: [Enemy2_C_0] You have damaged me good sir
[2020.01.23-00.29.59:608][240]LogShaderCompilers: Display: Shaders left to compile 16
[2020.01.23-00.29.59:995][264]LogShaderCompilers: Display: Shaders left to compile 6
[2020.01.23-00.30.00:832][315]LogBlueprintUserMessages: [Enemy1_C_1] You have damaged me good sir
[2020.01.23-00.30.02:945][446]LogBlueprintUserMessages: [Enemy1_C_3] You have damaged me good sir
[2020.01.23-00.30.03:509][481]LogBlueprintUserMessages: [Enemy2_C_1] You have damaged me good sir
[2020.01.23-00.30.04:412][537]LogBlueprintUserMessages: [Enemy1_C_2] You have damaged me good sir
[2020.01.23-00.30.12:848][ 60]LogCharacterMovement: Enemy2_C_3 is stuck and failed to move! Velocity: X=112.75 Y=-203.55 Z=0.00 Location: X=604.40 Y=715.08 Z=108.16 Normal: X=-0.25 Y=0.97 Z=-0.01 PenetrationDepth:1.499 Actor:Enemy2_C_4 Component:CollisionCylinder BoneName:None (0 other events since notify)
[2020.01.23-00.30.12:945][ 66]LogCharacterMovement: Enemy2_C_4 is stuck and failed to move! Velocity: X=-1.44 Y=33.00 Z=0.00 Location: X=654.38 Y=596.96 Z=108.13 Normal: X=0.67 Y=0.62 Z=0.40 PenetrationDepth:9.517 Actor:BlockingVolume_1 Component:BrushComponent0 BoneName:None (0 other events since notify)
[2020.01.23-00.30.13:785][118]LogCharacterMovement: Enemy1_C_5 is stuck and failed to move! Velocity: X=27.56 Y=-18.21 Z=0.00 Location: X=528.79 Y=712.47 Z=108.09 Normal: X=-0.93 Y=-0.38 Z=0.00 PenetrationDepth:1.688 Actor:Enemy2_C_3 Component:CollisionCylinder BoneName:None (0 other events since notify)
[2020.01.23-00.30.14:784][180]LogCharacterMovement: Enemy1_C_5 is stuck and failed to move! Velocity: X=82.68 Y=-54.64 Z=0.00 Location: X=528.79 Y=712.47 Z=108.09 Normal: X=-0.93 Y=-0.38 Z=0.00 PenetrationDepth:1.513 Actor:Enemy2_C_3 Component:CollisionCylinder BoneName:None (51 other events since notify)
[2020.01.23-00.30.15:785][242]LogCharacterMovement: Enemy1_C_5 is stuck and failed to move! Velocity: X=27.57 Y=-18.20 Z=0.00 Location: X=529.28 Y=712.07 Z=108.09 Normal: X=-0.93 Y=-0.37 Z=0.00 PenetrationDepth:0.016 Actor:Enemy2_C_3 Component:CollisionCylinder BoneName:None (48 other events since notify)
[2020.01.23-00.30.16:332][276]LogCharacterMovement: Enemy2_C_4 is stuck and failed to move! Velocity: X=109.79 Y=39.10 Z=0.00 Location: X=665.04 Y=591.66 Z=108.14 Normal: X=0.67 Y=0.62 Z=0.40 PenetrationDepth:3.774 Actor:BlockingVolume_1 Component:BrushComponent0 BoneName:None (5 other events since notify)
[2020.01.23-00.30.16:349][277]LogCharacterMovement: Enemy2_C_3 is stuck and failed to move! Velocity: X=17.17 Y=-28.22 Z=0.00 Location: X=621.04 Y=714.35 Z=107.94 Normal: X=0.96 Y=0.28 Z=0.00 PenetrationDepth:1.668 Actor:Enemy1_C_5 Component:CollisionCylinder BoneName:None (0 other events since notify)
[2020.01.23-00.30.18:156][389]LogCharacterMovement: Enemy2_C_4 is stuck and failed to move! Velocity: X=192.84 Y=-169.47 Z=0.00 Location: X=835.40 Y=369.09 Z=108.17 Normal: X=0.23 Y=0.97 Z=0.00 PenetrationDepth:1.360 Actor:Enemy1_C_4 Component:CollisionCylinder BoneName:None (4 other events since notify)
[2020.01.23-00.30.18:188][391]LogCharacterMovement: Enemy2_C_3 is stuck and failed to move! Velocity: X=88.16 Y=-188.45 Z=0.00 Location: X=815.49 Y=459.99 Z=108.42 Normal: X=-0.17 Y=0.96 Z=0.23 PenetrationDepth:4.027 Actor:Enemy2_C_4 Component:CollisionCylinder BoneName:None (5 other events since notify)
[2020.01.23-00.30.19:462][470]LogCharacterMovement: Enemy2_C_3 is stuck and failed to move! Velocity: X=125.35 Y=-285.59 Z=0.00 Location: X=848.42 Y=361.12 Z=108.17 Normal: X=0.27 Y=0.96 Z=0.00 PenetrationDepth:3.379 Actor:Enemy1_C_4 Component:CollisionCylinder BoneName:None (29 other events since notify)
[2020.01.23-00.30.19:770][489]LogBlueprintUserMessages: [Enemy2_C_2] You have damaged me good sir
[2020.01.23-00.30.19:849][494]LogCharacterMovement: Enemy2_C_7 is stuck and failed to move! Velocity: X=143.15 Y=-181.07 Z=0.00 Location: X=840.03 Y=361.50 Z=108.29 Normal: X=0.15 Y=0.99 Z=0.00 PenetrationDepth:0.866 Actor:Enemy1_C_4 Component:CollisionCylinder BoneName:None (0 other events since notify)
[2020.01.23-00.30.19:881][496]LogCharacterMovement: Enemy2_C_6 is stuck and failed to move! Velocity: X=29.40 Y=-143.06 Z=0.00 Location: X=820.20 Y=444.43 Z=108.13 Normal: X=-0.21 Y=0.97 Z=0.14 PenetrationDepth:0.528 Actor:Enemy2_C_7 Component:CollisionCylinder BoneName:None (0 other events since notify)
[2020.01.23-00.30.20:012][504]LogBlueprintUserMessages: [Enemy1_C_11] You have damaged me good sir
[2020.01.23-00.30.20:738][549]LogBlueprintUserMessages: [Enemy2_C_4] You have damaged me good sir
[2020.01.23-00.30.20:850][556]LogCharacterMovement: Enemy2_C_7 is stuck and failed to move! Velocity: X=86.99 Y=-593.66 Z=0.00 Location: X=840.03 Y=361.50 Z=108.29 Normal: X=0.11 Y=0.99 Z=0.00 PenetrationDepth:7.245 Actor:Enemy1_C_4 Component:CollisionCylinder BoneName:None (61 other events since notify)
[2020.01.23-00.30.20:881][558]LogCharacterMovement: Enemy2_C_6 is stuck and failed to move! Velocity: X=70.39 Y=-322.85 Z=0.00 Location: X=820.20 Y=444.43 Z=108.13 Normal: X=0.93 Y=-0.36 Z=0.00 PenetrationDepth:0.121 Actor:Enemy1_C_5 Component:CollisionCylinder BoneName:None (41 other events since notify)
[2020.01.23-00.30.20:931][561]LogBlueprintUserMessages: [Enemy2_C_3] You have damaged me good sir
[2020.01.23-00.30.21:624][604]LogBlueprintUserMessages: [Enemy1_C_8] You have damaged me good sir
[2020.01.23-00.30.21:786][614]LogBlueprintUserMessages: [Enemy1_C_4] You have damaged me good sir
[2020.01.23-00.30.21:834][617]LogBlueprintUserMessages: [Enemy2_C_7] You have damaged me good sir
[2020.01.23-00.30.21:915][622]LogBlueprintUserMessages: [Enemy2_C_6] You have damaged me good sir
[2020.01.23-00.30.22:092][633]LogBlueprintUserMessages: [Enemy1_C_5] You have damaged me good sir
[2020.01.23-00.30.22:124][635]LogBlueprintUserMessages: [Enemy1_C_9] You have damaged me good sir
[2020.01.23-00.30.22:962][687]LogBlueprintUserMessages: [Enemy2_C_10] You have damaged me good sir
[2020.01.23-00.30.23:640][729]LogBlueprintUserMessages: [Enemy2_C_8] You have damaged me good sir
[2020.01.23-00.30.23:818][740]LogBlueprintUserMessages: [Enemy2_C_5] You have damaged me good sir
[2020.01.23-00.30.23:866][743]LogBlueprintUserMessages: [Enemy2_C_9] You have damaged me good sir
[2020.01.23-00.30.24:043][754]LogBlueprintUserMessages: [Enemy1_C_10] You have damaged me good sir
[2020.01.23-00.30.26:011][876]LogBlueprintUserMessages: [Enemy2_C_12] You have damaged me good sir
[2020.01.23-00.30.30:979][184]LogBlueprintUserMessages: [Enemy1_C_13] You have damaged me good sir
[2020.01.23-00.30.32:027][249]LogBlueprintUserMessages: [Enemy2_C_11] You have damaged me good sir
[2020.01.23-00.30.32:060][251]LogBlueprintUserMessages: [Enemy2_C_13] You have damaged me good sir
[2020.01.23-00.30.32:108][254]LogBlueprintUserMessages: [Enemy2_C_15] You have damaged me good sir
[2020.01.23-00.30.38:028][621]LogSlate: FSceneViewport::OnFocusLost() reason 0
[2020.01.23-00.30.38:783][660]LogPackageName: SearchForPackageOnDisk took   0.110s to resolve MainMenu.umap.
[2020.01.23-00.30.38:880][660]LogPackageName: SearchForPackageOnDisk took   0.097s to resolve MainMenu.umap.
[2020.01.23-00.30.38:880][660]LogNet: Browse: /Game/ThirdPersonBP/Maps/MainMenu
[2020.01.23-00.30.38:880][660]LogLoad: LoadMap: /Game/ThirdPersonBP/Maps/MainMenu
[2020.01.23-00.30.38:964][660]LogAIModule: Creating AISystem for world MainMenu
[2020.01.23-00.30.38:964][660]LogLoad: Game class is 'MainMenuGamemode_C'
[2020.01.23-00.30.38:965][660]LogWorld: Bringing World /Game/ThirdPersonBP/Maps/MainMenu.MainMenu up for play (max tick rate 0) at 2020.01.22-16.30.38
[2020.01.23-00.30.38:965][660]LogWorld: Bringing up level for play took: 0.000296
[2020.01.23-00.30.38:965][660]LogGameMode: FindPlayerStart: PATHS NOT DEFINED or NO PLAYERSTART with positive rating
[2020.01.23-00.30.38:969][660]LogGameMode: Display: Match State Changed from EnteringMap to WaitingToStart
[2020.01.23-00.30.38:969][660]LogGameState: Match State Changed from EnteringMap to WaitingToStart
[2020.01.23-00.30.38:969][660]LogGameMode: Display: Match State Changed from WaitingToStart to InProgress
[2020.01.23-00.30.38:970][660]LogGameState: Match State Changed from WaitingToStart to InProgress
[2020.01.23-00.30.38:970][660]LogLoad: Took 0.089283 seconds to LoadMap(/Game/ThirdPersonBP/Maps/MainMenu)
[2020.01.23-00.30.40:230][739]Closing by request
[2020.01.23-00.30.40:230][739]LogWindows: FPlatformMisc::RequestExit(0)
[2020.01.23-00.30.41:173][740]LogSlate: Window 'SavingPlanet (64-bit Development PCD3D_ES2) ' being destroyed
[2020.01.23-00.30.41:174][740]LogWindowsTextInputMethodSystem: Display: IME system now deactivated.
[2020.01.23-00.30.41:179][740]LogWindowsTextInputMethodSystem: Display: IME system now deactivated.
[2020.01.23-00.30.41:190][740]LogExit: Preparing to exit.
[2020.01.23-00.30.41:190][740]LogMoviePlayer: Shutting down movie player
[2020.01.23-00.30.41:717][740]LogSlate: Updating window title bar state: overlay mode, drag disabled, window buttons hidden, title bar hidden
[2020.01.23-00.30.41:724][740]LogExit: Game engine shut down
[2020.01.23-00.30.41:999][740]LogExit: Object subsystem successfully closed.
[2020.01.23-00.30.42:094][740]LogShaderCompilers: Display: Shaders left to compile 0
[2020.01.23-00.30.42:118][740]LogD3D11RHI: Shutdown
[2020.01.23-00.30.42:119][740]LogD3D11RHI: CleanupD3DDevice
[2020.01.23-00.30.42:134][740]LogD3D11RHI: ~FD3D11DynamicRHI
[2020.01.23-00.30.42:344][740]LogModuleManager: Shutting down and abandoning module SequenceRecorderSections (382)
[2020.01.23-00.30.42:344][740]LogModuleManager: Shutting down and abandoning module SequenceRecorder (380)
[2020.01.23-00.30.42:345][740]LogModuleManager: Shutting down and abandoning module AutomationController (378)
[2020.01.23-00.30.42:345][740]LogModuleManager: Shutting down and abandoning module AutomationWorker (376)
[2020.01.23-00.30.42:345][740]LogModuleManager: Shutting down and abandoning module Voice (374)
[2020.01.23-00.30.42:345][740]LogModuleManager: Shutting down and abandoning module AIModule (372)
[2020.01.23-00.30.42:345][740]LogModuleManager: Shutting down and abandoning module GameplayDebugger (371)
[2020.01.23-00.30.42:345][740]LogModuleManager: Shutting down and abandoning module AITestSuite (369)
[2020.01.23-00.30.42:346][740]LogModuleManager: Shutting down and abandoning module NavigationSystem (367)
[2020.01.23-00.30.42:346][740]LogModuleManager: Shutting down and abandoning module WmfMediaFactory (364)
[2020.01.23-00.30.42:346][740]LogModuleManager: Shutting down and abandoning module WebMMediaFactory (362)
[2020.01.23-00.30.42:346][740]LogModuleManager: Shutting down and abandoning module WebMMedia (360)
[2020.01.23-00.30.42:356][740]LogModuleManager: Shutting down and abandoning module OpenExrWrapper (358)
[2020.01.23-00.30.42:356][740]LogModuleManager: Shutting down and abandoning module ImgMediaFactory (356)
[2020.01.23-00.30.42:356][740]LogModuleManager: Shutting down and abandoning module AvfMediaFactory (354)
[2020.01.23-00.30.42:356][740]LogModuleManager: Shutting down and abandoning module MagicLeapCameraPreviewFactory (352)
[2020.01.23-00.30.42:356][740]LogModuleManager: Shutting down and abandoning module MagicLeapMediaFactory (350)
[2020.01.23-00.30.42:356][740]LogModuleManager: Shutting down and abandoning module CharacterAI (348)
[2020.01.23-00.30.42:356][740]LogModuleManager: Shutting down and abandoning module SessionServices (346)
[2020.01.23-00.30.42:356][740]LogModuleManager: Shutting down and abandoning module MovieSceneCapture (344)
[2020.01.23-00.30.42:356][740]LogModuleManager: Shutting down and abandoning module MovieSceneTracks (342)
[2020.01.23-00.30.42:356][740]LogModuleManager: Shutting down and abandoning module MovieScene (340)
[2020.01.23-00.30.42:356][740]LogModuleManager: Shutting down and abandoning module StreamingPauseRendering (338)
[2020.01.23-00.30.42:356][740]LogModuleManager: Shutting down and abandoning module PortalServices (336)
[2020.01.23-00.30.42:356][740]LogModuleManager: Shutting down and abandoning module PortalRpc (334)
[2020.01.23-00.30.42:356][740]LogModuleManager: Shutting down and abandoning module MessagingRpc (332)
[2020.01.23-00.30.42:356][740]LogModuleManager: Shutting down and abandoning module ImageWriteQueue (330)
[2020.01.23-00.30.42:358][740]LogModuleManager: Shutting down and abandoning module ProfilerService (328)
[2020.01.23-00.30.42:571][740]LogModuleManager: Shutting down and abandoning module TaskGraph (326)
[2020.01.23-00.30.42:588][740]LogModuleManager: Shutting down and abandoning module SteamVRController (324)
[2020.01.23-00.30.42:588][740]LogModuleManager: Shutting down and abandoning module ProceduralMeshComponent (322)
[2020.01.23-00.30.42:588][740]LogModuleManager: Shutting down and abandoning module OculusInput (320)
[2020.01.23-00.30.42:588][740]LogModuleManager: Shutting down and abandoning module MobilePatchingUtils (318)
[2020.01.23-00.30.42:588][740]LogModuleManager: Shutting down and abandoning module EditableMesh (316)
[2020.01.23-00.30.42:589][740]LogModuleManager: Shutting down and abandoning module CustomMeshComponent (314)
[2020.01.23-00.30.42:589][740]LogModuleManager: Shutting down and abandoning module CableComponent (312)
[2020.01.23-00.30.42:589][740]LogModuleManager: Shutting down and abandoning module AudioCapture (310)
[2020.01.23-00.30.42:589][740]LogModuleManager: Shutting down and abandoning module ArchVisCharacter (308)
[2020.01.23-00.30.42:589][740]LogModuleManager: Shutting down and abandoning module AndroidPermission (306)
[2020.01.23-00.30.42:589][740]LogModuleManager: Shutting down and abandoning module NUTUnrealEngine4 (304)
[2020.01.23-00.30.42:589][740]LogModuleManager: Shutting down and abandoning module NetcodeUnitTest (302)
[2020.01.23-00.30.42:591][740]LogModuleManager: Shutting down and abandoning module MediaCompositing (300)
[2020.01.23-00.30.42:591][740]LogModuleManager: Shutting down and abandoning module LinearTimecode (298)
[2020.01.23-00.30.42:591][740]LogModuleManager: Shutting down and abandoning module ImgMedia (296)
[2020.01.23-00.30.42:594][740]LogModuleManager: Shutting down and abandoning module HTML5Networking (294)
[2020.01.23-00.30.42:594][740]LogModuleManager: Shutting down and abandoning module GeometryCacheTracks (292)
[2020.01.23-00.30.42:594][740]LogModuleManager: Shutting down and abandoning module GeometryCacheSequencer (291)
[2020.01.23-00.30.42:594][740]LogModuleManager: Shutting down and abandoning module GeometryCache (288)
[2020.01.23-00.30.42:594][740]LogModuleManager: Shutting down and abandoning module GeometryCacheEd (287)
[2020.01.23-00.30.42:594][740]LogModuleManager: Shutting down and abandoning module BackChannel (284)
[2020.01.23-00.30.42:595][740]LogModuleManager: Shutting down and abandoning module AppleVision (282)
[2020.01.23-00.30.42:595][740]LogModuleManager: Shutting down and abandoning module AppleImageUtilsBlueprintSupport (280)
[2020.01.23-00.30.42:595][740]LogModuleManager: Shutting down and abandoning module AppleImageUtils (278)
[2020.01.23-00.30.42:595][740]LogModuleManager: Shutting down and abandoning module VariantManagerContent (276)
[2020.01.23-00.30.42:595][740]LogModuleManager: Shutting down and abandoning module CryptoKeysOpenSSL (274)
[2020.01.23-00.30.42:595][740]LogModuleManager: Shutting down and abandoning module CryptoKeys (272)
[2020.01.23-00.30.42:595][740]LogModuleManager: Shutting down and abandoning module VisualStudioSourceCodeAccess (270)
[2020.01.23-00.30.42:595][740]LogModuleManager: Shutting down and abandoning module HotReload (269)
[2020.01.23-00.30.42:595][740]LogModuleManager: Shutting down and abandoning module DirectoryWatcher (268)
[2020.01.23-00.30.42:595][740]LogModuleManager: Shutting down and abandoning module VisualStudioCodeSourceCodeAccess (264)
[2020.01.23-00.30.42:596][740]LogModuleManager: Shutting down and abandoning module UObjectPlugin (262)
[2020.01.23-00.30.42:596][740]LogModuleManager: Shutting down and abandoning module SubversionSourceControl (260)
[2020.01.23-00.30.42:606][740]LogModuleManager: Shutting down and abandoning module PerforceSourceControl (258)
[2020.01.23-00.30.42:626][740]LogModuleManager: Shutting down and abandoning module SourceControl (257)
[2020.01.23-00.30.42:626][740]LogModuleManager: Shutting down and abandoning module CLionSourceCodeAccess (254)
[2020.01.23-00.30.42:626][740]LogModuleManager: Shutting down and abandoning module ActorLayerUtilities (252)
[2020.01.23-00.30.42:626][740]LogModuleManager: Shutting down and abandoning module RuntimePhysXCooking (250)
[2020.01.23-00.30.42:626][740]LogModuleManager: Shutting down and abandoning module PhysXVehiclesEditor (248)
[2020.01.23-00.30.42:626][740]LogModuleManager: Shutting down and abandoning module PhysXVehicles (246)
[2020.01.23-00.30.42:626][740]LogModuleManager: Shutting down and abandoning module LocationServicesBPLibrary (244)
[2020.01.23-00.30.42:626][740]LogModuleManager: Shutting down and abandoning module ActorSequence (242)
[2020.01.23-00.30.42:626][740]LogModuleManager: Shutting down and abandoning module UdpMessaging (240)
[2020.01.23-00.30.42:726][740]LogModuleManager: Shutting down and abandoning module TcpMessaging (238)
[2020.01.23-00.30.42:827][740]LogModuleManager: Shutting down and abandoning module MagicLeapAudio (236)
[2020.01.23-00.30.42:827][740]LogModuleManager: Shutting down and abandoning module GameplayTagsEditor (234)
[2020.01.23-00.30.42:838][740]LogModuleManager: Shutting down and abandoning module FacialAnimation (232)
[2020.01.23-00.30.42:838][740]LogModuleManager: Shutting down and abandoning module DataValidation (230)
[2020.01.23-00.30.42:838][740]LogModuleManager: Shutting down and abandoning module AssetManagerEditor (228)
[2020.01.23-00.30.42:844][740]LogModuleManager: Shutting down and abandoning module TreeMap (227)
[2020.01.23-00.30.42:844][740]LogModuleManager: Shutting down and abandoning module LightPropagationVolumeRuntime (224)
[2020.01.23-00.30.42:844][740]LogModuleManager: Shutting down and abandoning module AISupportModule (222)
[2020.01.23-00.30.42:844][740]LogModuleManager: Shutting down and abandoning module Paper2D (220)
[2020.01.23-00.30.42:845][740]LogModuleManager: Shutting down and abandoning module WindowsMoviePlayer (218)
[2020.01.23-00.30.42:845][740]LogModuleManager: Shutting down and abandoning module WebMMoviePlayer (216)
[2020.01.23-00.30.42:845][740]LogModuleManager: Shutting down and abandoning module WmfMedia (214)
[2020.01.23-00.30.42:858][740]LogModuleManager: Shutting down and abandoning module Media (213)
[2020.01.23-00.30.42:864][740]LogModuleManager: Shutting down and abandoning module PacketHandler (210)
[2020.01.23-00.30.42:864][740]LogModuleManager: Shutting down and abandoning module ClothingSystemEditor (208)
[2020.01.23-00.30.42:864][740]LogModuleManager: Shutting down and abandoning module ClothingSystemRuntime (206)
[2020.01.23-00.30.42:874][740]LogModuleManager: Shutting down and abandoning module MediaAssets (204)
[2020.01.23-00.30.42:874][740]LogModuleManager: Shutting down and abandoning module Overlay (202)
[2020.01.23-00.30.42:874][740]LogModuleManager: Shutting down and abandoning module OverlayEditor (201)
[2020.01.23-00.30.42:874][740]LogModuleManager: Shutting down and abandoning module VREditor (198)
[2020.01.23-00.30.42:875][740]LogModuleManager: Shutting down and abandoning module StringTableEditor (196)
[2020.01.23-00.30.42:875][740]LogModuleManager: Shutting down and abandoning module GameplayTasksEditor (194)
[2020.01.23-00.30.42:875][740]LogModuleManager: Shutting down and abandoning module BehaviorTreeEditor (192)
[2020.01.23-00.30.42:891][740]LogModuleManager: Shutting down and abandoning module FunctionalTesting (190)
[2020.01.23-00.30.42:891][740]LogModuleManager: Shutting down and abandoning module CollisionAnalyzer (188)
[2020.01.23-00.30.42:899][740]LogModuleManager: Shutting down and abandoning module WorkspaceMenuStructure (187)
[2020.01.23-00.30.42:899][740]LogModuleManager: Shutting down and abandoning module UMG (184)
[2020.01.23-00.30.42:899][740]LogModuleManager: Shutting down and abandoning module UMGEditor (183)
[2020.01.23-00.30.42:899][740]LogModuleManager: Shutting down and abandoning module Sequencer (182)
[2020.01.23-00.30.42:899][740]LogModuleManager: Shutting down and abandoning module MessageLog (179)
[2020.01.23-00.30.42:899][740]LogModuleManager: Shutting down and abandoning module SlateReflector (174)
[2020.01.23-00.30.42:901][740]LogModuleManager: Shutting down and abandoning module Slate (172)
[2020.01.23-00.30.42:901][740]LogModuleManager: Shutting down and abandoning module EditorStyle (170)
[2020.01.23-00.30.42:902][740]LogModuleManager: Shutting down and abandoning module MRMesh (168)
[2020.01.23-00.30.42:902][740]LogModuleManager: Shutting down and abandoning module Messaging (166)
[2020.01.23-00.30.42:902][740]LogModuleManager: Shutting down and abandoning module SourceCodeAccess (164)
[2020.01.23-00.30.42:902][740]LogModuleManager: Shutting down and abandoning module HeadMountedDisplay (162)
[2020.01.23-00.30.42:902][740]LogModuleManager: Shutting down and abandoning module XAudio2 (160)
[2020.01.23-00.30.42:902][740]LogModuleManager: Shutting down and abandoning module Networking (158)
[2020.01.23-00.30.42:902][740]LogModuleManager: Shutting down and abandoning module Core (156)
[2020.01.23-00.30.42:902][740]LogModuleManager: Shutting down and abandoning module LevelSequence (154)
[2020.01.23-00.30.42:902][740]LogModuleManager: Shutting down and abandoning module KismetCompiler (152)
[2020.01.23-00.30.42:902][740]LogModuleManager: Shutting down and abandoning module MeshUtilities (150)
[2020.01.23-00.30.42:902][740]LogModuleManager: Shutting down and abandoning module MeshMergeUtilities (149)
[2020.01.23-00.30.42:903][740]LogModuleManager: Shutting down and abandoning module MeshReductionInterface (148)
[2020.01.23-00.30.42:903][740]LogModuleManager: Shutting down and abandoning module SimplygonSwarm (147)
[2020.01.23-00.30.42:903][740]LogModuleManager: Shutting down and abandoning module ProxyLODMeshReduction (145)
[2020.01.23-00.30.42:925][740]LogModuleManager: Shutting down and abandoning module SimplygonMeshReduction (143)
[2020.01.23-00.30.42:925][740]LogModuleManager: Shutting down and abandoning module QuadricMeshReduction (141)
[2020.01.23-00.30.42:933][740]LogModuleManager: Shutting down and abandoning module MaterialBaking (137)
[2020.01.23-00.30.42:940][740]LogModuleManager: Shutting down and abandoning module PIEPreviewDeviceProfileSelector (132)
[2020.01.23-00.30.42:941][740]LogModuleManager: Shutting down and abandoning module DerivedDataCache (130)
[2020.01.23-00.30.43:107][740]LogDerivedDataCache: Shutdown
[2020.01.23-00.30.43:108][740]LogModuleManager: Shutting down and abandoning module XGEController (128)
[2020.01.23-00.30.43:108][740]LogModuleManager: Shutting down and abandoning module TargetPlatform (126)
[2020.01.23-00.30.43:108][740]LogModuleManager: Shutting down and abandoning module VulkanShaderFormat (125)
[2020.01.23-00.30.43:123][740]LogModuleManager: Shutting down and abandoning module ShaderFormatVectorVM (123)
[2020.01.23-00.30.43:128][740]LogModuleManager: Shutting down and abandoning module ShaderFormatOpenGL (121)
[2020.01.23-00.30.43:136][740]LogModuleManager: Shutting down and abandoning module ShaderFormatD3D (119)
[2020.01.23-00.30.43:136][740]LogModuleManager: Shutting down and abandoning module MetalShaderFormat (117)
[2020.01.23-00.30.43:142][740]LogModuleManager: Shutting down and abandoning module TextureFormatUncompressed (115)
[2020.01.23-00.30.43:142][740]LogModuleManager: Shutting down and abandoning module TextureFormatPVR (113)
[2020.01.23-00.30.43:142][740]LogModuleManager: Shutting down and abandoning module TextureFormatDXT (111)
[2020.01.23-00.30.43:142][740]LogModuleManager: Shutting down and abandoning module TextureFormatIntelISPCTexComp (109)
[2020.01.23-00.30.43:143][740]LogModuleManager: Shutting down and abandoning module TextureFormatASTC (107)
[2020.01.23-00.30.43:143][740]LogModuleManager: Shutting down and abandoning module ImageWrapper (106)
[2020.01.23-00.30.43:143][740]LogModuleManager: Shutting down and abandoning module TextureFormatAndroid (103)
[2020.01.23-00.30.43:143][740]LogModuleManager: Shutting down and abandoning module AudioFormatOpus (101)
[2020.01.23-00.30.43:143][740]LogModuleManager: Shutting down and abandoning module AudioFormatOgg (99)
[2020.01.23-00.30.43:143][740]LogModuleManager: Shutting down and abandoning module AudioFormatADPCM (97)
[2020.01.23-00.30.43:143][740]LogModuleManager: Shutting down and abandoning module WindowsTargetPlatform (95)
[2020.01.23-00.30.43:143][740]LogModuleManager: Shutting down and abandoning module WindowsServerTargetPlatform (93)
[2020.01.23-00.30.43:143][740]LogModuleManager: Shutting down and abandoning module WindowsNoEditorTargetPlatform (91)
[2020.01.23-00.30.43:143][740]LogModuleManager: Shutting down and abandoning module WindowsClientTargetPlatform (89)
[2020.01.23-00.30.43:143][740]LogModuleManager: Shutting down and abandoning module InputCore (86)
[2020.01.23-00.30.43:143][740]LogModuleManager: Shutting down and abandoning module Settings (84)
[2020.01.23-00.30.43:143][740]LogModuleManager: Shutting down and abandoning module PhysXCooking (82)
[2020.01.23-00.30.43:143][740]LogModuleManager: Shutting down and abandoning module SteamVR (80)
[2020.01.23-00.30.43:143][740]LogHMD: Freeing OpenVRDLLHandle.
[2020.01.23-00.30.43:143][740]LogModuleManager: Shutting down and abandoning module OculusHMD (78)
[2020.01.23-00.30.43:143][740]LogModuleManager: Shutting down and abandoning module ExampleDeviceProfileSelector (76)
[2020.01.23-00.30.43:143][740]LogModuleManager: Shutting down and abandoning module LauncherChunkInstaller (74)
[2020.01.23-00.30.43:143][740]LogModuleManager: Shutting down and abandoning module OnlineBlueprintSupport (72)
[2020.01.23-00.30.43:143][740]LogModuleManager: Shutting down and abandoning module OnlineSubsystem (68)
[2020.01.23-00.30.43:144][740]LogModuleManager: Shutting down and abandoning module XMPP (63)
[2020.01.23-00.30.43:146][740]LogModuleManager: Shutting down and abandoning module WebSockets (62)
[2020.01.23-00.30.43:164][740]LogModuleManager: Shutting down and abandoning module HTTP (59)
[2020.01.23-00.30.43:187][740]LogModuleManager: Shutting down and abandoning module SSL (58)
[2020.01.23-00.30.43:188][740]LogModuleManager: Shutting down and abandoning module MagicLeapIdentity (54)
[2020.01.23-00.30.43:188][740]LogModuleManager: Shutting down and abandoning module MagicLeapHelperVulkan (52)
[2020.01.23-00.30.43:188][740]LogModuleManager: Shutting down and abandoning module MagicLeapHelperOpenGL (50)
[2020.01.23-00.30.43:188][740]LogModuleManager: Shutting down and abandoning module MagicLeapSecureStorage (48)
[2020.01.23-00.30.43:188][740]LogModuleManager: Shutting down and abandoning module MagicLeapHandTracking (46)
[2020.01.23-00.30.43:188][740]LogModuleManager: Shutting down and abandoning module MagicLeapEyeTracker (44)
[2020.01.23-00.30.43:188][740]LogModuleManager: Shutting down and abandoning module MagicLeapController (42)
[2020.01.23-00.30.43:188][740]LogSlate: Slate User Destroyed.  User Index 0, Is Virtual User: 0
[2020.01.23-00.30.43:188][740]LogModuleManager: Shutting down and abandoning module MagicLeap (40)
[2020.01.23-00.30.43:189][740]LogModuleManager: Shutting down and abandoning module DatasmithContent (38)
[2020.01.23-00.30.43:189][740]LogModuleManager: Shutting down and abandoning module AnimationModifiers (36)
[2020.01.23-00.30.43:198][740]LogModuleManager: Shutting down and abandoning module PropertyEditor (35)
[2020.01.23-00.30.43:198][740]LogModuleManager: Shutting down and abandoning module AudioEditor (32)
[2020.01.23-00.30.43:198][740]LogModuleManager: Shutting down and abandoning module TextureCompressor (30)
[2020.01.23-00.30.43:207][740]LogModuleManager: Shutting down and abandoning module ShaderCore (28)
[2020.01.23-00.30.43:207][740]LogModuleManager: Shutting down and abandoning module Landscape (26)
[2020.01.23-00.30.43:207][740]LogModuleManager: Shutting down and abandoning module SlateRHIRenderer (24)
[2020.01.23-00.30.43:208][740]LogModuleManager: Shutting down and abandoning module OpenGLDrv (22)
[2020.01.23-00.30.43:260][740]LogModuleManager: Shutting down and abandoning module D3D11RHI (20)
[2020.01.23-00.30.43:260][740]LogModuleManager: Shutting down and abandoning module AnimGraphRuntime (18)
[2020.01.23-00.30.43:260][740]LogModuleManager: Shutting down and abandoning module Renderer (16)
[2020.01.23-00.30.43:260][740]LogModuleManager: Shutting down and abandoning module Engine (14)
[2020.01.23-00.30.43:260][740]LogModuleManager: Shutting down and abandoning module CoreUObject (12)
[2020.01.23-00.30.43:260][740]LogModuleManager: Shutting down and abandoning module NetworkFile (10)
[2020.01.23-00.30.43:261][740]LogModuleManager: Shutting down and abandoning module CookedIterativeFile (8)
[2020.01.23-00.30.43:261][740]LogModuleManager: Shutting down and abandoning module StreamingFile (6)
[2020.01.23-00.30.43:261][740]LogModuleManager: Shutting down and abandoning module SandboxFile (4)
[2020.01.23-00.30.43:261][740]LogModuleManager: Shutting down and abandoning module PakFile (2)
[2020.01.23-00.30.43:267][740]LogExit: Exiting.
[2020.01.23-00.30.43:274][740]Log file closed, 01/22/20 16:30:43
