Log file open, 12/14/19 16:26:49
LogWindows: Failed to load 'aqProf.dll' (GetLastError=126)
LogWindows: File 'aqProf.dll' does not exist
LogWindows: Failed to load 'VtuneApi.dll' (GetLastError=126)
LogWindows: File 'VtuneApi.dll' does not exist
LogWindows: Failed to load 'VtuneApi32e.dll' (GetLastError=126)
LogWindows: File 'VtuneApi32e.dll' does not exist
LogConsoleResponse: Display: Failed to find resolution value strings in scalability ini. Falling back to default.
LogInit: Display: Running engine for game: SavingPlanet
LogPakFile: Registered encryption key '00000000000000000000000000000000': 0 pak files mounted, 0 remain pending
LogPlatformFile: Not using cached read wrapper
LogTaskGraph: Started task graph with 5 named threads and 35 total threads with 3 sets of task threads.
LogStats: Stats thread started at 0.398338
LogD3D11RHI: Loaded GFSDK_Aftermath_Lib.x64.dll
LogICUInternationalization: ICU TimeZone Detection - Raw Offset: -8:00, Platform Override: ''
LogPluginManager: Mounting plugin Paper2D
LogPluginManager: Mounting plugin AISupport
LogPluginManager: Mounting plugin LightPropagationVolume
LogPluginManager: Mounting plugin ActorLayerUtilities
LogPluginManager: Mounting plugin CLionSourceCodeAccess
LogPluginManager: Mounting plugin CodeLiteSourceCodeAccess
LogPluginManager: Mounting plugin GitSourceControl
LogPluginManager: Mounting plugin KDevelopSourceCodeAccess
LogPluginManager: Mounting plugin NullSourceCodeAccess
LogPluginManager: Mounting plugin PerforceSourceControl
LogPluginManager: Mounting plugin SubversionSourceControl
LogPluginManager: Mounting plugin UObjectPlugin
LogPluginManager: Mounting plugin VisualStudioCodeSourceCodeAccess
LogPluginManager: Mounting plugin VisualStudioSourceCodeAccess
LogPluginManager: Mounting plugin XCodeSourceCodeAccess
LogPluginManager: Mounting plugin AssetManagerEditor
LogPluginManager: Mounting plugin CryptoKeys
LogPluginManager: Mounting plugin DataValidation
LogPluginManager: Mounting plugin FacialAnimation
LogPluginManager: Mounting plugin GameplayTagsEditor
LogPluginManager: Mounting plugin MacGraphicsSwitching
LogPluginManager: Mounting plugin MeshEditor
LogPluginManager: Mounting plugin MobileLauncherProfileWizard
LogPluginManager: Mounting plugin PluginBrowser
LogPluginManager: Mounting plugin SpeedTreeImporter
LogPluginManager: Mounting plugin DatasmithContent
LogPluginManager: Mounting plugin VariantManagerContent
LogPluginManager: Mounting plugin AlembicImporter
LogPluginManager: Mounting plugin AppleImageUtils
LogPluginManager: Mounting plugin AppleVision
LogPluginManager: Mounting plugin BackChannel
LogPluginManager: Mounting plugin CharacterAI
LogPluginManager: Mounting plugin GeometryCache
LogPluginManager: Mounting plugin HTML5Networking
LogPluginManager: Mounting plugin ProxyLODPlugin
LogPluginManager: Mounting plugin MagicLeap
LogPluginManager: Mounting plugin MagicLeapMedia
LogPluginManager: Mounting plugin AndroidMedia
LogPluginManager: Mounting plugin AvfMedia
LogPluginManager: Mounting plugin ImgMedia
LogPluginManager: Mounting plugin LinearTimecode
LogPluginManager: Mounting plugin MediaCompositing
LogPluginManager: Mounting plugin MediaPlayerEditor
LogPluginManager: Mounting plugin WebMMedia
LogPluginManager: Mounting plugin WmfMedia
LogPluginManager: Mounting plugin TcpMessaging
LogPluginManager: Mounting plugin UdpMessaging
LogPluginManager: Mounting plugin ActorSequence
LogPluginManager: Mounting plugin LevelSequenceEditor
LogPluginManager: Mounting plugin MatineeToLevelSequence
LogPluginManager: Mounting plugin NetcodeUnitTest
LogPluginManager: Mounting plugin NUTUnrealEngine4
LogPluginManager: Mounting plugin OnlineSubsystemGooglePlay
LogPluginManager: Mounting plugin OnlineSubsystemIOS
LogPluginManager: Mounting plugin OnlineSubsystem
LogPluginManager: Mounting plugin OnlineSubsystemNull
LogPluginManager: Mounting plugin OnlineSubsystemUtils
LogPluginManager: Mounting plugin LauncherChunkInstaller
LogPluginManager: Mounting plugin AndroidDeviceProfileSelector
LogPluginManager: Mounting plugin AndroidMoviePlayer
LogPluginManager: Mounting plugin AndroidPermission
LogPluginManager: Mounting plugin AppleMoviePlayer
LogPluginManager: Mounting plugin ArchVisCharacter
LogPluginManager: Mounting plugin AudioCapture
LogPluginManager: Mounting plugin CableComponent
LogPluginManager: Mounting plugin CustomMeshComponent
LogPluginManager: Mounting plugin EditableMesh
LogPluginManager: Mounting plugin ExampleDeviceProfileSelector
LogPluginManager: Mounting plugin Firebase
LogPluginManager: Mounting plugin GoogleCloudMessaging
LogPluginManager: Mounting plugin IOSDeviceProfileSelector
LogPluginManager: Mounting plugin LinuxDeviceProfileSelector
LogPluginManager: Mounting plugin LocationServicesBPLibrary
LogPluginManager: Mounting plugin MobilePatchingUtils
LogPluginManager: Mounting plugin OculusVR
LogPluginManager: Mounting plugin PhysXVehicles
LogPluginManager: Mounting plugin ProceduralMeshComponent
LogPluginManager: Mounting plugin RuntimePhysXCooking
LogPluginManager: Mounting plugin SteamVR
LogPluginManager: Mounting plugin WebMMoviePlayer
LogPluginManager: Mounting plugin WindowsMoviePlayer
LogStreaming: Display: Took  0.042s to configure plugins.
LogInit: Using libcurl 7.55.1-DEV
LogInit:  - built for x86_64-pc-win32
LogInit:  - supports SSL with OpenSSL/1.0.2h
LogInit:  - supports HTTP deflate (compression) using libz 1.2.8
LogInit:  - other features:
LogInit:      CURL_VERSION_SSL
LogInit:      CURL_VERSION_LIBZ
LogInit:      CURL_VERSION_IPV6
LogInit:      CURL_VERSION_ASYNCHDNS
LogInit:      CURL_VERSION_LARGEFILE
LogInit:      CURL_VERSION_IDN
LogInit:  CurlRequestOptions (configurable via config and command line):
LogInit:  - bVerifyPeer = true  - Libcurl will verify peer certificate
LogInit:  - bUseHttpProxy = false  - Libcurl will NOT use HTTP proxy
LogInit:  - bDontReuseConnections = false  - Libcurl will reuse connections
LogInit:  - MaxHostConnections = 16  - Libcurl will limit the number of connections to a host
LogInit:  - LocalHostAddr = Default
LogInit:  - BufferSize = 65536
LogInit: WinSock: version 1.1 (2.2), MaxSocks=32767, MaxUdp=65467
LogInit: Build: ++UE4+Release-4.21-CL-4753647
LogInit: Engine Version: 4.21.2-4753647+++UE4+Release-4.21
LogInit: Compatible Engine Version: 4.21.0-4541578+++UE4+Release-4.21
LogInit: Net CL: 4541578
LogInit: OS: Windows 10 (), CPU: Intel(R) Core(TM) i7-8700 CPU @ 3.20GHz, GPU: NVIDIA GeForce GTX 1060 6GB
LogInit: Compiled (64-bit): Jan 19 2019 02:07:31
LogInit: Compiled with Visual C++: 19.13.26129.00
LogInit: Build Configuration: Development
LogInit: Branch Name: ++UE4+Release-4.21
LogInit: Command Line:  /Game/ThirdPersonBP/Maps/MainMenu -game -PIEVIACONSOLE -ResX=1280 -ResY=720 -Multiprocess -messaging -SessionName="Play in Standalone Game" -featureleveles2 -faketouches -MultiprocessSaveConfig -windowed
LogInit: Base Directory: C:/Program Files/Epic Games/UE_4.21/Engine/Binaries/Win64/
LogInit: Installed Engine Build: 1
LogDevObjectVersion: Number of dev versions registered: 22
LogDevObjectVersion:   Dev-Blueprints (B0D832E4-1F89-4F0D-ACCF-7EB736FD4AA2): 10
LogDevObjectVersion:   Dev-Build (E1C64328-A22C-4D53-A36C-8E866417BD8C): 0
LogDevObjectVersion:   Dev-Core (375EC13C-06E4-48FB-B500-84F0262A717E): 2
LogDevObjectVersion:   Dev-Editor (E4B068ED-F494-42E9-A231-DA0B2E46BB41): 26
LogDevObjectVersion:   Dev-Framework (CFFC743F-43B0-4480-9391-14DF171D2073): 34
LogDevObjectVersion:   Dev-Mobile (B02B49B5-BB20-44E9-A304-32B752E40360): 2
LogDevObjectVersion:   Dev-Networking (A4E4105C-59A1-49B5-A7C5-40C4547EDFEE): 0
LogDevObjectVersion:   Dev-Online (39C831C9-5AE6-47DC-9A44-9C173E1C8E7C): 0
LogDevObjectVersion:   Dev-Physics (78F01B33-EBEA-4F98-B9B4-84EACCB95AA2): 0
LogDevObjectVersion:   Dev-Platform (6631380F-2D4D-43E0-8009-CF276956A95A): 0
LogDevObjectVersion:   Dev-Rendering (12F88B9F-8875-4AFC-A67C-D90C383ABD29): 27
LogDevObjectVersion:   Dev-Sequencer (7B5AE74C-D270-4C10-A958-57980B212A5A): 9
LogDevObjectVersion:   Dev-VR (D7296918-1DD6-4BDD-9DE2-64A83CC13884): 2
LogDevObjectVersion:   Dev-LoadTimes (C2A15278-BFE7-4AFE-6C17-90FF531DF755): 1
LogDevObjectVersion:   Private-Geometry (6EACA3D4-40EC-4CC1-B786-8BED09428FC5): 3
LogDevObjectVersion:   Dev-AnimPhys (29E575DD-E0A3-4627-9D10-D276232CDCEA): 17
LogDevObjectVersion:   Dev-Anim (AF43A65D-7FD3-4947-9873-3E8ED9C1BB05): 2
LogDevObjectVersion:   Dev-ReflectionCapture (6B266CEC-1EC7-4B8F-A30B-E4D90942FC07): 1
LogDevObjectVersion:   Dev-Automation (0DF73D61-A23F-47EA-B727-89E90C41499A): 1
LogDevObjectVersion:   FortniteMain (601D1886-AC64-4F84-AA16-D3DE0DEAC7D6): 17
LogDevObjectVersion:   Dev-Enterprise (9DFFBCD6-494F-0158-E221-12823C92A888): 4
LogDevObjectVersion:   Dev-Niagara (F2AED0AC-9AFE-416F-8664-AA7FFA26D6FC): 1
LogStreaming: Display: Took  0.002s to delete old logs.
LogInit: Presizing for max 8388607 objects, including 0 objects not considered by GC, pre-allocating 0 bytes for permanent pool.
LogInit: Object subsystem initialized
LogConfig: Setting CVar [[con.DebugEarlyDefault:1]]
LogConfig: Setting CVar [[r.setres:1280x720]]
[2019.12.15-00.26.49:997][  0]LogConfig: Setting CVar [[con.DebugEarlyDefault:1]]
[2019.12.15-00.26.49:997][  0]LogConfig: Setting CVar [[r.setres:1280x720]]
[2019.12.15-00.26.49:997][  0]LogConfig: Applying CVar settings from Section [/Script/Engine.RendererSettings] File [C:/Users/jsaem/Documents/GitHub/SavingPlanet/Jesus-Andres-PlanetX/SavingPlanet/Saved/Config/Windows/Engine.ini]
[2019.12.15-00.26.49:997][  0]LogConfig: Setting CVar [[r.GPUCrashDebugging:0]]
[2019.12.15-00.26.49:997][  0]LogConfig: Setting CVar [[r.MobileHDR:1]]
[2019.12.15-00.26.49:997][  0]LogConfig: Setting CVar [[r.Mobile.DisableVertexFog:1]]
[2019.12.15-00.26.49:997][  0]LogConfig: Setting CVar [[r.Shadow.CSM.MaxMobileCascades:2]]
[2019.12.15-00.26.49:997][  0]LogConfig: Setting CVar [[r.MobileMSAA:1]]
[2019.12.15-00.26.49:997][  0]LogConfig: Setting CVar [[r.Mobile.UseLegacyShadingModel:0]]
[2019.12.15-00.26.49:997][  0]LogConfig: Setting CVar [[r.Mobile.AllowDitheredLODTransition:0]]
[2019.12.15-00.26.49:997][  0]LogConfig: Setting CVar [[r.Mobile.AllowSoftwareOcclusion:0]]
[2019.12.15-00.26.49:997][  0]LogConfig: Setting CVar [[r.DiscardUnusedQuality:0]]
[2019.12.15-00.26.49:997][  0]LogConfig: Setting CVar [[r.AllowOcclusionQueries:1]]
[2019.12.15-00.26.49:997][  0]LogConfig: Setting CVar [[r.MinScreenRadiusForLights:0.030000]]
[2019.12.15-00.26.49:997][  0]LogConfig: Setting CVar [[r.MinScreenRadiusForDepthPrepass:0.030000]]
[2019.12.15-00.26.49:997][  0]LogConfig: Setting CVar [[r.MinScreenRadiusForCSMDepth:0.010000]]
[2019.12.15-00.26.49:997][  0]LogConfig: Setting CVar [[r.PrecomputedVisibilityWarning:0]]
[2019.12.15-00.26.49:997][  0]LogConfig: Setting CVar [[r.TextureStreaming:1]]
[2019.12.15-00.26.49:997][  0]LogConfig: Setting CVar [[Compat.UseDXT5NormalMaps:0]]
[2019.12.15-00.26.49:997][  0]LogConfig: Setting CVar [[r.ClearCoatNormal:0]]
[2019.12.15-00.26.49:997][  0]LogConfig: Setting CVar [[r.ReflectionCaptureResolution:128]]
[2019.12.15-00.26.49:997][  0]LogConfig: Setting CVar [[r.ReflectionEnvironmentLightmapMixBasedOnRoughness:1]]
[2019.12.15-00.26.49:997][  0]LogConfig: Setting CVar [[r.ForwardShading:0]]
[2019.12.15-00.26.49:997][  0]LogConfig: Setting CVar [[r.VertexFoggingForOpaque:1]]
[2019.12.15-00.26.49:997][  0]LogConfig: Setting CVar [[r.AllowStaticLighting:1]]
[2019.12.15-00.26.49:997][  0]LogConfig: Setting CVar [[r.NormalMapsForStaticLighting:0]]
[2019.12.15-00.26.49:997][  0]LogConfig: Setting CVar [[r.GenerateMeshDistanceFields:0]]
[2019.12.15-00.26.49:997][  0]LogConfig: Setting CVar [[r.DistanceFieldBuild.EightBit:0]]
[2019.12.15-00.26.49:997][  0]LogConfig: Setting CVar [[r.GenerateLandscapeGIData:0]]
[2019.12.15-00.26.49:997][  0]LogConfig: Setting CVar [[r.DistanceFieldBuild.Compress:0]]
[2019.12.15-00.26.49:997][  0]LogConfig: Setting CVar [[r.TessellationAdaptivePixelsPerTriangle:48.000000]]
[2019.12.15-00.26.49:997][  0]LogConfig: Setting CVar [[r.SeparateTranslucency:0]]
[2019.12.15-00.26.49:997][  0]LogConfig: Setting CVar [[r.TranslucentSortPolicy:0]]
[2019.12.15-00.26.49:998][  0]LogConfig: Setting CVar [[r.CustomDepth:1]]
[2019.12.15-00.26.49:998][  0]LogConfig: Setting CVar [[r.CustomDepthTemporalAAJitter:1]]
[2019.12.15-00.26.49:998][  0]LogConfig: Setting CVar [[r.PostProcessing.PropagateAlpha:0]]
[2019.12.15-00.26.49:998][  0]LogConfig: Setting CVar [[r.DOF.Algorithm:1]]
[2019.12.15-00.26.49:998][  0]LogConfig: Setting CVar [[r.DefaultFeature.Bloom:1]]
[2019.12.15-00.26.49:998][  0]LogConfig: Setting CVar [[r.DefaultFeature.AmbientOcclusion:0]]
[2019.12.15-00.26.49:998][  0]LogConfig: Setting CVar [[r.DefaultFeature.AmbientOcclusionStaticFraction:1]]
[2019.12.15-00.26.49:998][  0]LogConfig: Setting CVar [[r.DefaultFeature.AutoExposure:0]]
[2019.12.15-00.26.49:998][  0]LogConfig: Setting CVar [[r.DefaultFeature.AutoExposure.Method:0]]
[2019.12.15-00.26.49:998][  0]LogConfig: Setting CVar [[r.DefaultFeature.AutoExposure.ExtendDefaultLuminanceRange:0]]
[2019.12.15-00.26.49:998][  0]LogConfig: Setting CVar [[r.UsePreExposure:0]]
[2019.12.15-00.26.49:998][  0]LogConfig: Setting CVar [[r.DefaultFeature.MotionBlur:0]]
[2019.12.15-00.26.49:998][  0]LogConfig: Setting CVar [[r.DefaultFeature.LensFlare:0]]
[2019.12.15-00.26.49:998][  0]LogConfig: Setting CVar [[r.TemporalAA.Upsampling:0]]
[2019.12.15-00.26.49:998][  0]LogConfig: Setting CVar [[r.DefaultFeature.AntiAliasing:0]]
[2019.12.15-00.26.49:998][  0]LogConfig: Setting CVar [[r.DefaultFeature.LightUnits:1]]
[2019.12.15-00.26.49:998][  0]LogConfig: Setting CVar [[r.DefaultBackBufferPixelFormat:4]]
[2019.12.15-00.26.49:998][  0]LogConfig: Setting CVar [[r.Shadow.UnbuiltPreviewInGame:1]]
[2019.12.15-00.26.49:998][  0]LogConfig: Setting CVar [[r.StencilForLODDither:0]]
[2019.12.15-00.26.49:998][  0]LogConfig: Setting CVar [[r.EarlyZPass:3]]
[2019.12.15-00.26.49:998][  0]LogConfig: Setting CVar [[r.EarlyZPassMovable:1]]
[2019.12.15-00.26.49:998][  0]LogConfig: Setting CVar [[r.EarlyZPassOnlyMaterialMasking:0]]
[2019.12.15-00.26.49:998][  0]LogConfig: Setting CVar [[r.DBuffer:1]]
[2019.12.15-00.26.49:998][  0]LogConfig: Setting CVar [[r.ClearSceneMethod:1]]
[2019.12.15-00.26.49:998][  0]LogConfig: Setting CVar [[r.BasePassOutputsVelocity:0]]
[2019.12.15-00.26.49:998][  0]LogConfig: Setting CVar [[r.SelectiveBasePassOutputs:0]]
[2019.12.15-00.26.49:998][  0]LogConfig: Setting CVar [[fx.GPUSimulationTextureSizeX:1024]]
[2019.12.15-00.26.49:998][  0]LogConfig: Setting CVar [[fx.GPUSimulationTextureSizeY:1024]]
[2019.12.15-00.26.49:998][  0]LogConfig: Setting CVar [[r.AllowGlobalClipPlane:0]]
[2019.12.15-00.26.49:998][  0]LogConfig: Setting CVar [[r.GBufferFormat:1]]
[2019.12.15-00.26.49:998][  0]LogConfig: Setting CVar [[r.MorphTarget.Mode:1]]
[2019.12.15-00.26.49:998][  0]LogConfig: Setting CVar [[vr.InstancedStereo:0]]
[2019.12.15-00.26.49:998][  0]LogConfig: Setting CVar [[vr.MultiView:0]]
[2019.12.15-00.26.49:998][  0]LogConfig: Setting CVar [[vr.MobileMultiView:0]]
[2019.12.15-00.26.49:998][  0]LogConfig: Setting CVar [[vr.MobileMultiView.Direct:0]]
[2019.12.15-00.26.49:998][  0]LogConfig: Setting CVar [[vr.MonoscopicFarField:0]]
[2019.12.15-00.26.49:998][  0]LogConfig: Setting CVar [[vr.RoundRobinOcclusion:0]]
[2019.12.15-00.26.49:998][  0]LogConfig: Setting CVar [[vr.ODSCapture:0]]
[2019.12.15-00.26.49:998][  0]LogConfig: Setting CVar [[r.WireframeCullThreshold:5.000000]]
[2019.12.15-00.26.49:998][  0]LogConfig: Setting CVar [[r.SupportStationarySkylight:1]]
[2019.12.15-00.26.49:998][  0]LogConfig: Setting CVar [[r.SupportLowQualityLightmaps:1]]
[2019.12.15-00.26.49:998][  0]LogConfig: Setting CVar [[r.SupportPointLightWholeSceneShadows:1]]
[2019.12.15-00.26.49:998][  0]LogConfig: Setting CVar [[r.SupportAtmosphericFog:1]]
[2019.12.15-00.26.49:998][  0]LogConfig: Setting CVar [[r.SkinCache.CompileShaders:0]]
[2019.12.15-00.26.49:998][  0]LogConfig: Setting CVar [[r.Mobile.EnableStaticAndCSMShadowReceivers:1]]
[2019.12.15-00.26.49:998][  0]LogConfig: Setting CVar [[r.Mobile.EnableMovableLightCSMShaderCulling:1]]
[2019.12.15-00.26.49:998][  0]LogConfig: Setting CVar [[r.Mobile.AllowDistanceFieldShadows:1]]
[2019.12.15-00.26.49:998][  0]LogConfig: Setting CVar [[r.Mobile.AllowMovableDirectionalLights:1]]
[2019.12.15-00.26.49:998][  0]LogConfig: Setting CVar [[r.MobileNumDynamicPointLights:4]]
[2019.12.15-00.26.49:998][  0]LogConfig: Setting CVar [[r.MobileDynamicPointLightsUseStaticBranch:1]]
[2019.12.15-00.26.49:998][  0]LogConfig: Setting CVar [[r.SkinCache.SceneMemoryLimitInMB:128.000000]]
[2019.12.15-00.26.49:998][  0]LogConfig: Setting CVar [[r.GPUSkin.Limit2BoneInfluences:0]]
[2019.12.15-00.26.49:998][  0]LogConfig: Setting CVar [[r.SupportDepthOnlyIndexBuffers:1]]
[2019.12.15-00.26.49:998][  0]LogConfig: Setting CVar [[r.SupportReversedIndexBuffers:1]]
[2019.12.15-00.26.49:998][  0]LogConfig: Setting CVar [[r.SupportMaterialLayers:0]]
[2019.12.15-00.26.49:998][  0]LogConfig: Applying CVar settings from Section [/Script/Engine.RendererOverrideSettings] File [C:/Users/jsaem/Documents/GitHub/SavingPlanet/Jesus-Andres-PlanetX/SavingPlanet/Saved/Config/Windows/Engine.ini]
[2019.12.15-00.26.49:998][  0]LogConfig: Applying CVar settings from Section [/Script/Engine.StreamingSettings] File [C:/Users/jsaem/Documents/GitHub/SavingPlanet/Jesus-Andres-PlanetX/SavingPlanet/Saved/Config/Windows/Engine.ini]
[2019.12.15-00.26.49:998][  0]LogConfig: Setting CVar [[s.MinBulkDataSizeForAsyncLoading:131072]]
[2019.12.15-00.26.49:998][  0]LogConfig: Setting CVar [[s.AsyncLoadingThreadEnabled:0]]
[2019.12.15-00.26.49:998][  0]LogConfig: Setting CVar [[s.EventDrivenLoaderEnabled:1]]
[2019.12.15-00.26.49:998][  0]LogConfig: Setting CVar [[s.WarnIfTimeLimitExceeded:0]]
[2019.12.15-00.26.49:998][  0]LogConfig: Setting CVar [[s.TimeLimitExceededMultiplier:1.5]]
[2019.12.15-00.26.49:998][  0]LogConfig: Setting CVar [[s.TimeLimitExceededMinTime:0.005]]
[2019.12.15-00.26.49:998][  0]LogConfig: Setting CVar [[s.UseBackgroundLevelStreaming:1]]
[2019.12.15-00.26.49:998][  0]LogConfig: Setting CVar [[s.PriorityAsyncLoadingExtraTime:15.0]]
[2019.12.15-00.26.49:998][  0]LogConfig: Setting CVar [[s.LevelStreamingActorsUpdateTimeLimit:5.0]]
[2019.12.15-00.26.49:999][  0]LogConfig: Setting CVar [[s.PriorityLevelStreamingActorsUpdateExtraTime:5.0]]
[2019.12.15-00.26.49:999][  0]LogConfig: Setting CVar [[s.LevelStreamingComponentsRegistrationGranularity:10]]
[2019.12.15-00.26.49:999][  0]LogConfig: Setting CVar [[s.UnregisterComponentsTimeLimit:1.0]]
[2019.12.15-00.26.49:999][  0]LogConfig: Setting CVar [[s.LevelStreamingComponentsUnregistrationGranularity:5]]
[2019.12.15-00.26.49:999][  0]LogConfig: Applying CVar settings from Section [/Script/Engine.GarbageCollectionSettings] File [C:/Users/jsaem/Documents/GitHub/SavingPlanet/Jesus-Andres-PlanetX/SavingPlanet/Saved/Config/Windows/Engine.ini]
[2019.12.15-00.26.49:999][  0]LogConfig: Setting CVar [[gc.MaxObjectsNotConsideredByGC:1]]
[2019.12.15-00.26.49:999][  0]LogConfig: Setting CVar [[gc.SizeOfPermanentObjectPool:0]]
[2019.12.15-00.26.49:999][  0]LogConfig: Setting CVar [[gc.FlushStreamingOnGC:0]]
[2019.12.15-00.26.49:999][  0]LogConfig: Setting CVar [[gc.NumRetriesBeforeForcingGC:10]]
[2019.12.15-00.26.49:999][  0]LogConfig: Setting CVar [[gc.AllowParallelGC:1]]
[2019.12.15-00.26.49:999][  0]LogConfig: Setting CVar [[gc.TimeBetweenPurgingPendingKillObjects:61.1]]
[2019.12.15-00.26.49:999][  0]LogConfig: Setting CVar [[gc.MaxObjectsInEditor:8388607]]
[2019.12.15-00.26.49:999][  0]LogConfig: Setting CVar [[gc.IncrementalBeginDestroyEnabled:1]]
[2019.12.15-00.26.49:999][  0]LogConfig: Setting CVar [[gc.CreateGCClusters:1]]
[2019.12.15-00.26.49:999][  0]LogConfig: Setting CVar [[gc.MergeGCClusters:0]]
[2019.12.15-00.26.49:999][  0]LogConfig: Setting CVar [[gc.MinGCClusterSize:5]]
[2019.12.15-00.26.49:999][  0]LogConfig: Setting CVar [[gc.ActorClusteringEnabled:0]]
[2019.12.15-00.26.49:999][  0]LogConfig: Setting CVar [[gc.BlueprintClusteringEnabled:0]]
[2019.12.15-00.26.49:999][  0]LogConfig: Setting CVar [[gc.UseDisregardForGCOnDedicatedServers:0]]
[2019.12.15-00.26.49:999][  0]LogConfig: Applying CVar settings from Section [/Script/Engine.NetworkSettings] File [C:/Users/jsaem/Documents/GitHub/SavingPlanet/Jesus-Andres-PlanetX/SavingPlanet/Saved/Config/Windows/Engine.ini]
[2019.12.15-00.26.49:999][  0]LogConfig: Applying CVar settings from Section [/Script/UnrealEd.CookerSettings] File [C:/Users/jsaem/Documents/GitHub/SavingPlanet/Jesus-Andres-PlanetX/SavingPlanet/Saved/Config/Windows/Engine.ini]
[2019.12.15-00.26.50:004][  0]LogConfig: Applying CVar settings from Section [ViewDistanceQuality@3] File [C:/Users/jsaem/Documents/GitHub/SavingPlanet/Jesus-Andres-PlanetX/SavingPlanet/Saved/Config/Windows/Scalability.ini]
[2019.12.15-00.26.50:004][  0]LogConfig: Setting CVar [[r.SkeletalMeshLODBias:0]]
[2019.12.15-00.26.50:004][  0]LogConfig: Setting CVar [[r.ViewDistanceScale:1.0]]
[2019.12.15-00.26.50:004][  0]LogConfig: Applying CVar settings from Section [AntiAliasingQuality@3] File [C:/Users/jsaem/Documents/GitHub/SavingPlanet/Jesus-Andres-PlanetX/SavingPlanet/Saved/Config/Windows/Scalability.ini]
[2019.12.15-00.26.50:004][  0]LogConfig: Setting CVar [[r.PostProcessAAQuality:4]]
[2019.12.15-00.26.50:004][  0]LogConfig: Applying CVar settings from Section [ShadowQuality@3] File [C:/Users/jsaem/Documents/GitHub/SavingPlanet/Jesus-Andres-PlanetX/SavingPlanet/Saved/Config/Windows/Scalability.ini]
[2019.12.15-00.26.50:004][  0]LogConfig: Setting CVar [[r.LightFunctionQuality:1]]
[2019.12.15-00.26.50:004][  0]LogConfig: Setting CVar [[r.ShadowQuality:5]]
[2019.12.15-00.26.50:004][  0]LogConfig: Setting CVar [[r.Shadow.CSM.MaxCascades:10]]
[2019.12.15-00.26.50:004][  0]LogConfig: Setting CVar [[r.Shadow.MaxResolution:2048]]
[2019.12.15-00.26.50:004][  0]LogConfig: Setting CVar [[r.Shadow.MaxCSMResolution:2048]]
[2019.12.15-00.26.50:004][  0]LogConfig: Setting CVar [[r.Shadow.RadiusThreshold:0.01]]
[2019.12.15-00.26.50:004][  0]LogConfig: Setting CVar [[r.Shadow.DistanceScale:1.0]]
[2019.12.15-00.26.50:004][  0]LogConfig: Setting CVar [[r.Shadow.CSM.TransitionScale:1.0]]
[2019.12.15-00.26.50:004][  0]LogConfig: Setting CVar [[r.Shadow.PreShadowResolutionFactor:1.0]]
[2019.12.15-00.26.50:004][  0]LogConfig: Setting CVar [[r.DistanceFieldShadowing:1]]
[2019.12.15-00.26.50:004][  0]LogConfig: Setting CVar [[r.DistanceFieldAO:1]]
[2019.12.15-00.26.50:004][  0]LogConfig: Setting CVar [[r.AOQuality:2]]
[2019.12.15-00.26.50:004][  0]LogConfig: Setting CVar [[r.VolumetricFog:1]]
[2019.12.15-00.26.50:004][  0]LogConfig: Setting CVar [[r.VolumetricFog.GridPixelSize:8]]
[2019.12.15-00.26.50:004][  0]LogConfig: Setting CVar [[r.VolumetricFog.GridSizeZ:128]]
[2019.12.15-00.26.50:004][  0]LogConfig: Setting CVar [[r.VolumetricFog.HistoryMissSupersampleCount:4]]
[2019.12.15-00.26.50:004][  0]LogConfig: Setting CVar [[r.LightMaxDrawDistanceScale:1]]
[2019.12.15-00.26.50:004][  0]LogConfig: Setting CVar [[r.CapsuleShadows:1]]
[2019.12.15-00.26.50:004][  0]LogConfig: Applying CVar settings from Section [PostProcessQuality@3] File [C:/Users/jsaem/Documents/GitHub/SavingPlanet/Jesus-Andres-PlanetX/SavingPlanet/Saved/Config/Windows/Scalability.ini]
[2019.12.15-00.26.50:004][  0]LogConfig: Setting CVar [[r.MotionBlurQuality:4]]
[2019.12.15-00.26.50:004][  0]LogConfig: Setting CVar [[r.AmbientOcclusionMipLevelFactor:0.4]]
[2019.12.15-00.26.50:004][  0]LogConfig: Setting CVar [[r.AmbientOcclusionMaxQuality:100]]
[2019.12.15-00.26.50:004][  0]LogConfig: Setting CVar [[r.AmbientOcclusionLevels:-1]]
[2019.12.15-00.26.50:004][  0]LogConfig: Setting CVar [[r.AmbientOcclusionRadiusScale:1.0]]
[2019.12.15-00.26.50:004][  0]LogConfig: Setting CVar [[r.DepthOfFieldQuality:2]]
[2019.12.15-00.26.50:004][  0]LogConfig: Setting CVar [[r.RenderTargetPoolMin:400]]
[2019.12.15-00.26.50:004][  0]LogConfig: Setting CVar [[r.LensFlareQuality:2]]
[2019.12.15-00.26.50:004][  0]LogConfig: Setting CVar [[r.SceneColorFringeQuality:1]]
[2019.12.15-00.26.50:004][  0]LogConfig: Setting CVar [[r.EyeAdaptationQuality:2]]
[2019.12.15-00.26.50:004][  0]LogConfig: Setting CVar [[r.BloomQuality:5]]
[2019.12.15-00.26.50:004][  0]LogConfig: Setting CVar [[r.FastBlurThreshold:100]]
[2019.12.15-00.26.50:004][  0]LogConfig: Setting CVar [[r.Upscale.Quality:3]]
[2019.12.15-00.26.50:004][  0]LogConfig: Setting CVar [[r.Tonemapper.GrainQuantization:1]]
[2019.12.15-00.26.50:004][  0]LogConfig: Setting CVar [[r.LightShaftQuality:1]]
[2019.12.15-00.26.50:005][  0]LogConfig: Setting CVar [[r.Filter.SizeScale:1]]
[2019.12.15-00.26.50:005][  0]LogConfig: Setting CVar [[r.Tonemapper.Quality:5]]
[2019.12.15-00.26.50:005][  0]LogConfig: Setting CVar [[r.DOF.Gather.AccumulatorQuality:1        ; higher gathering accumulator quality]]
[2019.12.15-00.26.50:005][  0]LogConfig: Setting CVar [[r.DOF.Gather.PostfilterMethod:1          ; Median3x3 postfilering method]]
[2019.12.15-00.26.50:005][  0]LogConfig: Setting CVar [[r.DOF.Gather.EnableBokehSettings:0       ; no bokeh simulation when gathering]]
[2019.12.15-00.26.50:005][  0]LogConfig: Setting CVar [[r.DOF.Gather.RingCount:4                 ; medium number of samples when gathering]]
[2019.12.15-00.26.50:005][  0]LogConfig: Setting CVar [[r.DOF.Scatter.ForegroundCompositing:1    ; additive foreground scattering]]
[2019.12.15-00.26.50:005][  0]LogConfig: Setting CVar [[r.DOF.Scatter.BackgroundCompositing:2    ; additive background scattering]]
[2019.12.15-00.26.50:005][  0]LogConfig: Setting CVar [[r.DOF.Scatter.EnableBokehSettings:1      ; bokeh simulation when scattering]]
[2019.12.15-00.26.50:005][  0]LogConfig: Setting CVar [[r.DOF.Scatter.MaxSpriteRatio:0.1         ; only a maximum of 10% of scattered bokeh]]
[2019.12.15-00.26.50:005][  0]LogConfig: Setting CVar [[r.DOF.Recombine.Quality:1                ; cheap slight out of focus]]
[2019.12.15-00.26.50:005][  0]LogConfig: Setting CVar [[r.DOF.Recombine.EnableBokehSettings:0    ; no bokeh simulation on slight out of focus]]
[2019.12.15-00.26.50:005][  0]LogConfig: Setting CVar [[r.DOF.TemporalAAQuality:1                ; more stable temporal accumulation]]
[2019.12.15-00.26.50:005][  0]LogConfig: Setting CVar [[r.DOF.Kernel.MaxForegroundRadius:0.025]]
[2019.12.15-00.26.50:005][  0]LogConfig: Setting CVar [[r.DOF.Kernel.MaxBackgroundRadius:0.025]]
[2019.12.15-00.26.50:005][  0]LogConfig: Applying CVar settings from Section [TextureQuality@3] File [C:/Users/jsaem/Documents/GitHub/SavingPlanet/Jesus-Andres-PlanetX/SavingPlanet/Saved/Config/Windows/Scalability.ini]
[2019.12.15-00.26.50:005][  0]LogConfig: Setting CVar [[r.Streaming.MipBias:0]]
[2019.12.15-00.26.50:005][  0]LogConfig: Setting CVar [[r.Streaming.AmortizeCPUToGPUCopy:0]]
[2019.12.15-00.26.50:005][  0]LogConfig: Setting CVar [[r.Streaming.MaxNumTexturesToStreamPerFrame:0]]
[2019.12.15-00.26.50:005][  0]LogConfig: Setting CVar [[r.Streaming.Boost:1]]
[2019.12.15-00.26.50:005][  0]LogConfig: Setting CVar [[r.MaxAnisotropy:8]]
[2019.12.15-00.26.50:005][  0]LogConfig: Setting CVar [[r.Streaming.LimitPoolSizeToVRAM:0]]
[2019.12.15-00.26.50:005][  0]LogConfig: Setting CVar [[r.Streaming.PoolSize:1000]]
[2019.12.15-00.26.50:005][  0]LogConfig: Setting CVar [[r.Streaming.MaxEffectiveScreenSize:0]]
[2019.12.15-00.26.50:005][  0]LogConfig: Applying CVar settings from Section [EffectsQuality@3] File [C:/Users/jsaem/Documents/GitHub/SavingPlanet/Jesus-Andres-PlanetX/SavingPlanet/Saved/Config/Windows/Scalability.ini]
[2019.12.15-00.26.50:005][  0]LogConfig: Setting CVar [[r.TranslucencyLightingVolumeDim:64]]
[2019.12.15-00.26.50:005][  0]LogConfig: Setting CVar [[r.RefractionQuality:2]]
[2019.12.15-00.26.50:005][  0]LogConfig: Setting CVar [[r.SSR.Quality:3]]
[2019.12.15-00.26.50:005][  0]LogConfig: Setting CVar [[r.SceneColorFormat:4]]
[2019.12.15-00.26.50:005][  0]LogConfig: Setting CVar [[r.DetailMode:2]]
[2019.12.15-00.26.50:005][  0]LogConfig: Setting CVar [[r.TranslucencyVolumeBlur:1]]
[2019.12.15-00.26.50:005][  0]LogConfig: Setting CVar [[r.MaterialQualityLevel:1 ; High quality]]
[2019.12.15-00.26.50:005][  0]LogConfig: Setting CVar [[r.SSS.Scale:1]]
[2019.12.15-00.26.50:005][  0]LogConfig: Setting CVar [[r.SSS.SampleSet:2]]
[2019.12.15-00.26.50:005][  0]LogConfig: Setting CVar [[r.SSS.Quality:1]]
[2019.12.15-00.26.50:005][  0]LogConfig: Setting CVar [[r.SSS.HalfRes:1]]
[2019.12.15-00.26.50:005][  0]LogConfig: Setting CVar [[r.EmitterSpawnRateScale:1.0]]
[2019.12.15-00.26.50:005][  0]LogConfig: Setting CVar [[r.ParticleLightQuality:2]]
[2019.12.15-00.26.50:005][  0]LogConfig: Applying CVar settings from Section [FoliageQuality@3] File [C:/Users/jsaem/Documents/GitHub/SavingPlanet/Jesus-Andres-PlanetX/SavingPlanet/Saved/Config/Windows/Scalability.ini]
[2019.12.15-00.26.50:005][  0]LogConfig: Setting CVar [[foliage.DensityScale:1.0]]
[2019.12.15-00.26.50:005][  0]LogConfig: Setting CVar [[grass.DensityScale:1.0]]
[2019.12.15-00.26.50:005][  0]LogInit: Selected Device Profile: [Windows]
[2019.12.15-00.26.50:005][  0]LogInit: Applying CVar settings loaded from the selected device profile: [Windows]
[2019.12.15-00.26.50:008][  0]LogHAL: Display: Platform has ~ 16 GB [16981430272 / 17179869184 / 16], which maps to Larger [LargestMinGB=32, LargerMinGB=12, DefaultMinGB=8, SmallerMinGB=6, SmallestMinGB=0)
[2019.12.15-00.26.50:008][  0]LogConfig: Setting CVar [[r.Vulkan.UseRealUBs:1]]
[2019.12.15-00.26.50:008][  0]LogInit: Going up to parent DeviceProfile []
[2019.12.15-00.26.50:008][  0]LogConfig: Applying CVar settings from Section [ViewDistanceQuality@3] File [C:/Users/jsaem/Documents/GitHub/SavingPlanet/Jesus-Andres-PlanetX/SavingPlanet/Saved/Config/Windows/Scalability.ini]
[2019.12.15-00.26.50:008][  0]LogConfig: Setting CVar [[r.SkeletalMeshLODBias:0]]
[2019.12.15-00.26.50:008][  0]LogConfig: Setting CVar [[r.ViewDistanceScale:1.0]]
[2019.12.15-00.26.50:008][  0]LogConfig: Applying CVar settings from Section [AntiAliasingQuality@3] File [C:/Users/jsaem/Documents/GitHub/SavingPlanet/Jesus-Andres-PlanetX/SavingPlanet/Saved/Config/Windows/Scalability.ini]
[2019.12.15-00.26.50:008][  0]LogConfig: Setting CVar [[r.PostProcessAAQuality:4]]
[2019.12.15-00.26.50:008][  0]LogConfig: Applying CVar settings from Section [ShadowQuality@3] File [C:/Users/jsaem/Documents/GitHub/SavingPlanet/Jesus-Andres-PlanetX/SavingPlanet/Saved/Config/Windows/Scalability.ini]
[2019.12.15-00.26.50:008][  0]LogConfig: Setting CVar [[r.LightFunctionQuality:1]]
[2019.12.15-00.26.50:008][  0]LogConfig: Setting CVar [[r.ShadowQuality:5]]
[2019.12.15-00.26.50:008][  0]LogConfig: Setting CVar [[r.Shadow.CSM.MaxCascades:10]]
[2019.12.15-00.26.50:008][  0]LogConfig: Setting CVar [[r.Shadow.MaxResolution:2048]]
[2019.12.15-00.26.50:008][  0]LogConfig: Setting CVar [[r.Shadow.MaxCSMResolution:2048]]
[2019.12.15-00.26.50:008][  0]LogConfig: Setting CVar [[r.Shadow.RadiusThreshold:0.01]]
[2019.12.15-00.26.50:008][  0]LogConfig: Setting CVar [[r.Shadow.DistanceScale:1.0]]
[2019.12.15-00.26.50:008][  0]LogConfig: Setting CVar [[r.Shadow.CSM.TransitionScale:1.0]]
[2019.12.15-00.26.50:008][  0]LogConfig: Setting CVar [[r.Shadow.PreShadowResolutionFactor:1.0]]
[2019.12.15-00.26.50:008][  0]LogConfig: Setting CVar [[r.DistanceFieldShadowing:1]]
[2019.12.15-00.26.50:008][  0]LogConfig: Setting CVar [[r.DistanceFieldAO:1]]
[2019.12.15-00.26.50:008][  0]LogConfig: Setting CVar [[r.AOQuality:2]]
[2019.12.15-00.26.50:008][  0]LogConfig: Setting CVar [[r.VolumetricFog:1]]
[2019.12.15-00.26.50:008][  0]LogConfig: Setting CVar [[r.VolumetricFog.GridPixelSize:8]]
[2019.12.15-00.26.50:008][  0]LogConfig: Setting CVar [[r.VolumetricFog.GridSizeZ:128]]
[2019.12.15-00.26.50:008][  0]LogConfig: Setting CVar [[r.VolumetricFog.HistoryMissSupersampleCount:4]]
[2019.12.15-00.26.50:008][  0]LogConfig: Setting CVar [[r.LightMaxDrawDistanceScale:1]]
[2019.12.15-00.26.50:008][  0]LogConfig: Setting CVar [[r.CapsuleShadows:1]]
[2019.12.15-00.26.50:008][  0]LogConfig: Applying CVar settings from Section [PostProcessQuality@3] File [C:/Users/jsaem/Documents/GitHub/SavingPlanet/Jesus-Andres-PlanetX/SavingPlanet/Saved/Config/Windows/Scalability.ini]
[2019.12.15-00.26.50:008][  0]LogConfig: Setting CVar [[r.MotionBlurQuality:4]]
[2019.12.15-00.26.50:008][  0]LogConfig: Setting CVar [[r.AmbientOcclusionMipLevelFactor:0.4]]
[2019.12.15-00.26.50:008][  0]LogConfig: Setting CVar [[r.AmbientOcclusionMaxQuality:100]]
[2019.12.15-00.26.50:008][  0]LogConfig: Setting CVar [[r.AmbientOcclusionLevels:-1]]
[2019.12.15-00.26.50:008][  0]LogConfig: Setting CVar [[r.AmbientOcclusionRadiusScale:1.0]]
[2019.12.15-00.26.50:008][  0]LogConfig: Setting CVar [[r.DepthOfFieldQuality:2]]
[2019.12.15-00.26.50:008][  0]LogConfig: Setting CVar [[r.RenderTargetPoolMin:400]]
[2019.12.15-00.26.50:008][  0]LogConfig: Setting CVar [[r.LensFlareQuality:2]]
[2019.12.15-00.26.50:008][  0]LogConfig: Setting CVar [[r.SceneColorFringeQuality:1]]
[2019.12.15-00.26.50:008][  0]LogConfig: Setting CVar [[r.EyeAdaptationQuality:2]]
[2019.12.15-00.26.50:008][  0]LogConfig: Setting CVar [[r.BloomQuality:5]]
[2019.12.15-00.26.50:008][  0]LogConfig: Setting CVar [[r.FastBlurThreshold:100]]
[2019.12.15-00.26.50:008][  0]LogConfig: Setting CVar [[r.Upscale.Quality:3]]
[2019.12.15-00.26.50:008][  0]LogConfig: Setting CVar [[r.Tonemapper.GrainQuantization:1]]
[2019.12.15-00.26.50:008][  0]LogConfig: Setting CVar [[r.LightShaftQuality:1]]
[2019.12.15-00.26.50:008][  0]LogConfig: Setting CVar [[r.Filter.SizeScale:1]]
[2019.12.15-00.26.50:008][  0]LogConfig: Setting CVar [[r.Tonemapper.Quality:5]]
[2019.12.15-00.26.50:008][  0]LogConfig: Setting CVar [[r.DOF.Gather.AccumulatorQuality:1        ; higher gathering accumulator quality]]
[2019.12.15-00.26.50:008][  0]LogConfig: Setting CVar [[r.DOF.Gather.PostfilterMethod:1          ; Median3x3 postfilering method]]
[2019.12.15-00.26.50:008][  0]LogConfig: Setting CVar [[r.DOF.Gather.EnableBokehSettings:0       ; no bokeh simulation when gathering]]
[2019.12.15-00.26.50:008][  0]LogConfig: Setting CVar [[r.DOF.Gather.RingCount:4                 ; medium number of samples when gathering]]
[2019.12.15-00.26.50:008][  0]LogConfig: Setting CVar [[r.DOF.Scatter.ForegroundCompositing:1    ; additive foreground scattering]]
[2019.12.15-00.26.50:009][  0]LogConfig: Setting CVar [[r.DOF.Scatter.BackgroundCompositing:2    ; additive background scattering]]
[2019.12.15-00.26.50:009][  0]LogConfig: Setting CVar [[r.DOF.Scatter.EnableBokehSettings:1      ; bokeh simulation when scattering]]
[2019.12.15-00.26.50:009][  0]LogConfig: Setting CVar [[r.DOF.Scatter.MaxSpriteRatio:0.1         ; only a maximum of 10% of scattered bokeh]]
[2019.12.15-00.26.50:009][  0]LogConfig: Setting CVar [[r.DOF.Recombine.Quality:1                ; cheap slight out of focus]]
[2019.12.15-00.26.50:009][  0]LogConfig: Setting CVar [[r.DOF.Recombine.EnableBokehSettings:0    ; no bokeh simulation on slight out of focus]]
[2019.12.15-00.26.50:009][  0]LogConfig: Setting CVar [[r.DOF.TemporalAAQuality:1                ; more stable temporal accumulation]]
[2019.12.15-00.26.50:009][  0]LogConfig: Setting CVar [[r.DOF.Kernel.MaxForegroundRadius:0.025]]
[2019.12.15-00.26.50:009][  0]LogConfig: Setting CVar [[r.DOF.Kernel.MaxBackgroundRadius:0.025]]
[2019.12.15-00.26.50:009][  0]LogConfig: Applying CVar settings from Section [TextureQuality@3] File [C:/Users/jsaem/Documents/GitHub/SavingPlanet/Jesus-Andres-PlanetX/SavingPlanet/Saved/Config/Windows/Scalability.ini]
[2019.12.15-00.26.50:009][  0]LogConfig: Setting CVar [[r.Streaming.MipBias:0]]
[2019.12.15-00.26.50:009][  0]LogConfig: Setting CVar [[r.Streaming.AmortizeCPUToGPUCopy:0]]
[2019.12.15-00.26.50:009][  0]LogConfig: Setting CVar [[r.Streaming.MaxNumTexturesToStreamPerFrame:0]]
[2019.12.15-00.26.50:009][  0]LogConfig: Setting CVar [[r.Streaming.Boost:1]]
[2019.12.15-00.26.50:009][  0]LogConfig: Setting CVar [[r.MaxAnisotropy:8]]
[2019.12.15-00.26.50:009][  0]LogConfig: Setting CVar [[r.Streaming.LimitPoolSizeToVRAM:0]]
[2019.12.15-00.26.50:009][  0]LogConfig: Setting CVar [[r.Streaming.PoolSize:1000]]
[2019.12.15-00.26.50:009][  0]LogConfig: Setting CVar [[r.Streaming.MaxEffectiveScreenSize:0]]
[2019.12.15-00.26.50:009][  0]LogConfig: Applying CVar settings from Section [EffectsQuality@3] File [C:/Users/jsaem/Documents/GitHub/SavingPlanet/Jesus-Andres-PlanetX/SavingPlanet/Saved/Config/Windows/Scalability.ini]
[2019.12.15-00.26.50:009][  0]LogConfig: Setting CVar [[r.TranslucencyLightingVolumeDim:64]]
[2019.12.15-00.26.50:009][  0]LogConfig: Setting CVar [[r.RefractionQuality:2]]
[2019.12.15-00.26.50:009][  0]LogConfig: Setting CVar [[r.SSR.Quality:3]]
[2019.12.15-00.26.50:009][  0]LogConfig: Setting CVar [[r.SceneColorFormat:4]]
[2019.12.15-00.26.50:009][  0]LogConfig: Setting CVar [[r.DetailMode:2]]
[2019.12.15-00.26.50:009][  0]LogConfig: Setting CVar [[r.TranslucencyVolumeBlur:1]]
[2019.12.15-00.26.50:009][  0]LogConfig: Setting CVar [[r.MaterialQualityLevel:1 ; High quality]]
[2019.12.15-00.26.50:009][  0]LogConfig: Setting CVar [[r.SSS.Scale:1]]
[2019.12.15-00.26.50:009][  0]LogConfig: Setting CVar [[r.SSS.SampleSet:2]]
[2019.12.15-00.26.50:009][  0]LogConfig: Setting CVar [[r.SSS.Quality:1]]
[2019.12.15-00.26.50:009][  0]LogConfig: Setting CVar [[r.SSS.HalfRes:1]]
[2019.12.15-00.26.50:009][  0]LogConfig: Setting CVar [[r.EmitterSpawnRateScale:1.0]]
[2019.12.15-00.26.50:009][  0]LogConfig: Setting CVar [[r.ParticleLightQuality:2]]
[2019.12.15-00.26.50:009][  0]LogConfig: Applying CVar settings from Section [FoliageQuality@3] File [C:/Users/jsaem/Documents/GitHub/SavingPlanet/Jesus-Andres-PlanetX/SavingPlanet/Saved/Config/Windows/Scalability.ini]
[2019.12.15-00.26.50:009][  0]LogConfig: Setting CVar [[foliage.DensityScale:1.0]]
[2019.12.15-00.26.50:009][  0]LogConfig: Setting CVar [[grass.DensityScale:1.0]]
[2019.12.15-00.26.50:009][  0]LogConfig: Applying CVar settings from Section [Startup] File [../../../Engine/Config/ConsoleVariables.ini]
[2019.12.15-00.26.50:009][  0]LogConfig: Setting CVar [[net.UseAdaptiveNetUpdateFrequency:0]]
[2019.12.15-00.26.50:009][  0]LogConfig: Applying CVar settings from Section [ConsoleVariables] File [C:/Users/jsaem/Documents/GitHub/SavingPlanet/Jesus-Andres-PlanetX/SavingPlanet/Saved/Config/Windows/Engine.ini]
[2019.12.15-00.26.50:009][  0]LogInit: Computer: DESKTOP-F3SMPMM
[2019.12.15-00.26.50:009][  0]LogInit: User: jsaem
[2019.12.15-00.26.50:009][  0]LogInit: CPU Page size=4096, Cores=6
[2019.12.15-00.26.50:009][  0]LogInit: High frequency timer resolution =10.000000 MHz
[2019.12.15-00.26.50:009][  0]LogMemory: Memory total: Physical=15.8GB (16GB approx)
[2019.12.15-00.26.50:009][  0]LogMemory: Platform Memory Stats for Windows
[2019.12.15-00.26.50:009][  0]LogMemory: Process Physical Memory: 104.76 MB used, 104.76 MB peak
[2019.12.15-00.26.50:009][  0]LogMemory: Process Virtual Memory: 94.40 MB used, 94.40 MB peak
[2019.12.15-00.26.50:009][  0]LogMemory: Physical Memory: 7499.64 MB used,  8695.12 MB free, 16194.75 MB total
[2019.12.15-00.26.50:009][  0]LogMemory: Virtual Memory: 4670.29 MB used,  134213056.00 MB free, 134217728.00 MB total
[2019.12.15-00.26.50:024][  0]LogInit: Using OS detected language (en-US).
[2019.12.15-00.26.50:024][  0]LogInit: Using OS detected locale (en-CA).
[2019.12.15-00.26.50:024][  0]LogTextLocalizationManager: No specific localization for 'en-US' exists, so the 'en' localization will be used.
[2019.12.15-00.26.50:326][  0]LogStreaming: Display: Took  0.302s to InitEngineTextLocalization.
[2019.12.15-00.26.50:359][  0]LogSlate: New Slate User Created.  User Index 0, Is Virtual User: 0
[2019.12.15-00.26.50:359][  0]LogSlate: Slate User Registered.  User Index 0, Is Virtual User: 0
[2019.12.15-00.26.50:364][  0]LogHMD: Failed to initialize OpenVR with code 110
[2019.12.15-00.26.50:365][  0]LogD3D11RHI: D3D11 adapters:
[2019.12.15-00.26.50:413][  0]LogD3D11RHI:    0. 'NVIDIA GeForce GTX 1060 6GB' (Feature Level 11_0)
[2019.12.15-00.26.50:413][  0]LogD3D11RHI:       6052/0/8097 MB DedicatedVideo/DedicatedSystem/SharedSystem, Outputs:2, VendorId:0x10de
[2019.12.15-00.26.50:443][  0]LogD3D11RHI:    1. 'Intel(R) UHD Graphics 630' (Feature Level 11_0)
[2019.12.15-00.26.50:443][  0]LogD3D11RHI:       128/0/8097 MB DedicatedVideo/DedicatedSystem/SharedSystem, Outputs:0, VendorId:0x8086
[2019.12.15-00.26.50:444][  0]LogD3D11RHI:    2. 'Microsoft Basic Render Driver' (Feature Level 11_0)
[2019.12.15-00.26.50:444][  0]LogD3D11RHI:       0/0/8097 MB DedicatedVideo/DedicatedSystem/SharedSystem, Outputs:0, VendorId:0x1414
[2019.12.15-00.26.50:445][  0]LogD3D11RHI: Chosen D3D11 Adapter: 0
[2019.12.15-00.26.50:451][  0]LogD3D11RHI: Creating new Direct3DDevice
[2019.12.15-00.26.50:451][  0]LogD3D11RHI:     GPU DeviceId: 0x1c03 (for the marketing name, search the web for "GPU Device Id")
[2019.12.15-00.26.50:451][  0]LogWindows: EnumDisplayDevices:
[2019.12.15-00.26.50:451][  0]LogWindows:    0. 'NVIDIA GeForce GTX 1060 6GB' (P:1 D:1)
[2019.12.15-00.26.50:452][  0]LogWindows:    1. 'NVIDIA GeForce GTX 1060 6GB' (P:0 D:1)
[2019.12.15-00.26.50:452][  0]LogWindows:    2. 'NVIDIA GeForce GTX 1060 6GB' (P:0 D:0)
[2019.12.15-00.26.50:452][  0]LogWindows:    3. 'NVIDIA GeForce GTX 1060 6GB' (P:0 D:0)
[2019.12.15-00.26.50:452][  0]LogWindows:    4. 'Intel(R) UHD Graphics 630' (P:0 D:0)
[2019.12.15-00.26.50:452][  0]LogWindows:    5. 'Intel(R) UHD Graphics 630' (P:0 D:0)
[2019.12.15-00.26.50:453][  0]LogWindows:    6. 'Intel(R) UHD Graphics 630' (P:0 D:0)
[2019.12.15-00.26.50:453][  0]LogWindows: DebugString: PrimaryIsNotTheChoosenAdapter PrimaryIsNotTheChoosenAdapter PrimaryIsNotTheChoosenAdapter FoundDriverCount:4 
[2019.12.15-00.26.50:453][  0]LogD3D11RHI:     Adapter Name: NVIDIA GeForce GTX 1060 6GB
[2019.12.15-00.26.50:453][  0]LogD3D11RHI:   Driver Version: 441.12 (internal:26.21.14.4112, unified:441.12)
[2019.12.15-00.26.50:453][  0]LogD3D11RHI:      Driver Date: 10-24-2019
[2019.12.15-00.26.50:453][  0]LogRHI: Texture pool is 4236 MB (70% of 6052 MB)
[2019.12.15-00.26.50:491][  0]LogD3D11RHI: Async texture creation enabled
[2019.12.15-00.26.50:513][  0]LogD3D11RHI: GPU Timing Frequency: 1000.000000 (Debug: 2 1)
[2019.12.15-00.26.50:753][  0]LogTemp: Display: Loaded TP WindowsClientTargetPlatform
[2019.12.15-00.26.50:763][  0]LogTemp: Display: Loaded TP WindowsNoEditorTargetPlatform
[2019.12.15-00.26.50:773][  0]LogTemp: Display: Loaded TP WindowsServerTargetPlatform
[2019.12.15-00.26.50:784][  0]LogTemp: Display: Loaded TP WindowsTargetPlatform
[2019.12.15-00.26.50:784][  0]LogTargetPlatformManager: Display: Building Assets For Windows
[2019.12.15-00.26.50:823][  0]LogShaderCompilers: Guid format shader working directory is -48 characters bigger than the processId version (../../../../../../Users/jsaem/Documents/GitHub/SavingPlanet/Jesus-Andres-PlanetX/SavingPlanet/Intermediate/Shaders/WorkingDirectory/14932/).
[2019.12.15-00.26.50:823][  0]LogShaderCompilers: Cleaned the shader compiler working directory 'C:/Users/jsaem/AppData/Local/Temp/UnrealShaderWorkingDir/BF3D6E254D31A58AAB61898249CA6703/'.
[2019.12.15-00.26.50:824][  0]LogXGEController: Cannot use XGE Controller as Incredibuild is not installed on this machine.
[2019.12.15-00.26.50:824][  0]LogShaderCompilers: Cannot use XGE Shader Compiler as Incredibuild is not installed on this machine.
[2019.12.15-00.26.50:824][  0]LogShaderCompilers: Display: Using Local Shader Compiler.
[2019.12.15-00.26.51:160][  0]LogDerivedDataCache: Display: Max Cache Size: 512 MB
[2019.12.15-00.26.51:196][  0]LogDerivedDataCache: Loaded boot cache 0.04s 71MB C:/Users/jsaem/AppData/Local/UnrealEngine/4.21/DerivedDataCache/Boot.ddc.
[2019.12.15-00.26.51:196][  0]LogDerivedDataCache: Display: Loaded Boot cache: C:/Users/jsaem/AppData/Local/UnrealEngine/4.21/DerivedDataCache/Boot.ddc
[2019.12.15-00.26.51:196][  0]LogDerivedDataCache: FDerivedDataBackendGraph:  Pak pak cache file ../../../../../../Users/jsaem/Documents/GitHub/SavingPlanet/Jesus-Andres-PlanetX/SavingPlanet/DerivedDataCache/DDC.ddp not found, will not use a pak cache.
[2019.12.15-00.26.51:196][  0]LogDerivedDataCache: Unable to find inner node Pak for hierarchical cache Hierarchy.
[2019.12.15-00.26.51:196][  0]LogDerivedDataCache: FDerivedDataBackendGraph:  CompressedPak pak cache file ../../../../../../Users/jsaem/Documents/GitHub/SavingPlanet/Jesus-Andres-PlanetX/SavingPlanet/DerivedDataCache/Compressed.ddp not found, will not use a pak cache.
[2019.12.15-00.26.51:196][  0]LogDerivedDataCache: Unable to find inner node CompressedPak for hierarchical cache Hierarchy.
[2019.12.15-00.26.51:208][  0]LogDerivedDataCache: Display: Pak cache opened for reading ../../../Engine/DerivedDataCache/Compressed.ddp.
[2019.12.15-00.26.51:208][  0]LogDerivedDataCache: FDerivedDataBackendGraph:  EnterprisePak pak cache file ../../../Enterprise/DerivedDataCache/Compressed.ddp not found, will not use a pak cache.
[2019.12.15-00.26.51:208][  0]LogDerivedDataCache: Unable to find inner node EnterprisePak for hierarchical cache Hierarchy.
[2019.12.15-00.26.51:220][  0]LogDerivedDataCache: Using Local data cache path C:/Users/jsaem/AppData/Local/UnrealEngine/Common/DerivedDataCache: Writable
[2019.12.15-00.26.51:220][  0]LogDerivedDataCache: Shared data cache path not found in *engine.ini, will not use an Shared cache.
[2019.12.15-00.26.51:220][  0]LogDerivedDataCache: Unable to find inner node Shared for hierarchical cache Hierarchy.
[2019.12.15-00.26.51:234][  0]LogMaterial: Verifying Global Shaders for PCD3D_ES2
[2019.12.15-00.26.51:235][  0]LogSlate: Using FreeType 2.6.0
[2019.12.15-00.26.51:236][  0]LogSlate: SlateFontServices - WITH_FREETYPE: 1, WITH_HARFBUZZ: 1
[2019.12.15-00.26.51:301][  0]LogInit: Using OS detected language (en-US).
[2019.12.15-00.26.51:301][  0]LogInit: Using OS detected locale (en-CA).
[2019.12.15-00.26.51:301][  0]LogTextLocalizationManager: No localization for 'en-US' exists, so 'en' will be used for the language.
[2019.12.15-00.26.51:301][  0]LogTextLocalizationManager: No localization for 'en-CA' exists, so 'en' will be used for the locale.
[2019.12.15-00.26.51:301][  0]LogSlate: FontCache flush requested. Reason: Culture for localization was changed
[2019.12.15-00.26.51:302][  0]LogSlate: FontCache flush requested. Reason: Culture for localization was changed
[2019.12.15-00.26.51:531][  0]LogStreaming: Display: Took  0.229s to InitGameTextLocalization.
[2019.12.15-00.26.51:536][  0]LogAssetRegistry: FAssetRegistry took 0.0030 seconds to start up
[2019.12.15-00.26.51:681][  0]LogPackageLocalizationCache: Processed 11 localized package path(s) for 1 prioritized culture(s) in 0.011305 seconds
[2019.12.15-00.26.51:764][  0]LogInit: Selected Device Profile: [Windows]
[2019.12.15-00.26.51:860][  0]LogSimplygon: Simplygon DLL not present - disabling.
[2019.12.15-00.26.51:863][  0]LogMeshReduction: Using SimplygonSwarm for distributed automatic mesh merging
[2019.12.15-00.26.51:863][  0]LogMeshReduction: Using ProxyLODMeshReduction for automatic mesh merging
[2019.12.15-00.26.51:863][  0]LogMeshReduction: Using QuadricMeshReduction for automatic static mesh reduction
[2019.12.15-00.26.51:863][  0]LogMeshReduction: No automatic skeletal mesh reduction module available
[2019.12.15-00.26.51:872][  0]LogNetVersion: SavingPlanet 1.0.0, NetCL: 4541578, EngineNetVer: 5, GameNetVer: 0 (Checksum: 3531598119)
[2019.12.15-00.26.52:288][  0]LogMoviePlayer: Initializing movie player
[2019.12.15-00.26.52:384][  0]LogTcpMessaging: Initializing TcpMessaging bridge
[2019.12.15-00.26.52:395][  0]LogUdpMessaging: Initializing bridge on interface 0.0.0.0:0 to multicast group 230.0.0.1:6666.
[2019.12.15-00.26.52:475][  0]SourceControl: Source control is disabled
[2019.12.15-00.26.52:475][  0]SourceControl: Source control is disabled
[2019.12.15-00.26.52:476][  0]SourceControl: Source control is disabled
[2019.12.15-00.26.52:593][  0]LogAndroidPermission: UAndroidPermissionCallbackProxy::GetInstance
[2019.12.15-00.26.52:720][  0]LogOcInput: OculusInput pre-init called
[2019.12.15-00.26.52:726][  0]LogUObjectArray: 43226 objects as part of root set at end of initial load.
[2019.12.15-00.26.52:726][  0]LogUObjectAllocator: 7590216 out of 0 bytes used by permanent object pool.
[2019.12.15-00.26.52:726][  0]LogUObjectArray: CloseDisregardForGC: 0/0 objects in disregard for GC pool
[2019.12.15-00.26.52:850][  0]LogEngine: Initializing Engine...
[2019.12.15-00.26.52:850][  0]LogHMD: Failed to initialize OpenVR with code 110
[2019.12.15-00.26.52:863][  0]LogStats: UGameplayTagsManager::ConstructGameplayTagTree: ImportINI prefixes -  0.000 s
[2019.12.15-00.26.52:863][  0]LogStats: UGameplayTagsManager::ConstructGameplayTagTree: Construct from data asset -  0.000 s
[2019.12.15-00.26.52:863][  0]LogStats: UGameplayTagsManager::ConstructGameplayTagTree: ImportINI -  0.000 s
[2019.12.15-00.26.52:863][  0]LogStats: UGameplayTagsManager::ConstructGameplayTagTree: GameplayTagTreeChangedEvent.Broadcast -  0.000 s
[2019.12.15-00.26.52:999][  0]LogInit: Initializing FReadOnlyCVARCache
[2019.12.15-00.26.53:031][  0]LogInit: XAudio2 using 'LG TV (NVIDIA High Definition Audio)' : 2 channels at 48 kHz using 16 bits per sample (channel mask 0x3)
[2019.12.15-00.26.53:045][  0]LogInit: FAudioDevice initialized.
[2019.12.15-00.26.53:056][  0]LogNetVersion: Set ProjectVersion to 1.0.0.0. Version Checksum will be recalculated on next use.
[2019.12.15-00.26.53:060][  0]LogInit: Texture streaming: Enabled
[2019.12.15-00.26.53:174][  0]LogSlate: Updating window title bar state: overlay mode, drag disabled, window buttons hidden, title bar hidden
[2019.12.15-00.26.53:174][  0]LogInit: Display: Game Engine Initialized.
[2019.12.15-00.26.53:174][  0]LogGameplayTags: Display: UGameplayTagsManager::DoneAddingNativeTags. DelegateIsBound: 0
[2019.12.15-00.26.53:174][  0]LogStats: UGameplayTagsManager::ConstructGameplayTagTree: ImportINI prefixes -  0.000 s
[2019.12.15-00.26.53:174][  0]LogStats: UGameplayTagsManager::ConstructGameplayTagTree: Construct from data asset -  0.000 s
[2019.12.15-00.26.53:174][  0]LogStats: UGameplayTagsManager::ConstructGameplayTagTree: ImportINI -  0.000 s
[2019.12.15-00.26.53:174][  0]LogStats: UGameplayTagsManager::ConstructGameplayTagTree: GameplayTagTreeChangedEvent.Broadcast -  0.000 s
[2019.12.15-00.26.53:184][  0]LogInit: Display: Starting Game.
[2019.12.15-00.26.53:184][  0]LogNet: Browse: /Game/ThirdPersonBP/Maps/MainMenu?Name=Player
[2019.12.15-00.26.53:185][  0]LogLoad: LoadMap: /Game/ThirdPersonBP/Maps/MainMenu?Name=Player
[2019.12.15-00.26.53:223][  0]LogAIModule: Creating AISystem for world MainMenu
[2019.12.15-00.26.53:224][  0]LogLoad: Game class is 'MainMenuGamemode_C'
[2019.12.15-00.26.53:225][  0]LogWorld: Bringing World /Game/ThirdPersonBP/Maps/MainMenu.MainMenu up for play (max tick rate 0) at 2019.12.14-16.26.53
[2019.12.15-00.26.53:225][  0]LogWorld: Bringing up level for play took: 0.000389
[2019.12.15-00.26.53:225][  0]LogGameMode: FindPlayerStart: PATHS NOT DEFINED or NO PLAYERSTART with positive rating
[2019.12.15-00.26.53:230][  0]LogGameMode: Display: Match State Changed from EnteringMap to WaitingToStart
[2019.12.15-00.26.53:230][  0]LogGameState: Match State Changed from EnteringMap to WaitingToStart
[2019.12.15-00.26.53:230][  0]LogGameMode: Display: Match State Changed from WaitingToStart to InProgress
[2019.12.15-00.26.53:231][  0]LogGameState: Match State Changed from WaitingToStart to InProgress
[2019.12.15-00.26.53:231][  0]LogLoad: Took 0.046767 seconds to LoadMap(/Game/ThirdPersonBP/Maps/MainMenu)
[2019.12.15-00.26.53:281][  0]LogRenderer: Reallocating scene render targets to support 1280x720 Format 10 NumSamples 1 (Frame:1).
[2019.12.15-00.26.53:281][  0]LogLoad: (Engine Initialization) Total time: 4.73 seconds
[2019.12.15-00.26.53:281][  0]LogLoad: (Engine Initialization) Total Blueprint compile time: 0.00 seconds
[2019.12.15-00.26.53:300][  0]LogContentStreaming: Texture pool size now 1000 MB
[2019.12.15-00.26.54:782][ 92]LogSlate: FSceneViewport::OnFocusLost() reason 0
[2019.12.15-00.26.54:960][ 97]LogPackageName: SearchForPackageOnDisk took   0.097s to resolve LevelSelect.umap.
[2019.12.15-00.26.54:960][ 97]LogGameMode: Display: Match State Changed from InProgress to LeavingMap
[2019.12.15-00.26.54:960][ 97]LogGameState: Match State Changed from InProgress to LeavingMap
[2019.12.15-00.26.55:055][ 97]LogPackageName: SearchForPackageOnDisk took   0.095s to resolve LevelSelect.umap.
[2019.12.15-00.26.55:055][ 97]LogNet: Browse: /Game/ThirdPersonBP/Maps/LevelSelect
[2019.12.15-00.26.55:055][ 97]LogLoad: LoadMap: /Game/ThirdPersonBP/Maps/LevelSelect
[2019.12.15-00.26.55:088][ 97]LogAIModule: Creating AISystem for world LevelSelect
[2019.12.15-00.26.55:088][ 97]LogLoad: Game class is 'MainMenuGamemode_C'
[2019.12.15-00.26.55:089][ 97]LogWorld: Bringing World /Game/ThirdPersonBP/Maps/LevelSelect.LevelSelect up for play (max tick rate 0) at 2019.12.14-16.26.55
[2019.12.15-00.26.55:089][ 97]LogWorld: Bringing up level for play took: 0.000289
[2019.12.15-00.26.55:090][ 97]LogGameMode: FindPlayerStart: PATHS NOT DEFINED or NO PLAYERSTART with positive rating
[2019.12.15-00.26.55:093][ 97]LogGameMode: Display: Match State Changed from EnteringMap to WaitingToStart
[2019.12.15-00.26.55:093][ 97]LogGameState: Match State Changed from EnteringMap to WaitingToStart
[2019.12.15-00.26.55:093][ 97]LogGameMode: Display: Match State Changed from WaitingToStart to InProgress
[2019.12.15-00.26.55:094][ 97]LogGameState: Match State Changed from WaitingToStart to InProgress
[2019.12.15-00.26.55:094][ 97]LogLoad: Took 0.038510 seconds to LoadMap(/Game/ThirdPersonBP/Maps/LevelSelect)
[2019.12.15-00.27.01:773][512]LogSlate: FSceneViewport::OnFocusLost() reason 0
[2019.12.15-00.27.01:970][518]LogPackageName: SearchForPackageOnDisk took   0.100s to resolve Level01.umap.
[2019.12.15-00.27.01:970][518]LogGameMode: Display: Match State Changed from InProgress to LeavingMap
[2019.12.15-00.27.01:970][518]LogGameState: Match State Changed from InProgress to LeavingMap
[2019.12.15-00.27.02:067][518]LogPackageName: SearchForPackageOnDisk took   0.096s to resolve Level01.umap.
[2019.12.15-00.27.02:067][518]LogNet: Browse: /Game/ThirdPersonBP/Maps/Level01
[2019.12.15-00.27.02:067][518]LogLoad: LoadMap: /Game/ThirdPersonBP/Maps/Level01
[2019.12.15-00.27.02:525][518]LogBlueprint: Warning: USimpleConstructionScript::FixupRootNodeParentReferences() - Couldn't find native parent component 'Arrow' for 'Arrow1' in BlueprintGeneratedClass 'Enemy2_C' (it may have been removed)
[2019.12.15-00.27.02:586][518]LogMaterial: Display: Missing cached shader map for material Ocean, compiling. 
[2019.12.15-00.27.02:645][518]LogMaterial: Display: Missing cached shader map for material Dirt, compiling. 
[2019.12.15-00.27.02:666][518]LogShaderCompilers: Display: Shaders left to compile 35
[2019.12.15-00.27.02:666][518]LogShaderCompilers: Display: Shaders left to compile 25
[2019.12.15-00.27.02:666][518]LogShaderCompilers: Display: Shaders left to compile 15
[2019.12.15-00.27.02:666][518]LogShaderCompilers: Display: Shaders left to compile 5
[2019.12.15-00.27.02:666][518]LogMaterial: Display: Missing cached shader map for material Grass, compiling. 
[2019.12.15-00.27.02:689][518]LogMaterial: Display: Missing cached shader map for material White, compiling. 
[2019.12.15-00.27.02:714][518]LogShaderCompilers: Display: Shaders left to compile 70
[2019.12.15-00.27.02:714][518]LogShaderCompilers: Display: Shaders left to compile 60
[2019.12.15-00.27.02:714][518]LogShaderCompilers: Display: Shaders left to compile 50
[2019.12.15-00.27.02:714][518]LogShaderCompilers: Display: Shaders left to compile 40
[2019.12.15-00.27.02:714][518]LogMaterial: Display: Missing cached shader map for material Grey, compiling. 
[2019.12.15-00.27.02:731][518]LogMaterial: Display: Missing cached shader map for material Red, compiling. 
[2019.12.15-00.27.02:746][518]LogMaterial: Display: Missing cached shader map for material Black, compiling. 
[2019.12.15-00.27.02:767][518]LogAIModule: Creating AISystem for world Level01
[2019.12.15-00.27.02:767][518]LogLoad: Game class is 'ThirdPersonGameMode_C'
[2019.12.15-00.27.02:777][518]LogWorld: Bringing World /Game/ThirdPersonBP/Maps/Level01.Level01 up for play (max tick rate 0) at 2019.12.14-16.27.02
[2019.12.15-00.27.02:778][518]LogWorld: Bringing up level for play took: 0.009950
[2019.12.15-00.27.02:778][518]LogGameMode: FindPlayerStart: PATHS NOT DEFINED or NO PLAYERSTART with positive rating
[2019.12.15-00.27.02:787][518]LogLoad: Took 0.721177 seconds to LoadMap(/Game/ThirdPersonBP/Maps/Level01)
[2019.12.15-00.27.02:791][519]LogCharacterMovement: Warning: GetSimulationTimeStep() - Max iterations 8 hit while remaining time 0.058218 > MaxSimulationTimeStep (0.050) for 'Enemy1_C_1', movement 'Walking'
[2019.12.15-00.27.03:809][583]LogShaderCompilers: Display: Shaders left to compile 170
[2019.12.15-00.27.04:890][650]LogShaderCompilers: Display: Shaders left to compile 160
[2019.12.15-00.27.04:922][652]LogShaderCompilers: Display: Shaders left to compile 150
[2019.12.15-00.27.05:019][658]LogShaderCompilers: Display: Shaders left to compile 140
[2019.12.15-00.27.05:116][664]LogShaderCompilers: Display: Shaders left to compile 130
[2019.12.15-00.27.05:180][668]LogShaderCompilers: Display: Shaders left to compile 120
[2019.12.15-00.27.05:530][689]LogShaderCompilers: Display: Shaders left to compile 110
[2019.12.15-00.27.05:530][689]LogShaderCompilers: Display: Shaders left to compile 100
[2019.12.15-00.27.05:921][713]LogBlueprintUserMessages: [Enemy1_C_1] You have damaged me good sir
[2019.12.15-00.27.06:067][723]LogShaderCompilers: Display: Shaders left to compile 90
[2019.12.15-00.27.06:842][771]LogShaderCompilers: Display: Shaders left to compile 80
[2019.12.15-00.27.07:165][791]LogShaderCompilers: Display: Shaders left to compile 70
[2019.12.15-00.27.07:219][794]LogShaderCompilers: Display: Shaders left to compile 60
[2019.12.15-00.27.07:219][794]LogShaderCompilers: Display: Shaders left to compile 50
[2019.12.15-00.27.07:616][819]LogShaderCompilers: Display: Shaders left to compile 40
[2019.12.15-00.27.07:735][826]LogShaderCompilers: Display: Shaders left to compile 30
[2019.12.15-00.27.07:778][829]LogShaderCompilers: Display: Shaders left to compile 20
[2019.12.15-00.27.08:310][862]LogShaderCompilers: Display: Shaders left to compile 10
[2019.12.15-00.27.09:356][926]LogBlueprintUserMessages: [Enemy2_C_0] You have damaged me good sir
[2019.12.15-00.27.10:066][970]LogBlueprintUserMessages: [Enemy2_C_2] You have damaged me good sir
[2019.12.15-00.27.10:421][992]LogBlueprintUserMessages: [Enemy1_C_0] You have damaged me good sir
[2019.12.15-00.27.11:905][ 84]LogBlueprintUserMessages: [Enemy1_C_2] You have damaged me good sir
[2019.12.15-00.27.13:066][156]LogBlueprintUserMessages: [Enemy2_C_1] You have damaged me good sir
[2019.12.15-00.27.15:260][292]LogBlueprintUserMessages: [Enemy1_C_4] You have damaged me good sir
[2019.12.15-00.27.15:793][325]LogBlueprintUserMessages: [Enemy2_C_5] You have damaged me good sir
[2019.12.15-00.27.17:034][396]LogPackageName: SearchForPackageOnDisk took   0.096s to resolve MainMenu.umap.
[2019.12.15-00.27.17:130][396]LogPackageName: SearchForPackageOnDisk took   0.097s to resolve MainMenu.umap.
[2019.12.15-00.27.17:131][396]LogNet: Browse: /Game/ThirdPersonBP/Maps/MainMenu
[2019.12.15-00.27.17:131][396]LogLoad: LoadMap: /Game/ThirdPersonBP/Maps/MainMenu
[2019.12.15-00.27.17:173][396]LogAIModule: Creating AISystem for world MainMenu
[2019.12.15-00.27.17:173][396]LogLoad: Game class is 'MainMenuGamemode_C'
[2019.12.15-00.27.17:174][396]LogWorld: Bringing World /Game/ThirdPersonBP/Maps/MainMenu.MainMenu up for play (max tick rate 0) at 2019.12.14-16.27.17
[2019.12.15-00.27.17:174][396]LogWorld: Bringing up level for play took: 0.000293
[2019.12.15-00.27.17:174][396]LogGameMode: FindPlayerStart: PATHS NOT DEFINED or NO PLAYERSTART with positive rating
[2019.12.15-00.27.17:177][396]LogGameMode: Display: Match State Changed from EnteringMap to WaitingToStart
[2019.12.15-00.27.17:177][396]LogGameState: Match State Changed from EnteringMap to WaitingToStart
[2019.12.15-00.27.17:177][396]LogGameMode: Display: Match State Changed from WaitingToStart to InProgress
[2019.12.15-00.27.17:178][396]LogGameState: Match State Changed from WaitingToStart to InProgress
[2019.12.15-00.27.17:178][396]LogLoad: Took 0.046980 seconds to LoadMap(/Game/ThirdPersonBP/Maps/MainMenu)
[2019.12.15-00.27.18:146][451]LogPackageName: SearchForPackageOnDisk took   0.096s to resolve LevelSelect.umap.
[2019.12.15-00.27.18:146][451]LogGameMode: Display: Match State Changed from InProgress to LeavingMap
[2019.12.15-00.27.18:146][451]LogGameState: Match State Changed from InProgress to LeavingMap
[2019.12.15-00.27.18:240][451]LogPackageName: SearchForPackageOnDisk took   0.093s to resolve LevelSelect.umap.
[2019.12.15-00.27.18:240][451]LogNet: Browse: /Game/ThirdPersonBP/Maps/LevelSelect
[2019.12.15-00.27.18:240][451]LogLoad: LoadMap: /Game/ThirdPersonBP/Maps/LevelSelect
[2019.12.15-00.27.18:272][451]LogAIModule: Creating AISystem for world LevelSelect
[2019.12.15-00.27.18:273][451]LogLoad: Game class is 'MainMenuGamemode_C'
[2019.12.15-00.27.18:273][451]LogWorld: Bringing World /Game/ThirdPersonBP/Maps/LevelSelect.LevelSelect up for play (max tick rate 0) at 2019.12.14-16.27.18
[2019.12.15-00.27.18:274][451]LogWorld: Bringing up level for play took: 0.000273
[2019.12.15-00.27.18:274][451]LogGameMode: FindPlayerStart: PATHS NOT DEFINED or NO PLAYERSTART with positive rating
[2019.12.15-00.27.18:277][451]LogGameMode: Display: Match State Changed from EnteringMap to WaitingToStart
[2019.12.15-00.27.18:277][451]LogGameState: Match State Changed from EnteringMap to WaitingToStart
[2019.12.15-00.27.18:277][451]LogGameMode: Display: Match State Changed from WaitingToStart to InProgress
[2019.12.15-00.27.18:278][451]LogGameState: Match State Changed from WaitingToStart to InProgress
[2019.12.15-00.27.18:278][451]LogLoad: Took 0.038134 seconds to LoadMap(/Game/ThirdPersonBP/Maps/LevelSelect)
[2019.12.15-00.27.20:085][564]LogSlate: FSceneViewport::OnFocusLost() reason 0
[2019.12.15-00.27.20:261][569]LogPackageName: SearchForPackageOnDisk took   0.094s to resolve Level03.umap.
[2019.12.15-00.27.20:261][569]LogGameMode: Display: Match State Changed from InProgress to LeavingMap
[2019.12.15-00.27.20:261][569]LogGameState: Match State Changed from InProgress to LeavingMap
[2019.12.15-00.27.20:354][569]LogPackageName: SearchForPackageOnDisk took   0.094s to resolve Level03.umap.
[2019.12.15-00.27.20:355][569]LogNet: Browse: /Game/ThirdPersonBP/Maps/Level03
[2019.12.15-00.27.20:355][569]LogLoad: LoadMap: /Game/ThirdPersonBP/Maps/Level03
[2019.12.15-00.27.20:783][569]LogMaterial: Display: Missing cached shader map for material house, compiling. 
[2019.12.15-00.27.20:796][569]LogShaderCompilers: Display: Shaders left to compile 35
[2019.12.15-00.27.20:796][569]LogShaderCompilers: Display: Shaders left to compile 25
[2019.12.15-00.27.20:796][569]LogShaderCompilers: Display: Shaders left to compile 15
[2019.12.15-00.27.20:796][569]LogShaderCompilers: Display: Shaders left to compile 5
[2019.12.15-00.27.20:796][569]LogMaterial: Display: Missing cached shader map for material Black, compiling. 
[2019.12.15-00.27.20:863][569]LogShaderCompilers: Display: Shaders left to compile 35
[2019.12.15-00.27.20:864][569]LogShaderCompilers: Display: Shaders left to compile 25
[2019.12.15-00.27.20:864][569]LogShaderCompilers: Display: Shaders left to compile 15
[2019.12.15-00.27.20:864][569]LogShaderCompilers: Display: Shaders left to compile 5
[2019.12.15-00.27.20:864][569]LogMaterial: Display: Missing cached shader map for material windshield, compiling. 
[2019.12.15-00.27.20:886][569]LogMaterial: Display: Missing cached shader map for material Boat, compiling. 
[2019.12.15-00.27.20:909][569]LogMaterial: Display: Missing cached shader map for material Edge, compiling. 
[2019.12.15-00.27.20:958][569]LogMaterial: Display: Missing cached shader map for material Land, compiling. 
[2019.12.15-00.27.20:982][569]LogMaterial: Display: Missing cached shader map for material water, compiling. 
[2019.12.15-00.27.21:041][569]LogBlueprint: Warning: USimpleConstructionScript::FixupRootNodeParentReferences() - Couldn't find native parent component 'Arrow' for 'Arrow1' in BlueprintGeneratedClass 'Enemy2_C' (it may have been removed)
[2019.12.15-00.27.21:054][569]LogAIModule: Creating AISystem for world Level03
[2019.12.15-00.27.21:054][569]LogLoad: Game class is 'ThirdPersonGameMode_C'
[2019.12.15-00.27.21:064][569]LogWorld: Bringing World /Game/ThirdPersonBP/Maps/Level03.Level03 up for play (max tick rate 0) at 2019.12.14-16.27.21
[2019.12.15-00.27.21:065][569]LogWorld: Bringing up level for play took: 0.009804
[2019.12.15-00.27.21:065][569]LogGameMode: FindPlayerStart: PATHS NOT DEFINED or NO PLAYERSTART with positive rating
[2019.12.15-00.27.21:073][569]LogLoad: Took 0.717546 seconds to LoadMap(/Game/ThirdPersonBP/Maps/Level03)
[2019.12.15-00.27.21:076][570]LogCharacterMovement: Warning: GetSimulationTimeStep() - Max iterations 8 hit while remaining time 0.058218 > MaxSimulationTimeStep (0.050) for 'Enemy1_C_1', movement 'Walking'
[2019.12.15-00.27.21:807][613]LogShaderCompilers: Display: Shaders left to compile 175
[2019.12.15-00.27.21:872][617]LogShaderCompilers: Display: Shaders left to compile 165
[2019.12.15-00.27.22:872][679]LogShaderCompilers: Display: Shaders left to compile 155
[2019.12.15-00.27.22:888][680]LogShaderCompilers: Display: Shaders left to compile 145
[2019.12.15-00.27.22:985][686]LogShaderCompilers: Display: Shaders left to compile 135
[2019.12.15-00.27.23:034][689]LogShaderCompilers: Display: Shaders left to compile 125
[2019.12.15-00.27.23:441][714]LogShaderCompilers: Display: Shaders left to compile 115
[2019.12.15-00.27.23:485][717]LogShaderCompilers: Display: Shaders left to compile 105
[2019.12.15-00.27.23:888][742]LogShaderCompilers: Display: Shaders left to compile 95
[2019.12.15-00.27.24:489][779]LogShaderCompilers: Display: Shaders left to compile 85
[2019.12.15-00.27.24:827][800]LogShaderCompilers: Display: Shaders left to compile 75
[2019.12.15-00.27.24:994][810]LogShaderCompilers: Display: Shaders left to compile 65
[2019.12.15-00.27.25:198][823]LogShaderCompilers: Display: Shaders left to compile 55
[2019.12.15-00.27.25:280][828]LogShaderCompilers: Display: Shaders left to compile 45
[2019.12.15-00.27.25:349][832]LogShaderCompilers: Display: Shaders left to compile 35
[2019.12.15-00.27.25:586][847]LogShaderCompilers: Display: Shaders left to compile 25
[2019.12.15-00.27.26:424][899]LogShaderCompilers: Display: Shaders left to compile 15
[2019.12.15-00.27.26:457][901]LogShaderCompilers: Display: Shaders left to compile 5
[2019.12.15-00.27.42:989][925]LogBlueprintUserMessages: [Enemy2_C_1] You have damaged me good sir
[2019.12.15-00.27.43:989][987]LogBlueprintUserMessages: [Enemy1_C_0] You have damaged me good sir
[2019.12.15-00.27.44:085][993]LogBlueprintUserMessages: [Enemy1_C_3] You have damaged me good sir
[2019.12.15-00.27.47:521][206]LogBlueprintUserMessages: [Enemy1_C_4] You have damaged me good sir
[2019.12.15-00.27.47:747][220]LogBlueprintUserMessages: [Enemy1_C_1] You have damaged me good sir
[2019.12.15-00.27.47:973][234]LogBlueprintUserMessages: [Enemy2_C_2] You have damaged me good sir
[2019.12.15-00.27.52:570][519]LogSlate: FSceneViewport::OnFocusLost() reason 0
[2019.12.15-00.27.52:752][524]LogPackageName: SearchForPackageOnDisk took   0.102s to resolve MainMenu.umap.
[2019.12.15-00.27.52:847][524]LogPackageName: SearchForPackageOnDisk took   0.095s to resolve MainMenu.umap.
[2019.12.15-00.27.52:847][524]LogNet: Browse: /Game/ThirdPersonBP/Maps/MainMenu
[2019.12.15-00.27.52:847][524]LogLoad: LoadMap: /Game/ThirdPersonBP/Maps/MainMenu
[2019.12.15-00.27.52:888][524]LogAIModule: Creating AISystem for world MainMenu
[2019.12.15-00.27.52:888][524]LogLoad: Game class is 'MainMenuGamemode_C'
[2019.12.15-00.27.52:889][524]LogWorld: Bringing World /Game/ThirdPersonBP/Maps/MainMenu.MainMenu up for play (max tick rate 0) at 2019.12.14-16.27.52
[2019.12.15-00.27.52:889][524]LogWorld: Bringing up level for play took: 0.000288
[2019.12.15-00.27.52:890][524]LogGameMode: FindPlayerStart: PATHS NOT DEFINED or NO PLAYERSTART with positive rating
[2019.12.15-00.27.52:892][524]LogGameMode: Display: Match State Changed from EnteringMap to WaitingToStart
[2019.12.15-00.27.52:892][524]LogGameState: Match State Changed from EnteringMap to WaitingToStart
[2019.12.15-00.27.52:892][524]LogGameMode: Display: Match State Changed from WaitingToStart to InProgress
[2019.12.15-00.27.52:893][524]LogGameState: Match State Changed from WaitingToStart to InProgress
[2019.12.15-00.27.52:894][524]LogLoad: Took 0.046289 seconds to LoadMap(/Game/ThirdPersonBP/Maps/MainMenu)
[2019.12.15-00.27.53:656][566]LogPackageName: SearchForPackageOnDisk took   0.100s to resolve LevelSelect.umap.
[2019.12.15-00.27.53:657][566]LogGameMode: Display: Match State Changed from InProgress to LeavingMap
[2019.12.15-00.27.53:657][566]LogGameState: Match State Changed from InProgress to LeavingMap
[2019.12.15-00.27.53:752][566]LogPackageName: SearchForPackageOnDisk took   0.096s to resolve LevelSelect.umap.
[2019.12.15-00.27.53:752][566]LogNet: Browse: /Game/ThirdPersonBP/Maps/LevelSelect
[2019.12.15-00.27.53:752][566]LogLoad: LoadMap: /Game/ThirdPersonBP/Maps/LevelSelect
[2019.12.15-00.27.53:786][566]LogAIModule: Creating AISystem for world LevelSelect
[2019.12.15-00.27.53:786][566]LogLoad: Game class is 'MainMenuGamemode_C'
[2019.12.15-00.27.53:787][566]LogWorld: Bringing World /Game/ThirdPersonBP/Maps/LevelSelect.LevelSelect up for play (max tick rate 0) at 2019.12.14-16.27.53
[2019.12.15-00.27.53:787][566]LogWorld: Bringing up level for play took: 0.000337
[2019.12.15-00.27.53:788][566]LogGameMode: FindPlayerStart: PATHS NOT DEFINED or NO PLAYERSTART with positive rating
[2019.12.15-00.27.53:791][566]LogGameMode: Display: Match State Changed from EnteringMap to WaitingToStart
[2019.12.15-00.27.53:791][566]LogGameState: Match State Changed from EnteringMap to WaitingToStart
[2019.12.15-00.27.53:791][566]LogGameMode: Display: Match State Changed from WaitingToStart to InProgress
[2019.12.15-00.27.53:792][566]LogGameState: Match State Changed from WaitingToStart to InProgress
[2019.12.15-00.27.53:792][566]LogLoad: Took 0.039425 seconds to LoadMap(/Game/ThirdPersonBP/Maps/LevelSelect)
[2019.12.15-00.27.55:602][679]LogSlate: FSceneViewport::OnFocusLost() reason 0
[2019.12.15-00.27.55:794][685]LogPackageName: SearchForPackageOnDisk took   0.096s to resolve Level02.umap.
[2019.12.15-00.27.55:795][685]LogGameMode: Display: Match State Changed from InProgress to LeavingMap
[2019.12.15-00.27.55:795][685]LogGameState: Match State Changed from InProgress to LeavingMap
[2019.12.15-00.27.55:888][685]LogPackageName: SearchForPackageOnDisk took   0.094s to resolve Level02.umap.
[2019.12.15-00.27.55:888][685]LogNet: Browse: /Game/ThirdPersonBP/Maps/Level02
[2019.12.15-00.27.55:889][685]LogLoad: LoadMap: /Game/ThirdPersonBP/Maps/Level02
[2019.12.15-00.27.56:399][685]LogBlueprint: Warning: USimpleConstructionScript::FixupRootNodeParentReferences() - Couldn't find native parent component 'Arrow' for 'Arrow1' in BlueprintGeneratedClass 'Enemy2_C' (it may have been removed)
[2019.12.15-00.27.56:509][685]LogAIModule: Creating AISystem for world Level02
[2019.12.15-00.27.56:509][685]LogLoad: Game class is 'ThirdPersonGameMode_C'
[2019.12.15-00.27.56:515][685]LogWorld: Bringing World /Game/ThirdPersonBP/Maps/Level02.Level02 up for play (max tick rate 0) at 2019.12.14-16.27.56
[2019.12.15-00.27.56:515][685]LogWorld: Bringing up level for play took: 0.005141
[2019.12.15-00.27.56:516][685]LogGameMode: FindPlayerStart: PATHS NOT DEFINED or NO PLAYERSTART with positive rating
[2019.12.15-00.27.56:521][685]LogLoad: Took 0.631738 seconds to LoadMap(/Game/ThirdPersonBP/Maps/Level02)
[2019.12.15-00.27.56:523][686]LogCharacterMovement: Warning: GetSimulationTimeStep() - Max iterations 8 hit while remaining time 0.058218 > MaxSimulationTimeStep (0.050) for 'Enemy1_C_1', movement 'Walking'
[2019.12.15-00.28.02:968][ 85]LogBlueprintUserMessages: [Enemy1_C_0] You have damaged me good sir
[2019.12.15-00.28.07:195][347]LogBlueprintUserMessages: [Enemy1_C_4] You have damaged me good sir
[2019.12.15-00.28.07:437][362]LogBlueprintUserMessages: [Enemy1_C_1] You have damaged me good sir
[2019.12.15-00.28.07:468][364]LogBlueprintUserMessages: [Enemy2_C_5] You have damaged me good sir
[2019.12.15-00.28.07:566][370]LogBlueprintUserMessages: [Enemy2_C_2] You have damaged me good sir
[2019.12.15-00.28.12:050][648]LogBlueprintUserMessages: [Enemy2_C_4] You have damaged me good sir
[2019.12.15-00.28.17:356][977]LogBlueprintUserMessages: [DoubleShotPickup_C_0] DoubleShot active
[2019.12.15-00.28.21:470][232]LogBlueprintUserMessages: [Enemy2_C_7] Shot Twice
[2019.12.15-00.28.21:518][235]LogBlueprintUserMessages: [Enemy1_C_2] Shot Me Twice EH
[2019.12.15-00.28.21:518][235]LogBlueprintUserMessages: [Enemy2_C_0] Shot Twice
[2019.12.15-00.28.21:582][239]LogBlueprintUserMessages: [Enemy1_C_6] Shot Me Twice EH
[2019.12.15-00.28.21:808][253]LogBlueprintUserMessages: [Enemy2_C_3] Shot Twice
[2019.12.15-00.28.24:404][414]LogSlate: FSceneViewport::OnFocusLost() reason 0
[2019.12.15-00.28.24:599][420]LogPackageName: SearchForPackageOnDisk took   0.098s to resolve MainMenu.umap.
[2019.12.15-00.28.24:694][420]LogPackageName: SearchForPackageOnDisk took   0.094s to resolve MainMenu.umap.
[2019.12.15-00.28.24:694][420]LogNet: Browse: /Game/ThirdPersonBP/Maps/MainMenu
[2019.12.15-00.28.24:694][420]LogLoad: LoadMap: /Game/ThirdPersonBP/Maps/MainMenu
[2019.12.15-00.28.24:742][420]LogAIModule: Creating AISystem for world MainMenu
[2019.12.15-00.28.24:742][420]LogLoad: Game class is 'MainMenuGamemode_C'
[2019.12.15-00.28.24:743][420]LogWorld: Bringing World /Game/ThirdPersonBP/Maps/MainMenu.MainMenu up for play (max tick rate 0) at 2019.12.14-16.28.24
[2019.12.15-00.28.24:743][420]LogWorld: Bringing up level for play took: 0.000296
[2019.12.15-00.28.24:743][420]LogGameMode: FindPlayerStart: PATHS NOT DEFINED or NO PLAYERSTART with positive rating
[2019.12.15-00.28.24:746][420]LogGameMode: Display: Match State Changed from EnteringMap to WaitingToStart
[2019.12.15-00.28.24:746][420]LogGameState: Match State Changed from EnteringMap to WaitingToStart
[2019.12.15-00.28.24:746][420]LogGameMode: Display: Match State Changed from WaitingToStart to InProgress
[2019.12.15-00.28.24:747][420]LogGameState: Match State Changed from WaitingToStart to InProgress
[2019.12.15-00.28.24:747][420]LogLoad: Took 0.053127 seconds to LoadMap(/Game/ThirdPersonBP/Maps/MainMenu)
[2019.12.15-00.28.25:797][486]Closing by request
[2019.12.15-00.28.25:797][486]LogWindows: FPlatformMisc::RequestExit(0)
[2019.12.15-00.28.25:930][487]LogSlate: Window 'SavingPlanet (64-bit Development PCD3D_ES2) ' being destroyed
[2019.12.15-00.28.25:931][487]LogWindowsTextInputMethodSystem: Display: IME system now deactivated.
[2019.12.15-00.28.25:937][487]LogWindowsTextInputMethodSystem: Display: IME system now deactivated.
[2019.12.15-00.28.25:947][487]LogExit: Preparing to exit.
[2019.12.15-00.28.25:947][487]LogMoviePlayer: Shutting down movie player
[2019.12.15-00.28.26:445][487]LogSlate: Updating window title bar state: overlay mode, drag disabled, window buttons hidden, title bar hidden
[2019.12.15-00.28.26:451][487]LogExit: Game engine shut down
[2019.12.15-00.28.26:489][487]LogExit: Object subsystem successfully closed.
[2019.12.15-00.28.26:508][487]LogShaderCompilers: Display: Shaders left to compile 0
[2019.12.15-00.28.26:509][487]LogD3D11RHI: Shutdown
[2019.12.15-00.28.26:509][487]LogD3D11RHI: CleanupD3DDevice
[2019.12.15-00.28.26:510][487]LogD3D11RHI: ~FD3D11DynamicRHI
[2019.12.15-00.28.26:519][487]LogModuleManager: Shutting down and abandoning module SequenceRecorderSections (382)
[2019.12.15-00.28.26:520][487]LogModuleManager: Shutting down and abandoning module SequenceRecorder (380)
[2019.12.15-00.28.26:520][487]LogModuleManager: Shutting down and abandoning module AutomationController (378)
[2019.12.15-00.28.26:520][487]LogModuleManager: Shutting down and abandoning module AutomationWorker (376)
[2019.12.15-00.28.26:520][487]LogModuleManager: Shutting down and abandoning module Voice (374)
[2019.12.15-00.28.26:520][487]LogModuleManager: Shutting down and abandoning module AIModule (372)
[2019.12.15-00.28.26:520][487]LogModuleManager: Shutting down and abandoning module GameplayDebugger (371)
[2019.12.15-00.28.26:520][487]LogModuleManager: Shutting down and abandoning module AITestSuite (369)
[2019.12.15-00.28.26:520][487]LogModuleManager: Shutting down and abandoning module NavigationSystem (367)
[2019.12.15-00.28.26:520][487]LogModuleManager: Shutting down and abandoning module WmfMediaFactory (364)
[2019.12.15-00.28.26:520][487]LogModuleManager: Shutting down and abandoning module WebMMediaFactory (362)
[2019.12.15-00.28.26:520][487]LogModuleManager: Shutting down and abandoning module WebMMedia (360)
[2019.12.15-00.28.26:520][487]LogModuleManager: Shutting down and abandoning module OpenExrWrapper (358)
[2019.12.15-00.28.26:520][487]LogModuleManager: Shutting down and abandoning module ImgMediaFactory (356)
[2019.12.15-00.28.26:520][487]LogModuleManager: Shutting down and abandoning module AvfMediaFactory (354)
[2019.12.15-00.28.26:520][487]LogModuleManager: Shutting down and abandoning module MagicLeapCameraPreviewFactory (352)
[2019.12.15-00.28.26:520][487]LogModuleManager: Shutting down and abandoning module MagicLeapMediaFactory (350)
[2019.12.15-00.28.26:520][487]LogModuleManager: Shutting down and abandoning module CharacterAI (348)
[2019.12.15-00.28.26:520][487]LogModuleManager: Shutting down and abandoning module SessionServices (346)
[2019.12.15-00.28.26:520][487]LogModuleManager: Shutting down and abandoning module MovieSceneCapture (344)
[2019.12.15-00.28.26:520][487]LogModuleManager: Shutting down and abandoning module MovieSceneTracks (342)
[2019.12.15-00.28.26:520][487]LogModuleManager: Shutting down and abandoning module MovieScene (340)
[2019.12.15-00.28.26:520][487]LogModuleManager: Shutting down and abandoning module StreamingPauseRendering (338)
[2019.12.15-00.28.26:520][487]LogModuleManager: Shutting down and abandoning module PortalServices (336)
[2019.12.15-00.28.26:520][487]LogModuleManager: Shutting down and abandoning module PortalRpc (334)
[2019.12.15-00.28.26:520][487]LogModuleManager: Shutting down and abandoning module MessagingRpc (332)
[2019.12.15-00.28.26:520][487]LogModuleManager: Shutting down and abandoning module ImageWriteQueue (330)
[2019.12.15-00.28.26:522][487]LogModuleManager: Shutting down and abandoning module ProfilerService (328)
[2019.12.15-00.28.26:673][487]LogModuleManager: Shutting down and abandoning module TaskGraph (326)
[2019.12.15-00.28.26:673][487]LogModuleManager: Shutting down and abandoning module SteamVRController (324)
[2019.12.15-00.28.26:673][487]LogModuleManager: Shutting down and abandoning module ProceduralMeshComponent (322)
[2019.12.15-00.28.26:673][487]LogModuleManager: Shutting down and abandoning module OculusInput (320)
[2019.12.15-00.28.26:673][487]LogModuleManager: Shutting down and abandoning module MobilePatchingUtils (318)
[2019.12.15-00.28.26:673][487]LogModuleManager: Shutting down and abandoning module EditableMesh (316)
[2019.12.15-00.28.26:673][487]LogModuleManager: Shutting down and abandoning module CustomMeshComponent (314)
[2019.12.15-00.28.26:673][487]LogModuleManager: Shutting down and abandoning module CableComponent (312)
[2019.12.15-00.28.26:673][487]LogModuleManager: Shutting down and abandoning module AudioCapture (310)
[2019.12.15-00.28.26:673][487]LogModuleManager: Shutting down and abandoning module ArchVisCharacter (308)
[2019.12.15-00.28.26:673][487]LogModuleManager: Shutting down and abandoning module AndroidPermission (306)
[2019.12.15-00.28.26:673][487]LogModuleManager: Shutting down and abandoning module NUTUnrealEngine4 (304)
[2019.12.15-00.28.26:673][487]LogModuleManager: Shutting down and abandoning module NetcodeUnitTest (302)
[2019.12.15-00.28.26:673][487]LogModuleManager: Shutting down and abandoning module MediaCompositing (300)
[2019.12.15-00.28.26:673][487]LogModuleManager: Shutting down and abandoning module LinearTimecode (298)
[2019.12.15-00.28.26:673][487]LogModuleManager: Shutting down and abandoning module ImgMedia (296)
[2019.12.15-00.28.26:675][487]LogModuleManager: Shutting down and abandoning module HTML5Networking (294)
[2019.12.15-00.28.26:675][487]LogModuleManager: Shutting down and abandoning module GeometryCacheTracks (292)
[2019.12.15-00.28.26:675][487]LogModuleManager: Shutting down and abandoning module GeometryCacheSequencer (291)
[2019.12.15-00.28.26:675][487]LogModuleManager: Shutting down and abandoning module GeometryCache (288)
[2019.12.15-00.28.26:675][487]LogModuleManager: Shutting down and abandoning module GeometryCacheEd (287)
[2019.12.15-00.28.26:675][487]LogModuleManager: Shutting down and abandoning module BackChannel (284)
[2019.12.15-00.28.26:675][487]LogModuleManager: Shutting down and abandoning module AppleVision (282)
[2019.12.15-00.28.26:676][487]LogModuleManager: Shutting down and abandoning module AppleImageUtilsBlueprintSupport (280)
[2019.12.15-00.28.26:676][487]LogModuleManager: Shutting down and abandoning module AppleImageUtils (278)
[2019.12.15-00.28.26:676][487]LogModuleManager: Shutting down and abandoning module VariantManagerContent (276)
[2019.12.15-00.28.26:676][487]LogModuleManager: Shutting down and abandoning module CryptoKeysOpenSSL (274)
[2019.12.15-00.28.26:676][487]LogModuleManager: Shutting down and abandoning module CryptoKeys (272)
[2019.12.15-00.28.26:676][487]LogModuleManager: Shutting down and abandoning module VisualStudioSourceCodeAccess (270)
[2019.12.15-00.28.26:676][487]LogModuleManager: Shutting down and abandoning module HotReload (269)
[2019.12.15-00.28.26:676][487]LogModuleManager: Shutting down and abandoning module DirectoryWatcher (268)
[2019.12.15-00.28.26:676][487]LogModuleManager: Shutting down and abandoning module VisualStudioCodeSourceCodeAccess (264)
[2019.12.15-00.28.26:676][487]LogModuleManager: Shutting down and abandoning module UObjectPlugin (262)
[2019.12.15-00.28.26:676][487]LogModuleManager: Shutting down and abandoning module SubversionSourceControl (260)
[2019.12.15-00.28.26:676][487]LogModuleManager: Shutting down and abandoning module PerforceSourceControl (258)
[2019.12.15-00.28.26:676][487]LogModuleManager: Shutting down and abandoning module SourceControl (257)
[2019.12.15-00.28.26:676][487]LogModuleManager: Shutting down and abandoning module CLionSourceCodeAccess (254)
[2019.12.15-00.28.26:676][487]LogModuleManager: Shutting down and abandoning module ActorLayerUtilities (252)
[2019.12.15-00.28.26:676][487]LogModuleManager: Shutting down and abandoning module RuntimePhysXCooking (250)
[2019.12.15-00.28.26:676][487]LogModuleManager: Shutting down and abandoning module PhysXVehiclesEditor (248)
[2019.12.15-00.28.26:676][487]LogModuleManager: Shutting down and abandoning module PhysXVehicles (246)
[2019.12.15-00.28.26:676][487]LogModuleManager: Shutting down and abandoning module LocationServicesBPLibrary (244)
[2019.12.15-00.28.26:676][487]LogModuleManager: Shutting down and abandoning module ActorSequence (242)
[2019.12.15-00.28.26:676][487]LogModuleManager: Shutting down and abandoning module UdpMessaging (240)
[2019.12.15-00.28.26:777][487]LogModuleManager: Shutting down and abandoning module TcpMessaging (238)
[2019.12.15-00.28.27:431][487]LogModuleManager: Shutting down and abandoning module MagicLeapAudio (236)
[2019.12.15-00.28.27:431][487]LogModuleManager: Shutting down and abandoning module GameplayTagsEditor (234)
[2019.12.15-00.28.27:431][487]LogModuleManager: Shutting down and abandoning module FacialAnimation (232)
[2019.12.15-00.28.27:431][487]LogModuleManager: Shutting down and abandoning module DataValidation (230)
[2019.12.15-00.28.27:431][487]LogModuleManager: Shutting down and abandoning module AssetManagerEditor (228)
[2019.12.15-00.28.27:431][487]LogModuleManager: Shutting down and abandoning module TreeMap (227)
[2019.12.15-00.28.27:431][487]LogModuleManager: Shutting down and abandoning module LightPropagationVolumeRuntime (224)
[2019.12.15-00.28.27:431][487]LogModuleManager: Shutting down and abandoning module AISupportModule (222)
[2019.12.15-00.28.27:431][487]LogModuleManager: Shutting down and abandoning module Paper2D (220)
[2019.12.15-00.28.27:431][487]LogModuleManager: Shutting down and abandoning module WindowsMoviePlayer (218)
[2019.12.15-00.28.27:431][487]LogModuleManager: Shutting down and abandoning module WebMMoviePlayer (216)
[2019.12.15-00.28.27:431][487]LogModuleManager: Shutting down and abandoning module WmfMedia (214)
[2019.12.15-00.28.27:432][487]LogModuleManager: Shutting down and abandoning module Media (213)
[2019.12.15-00.28.27:438][487]LogModuleManager: Shutting down and abandoning module PacketHandler (210)
[2019.12.15-00.28.27:438][487]LogModuleManager: Shutting down and abandoning module ClothingSystemEditor (208)
[2019.12.15-00.28.27:438][487]LogModuleManager: Shutting down and abandoning module ClothingSystemRuntime (206)
[2019.12.15-00.28.27:438][487]LogModuleManager: Shutting down and abandoning module MediaAssets (204)
[2019.12.15-00.28.27:438][487]LogModuleManager: Shutting down and abandoning module Overlay (202)
[2019.12.15-00.28.27:438][487]LogModuleManager: Shutting down and abandoning module OverlayEditor (201)
[2019.12.15-00.28.27:438][487]LogModuleManager: Shutting down and abandoning module VREditor (198)
[2019.12.15-00.28.27:438][487]LogModuleManager: Shutting down and abandoning module StringTableEditor (196)
[2019.12.15-00.28.27:438][487]LogModuleManager: Shutting down and abandoning module GameplayTasksEditor (194)
[2019.12.15-00.28.27:438][487]LogModuleManager: Shutting down and abandoning module BehaviorTreeEditor (192)
[2019.12.15-00.28.27:438][487]LogModuleManager: Shutting down and abandoning module FunctionalTesting (190)
[2019.12.15-00.28.27:438][487]LogModuleManager: Shutting down and abandoning module CollisionAnalyzer (188)
[2019.12.15-00.28.27:438][487]LogModuleManager: Shutting down and abandoning module WorkspaceMenuStructure (187)
[2019.12.15-00.28.27:438][487]LogModuleManager: Shutting down and abandoning module UMG (184)
[2019.12.15-00.28.27:438][487]LogModuleManager: Shutting down and abandoning module UMGEditor (183)
[2019.12.15-00.28.27:438][487]LogModuleManager: Shutting down and abandoning module Sequencer (182)
[2019.12.15-00.28.27:438][487]LogModuleManager: Shutting down and abandoning module MessageLog (179)
[2019.12.15-00.28.27:438][487]LogModuleManager: Shutting down and abandoning module SlateReflector (174)
[2019.12.15-00.28.27:438][487]LogModuleManager: Shutting down and abandoning module Slate (172)
[2019.12.15-00.28.27:438][487]LogModuleManager: Shutting down and abandoning module EditorStyle (170)
[2019.12.15-00.28.27:439][487]LogModuleManager: Shutting down and abandoning module MRMesh (168)
[2019.12.15-00.28.27:439][487]LogModuleManager: Shutting down and abandoning module Messaging (166)
[2019.12.15-00.28.27:439][487]LogModuleManager: Shutting down and abandoning module SourceCodeAccess (164)
[2019.12.15-00.28.27:439][487]LogModuleManager: Shutting down and abandoning module HeadMountedDisplay (162)
[2019.12.15-00.28.27:439][487]LogModuleManager: Shutting down and abandoning module XAudio2 (160)
[2019.12.15-00.28.27:439][487]LogModuleManager: Shutting down and abandoning module Networking (158)
[2019.12.15-00.28.27:439][487]LogModuleManager: Shutting down and abandoning module Core (156)
[2019.12.15-00.28.27:439][487]LogModuleManager: Shutting down and abandoning module LevelSequence (154)
[2019.12.15-00.28.27:439][487]LogModuleManager: Shutting down and abandoning module KismetCompiler (152)
[2019.12.15-00.28.27:439][487]LogModuleManager: Shutting down and abandoning module MeshUtilities (150)
[2019.12.15-00.28.27:439][487]LogModuleManager: Shutting down and abandoning module MeshMergeUtilities (149)
[2019.12.15-00.28.27:439][487]LogModuleManager: Shutting down and abandoning module MeshReductionInterface (148)
[2019.12.15-00.28.27:439][487]LogModuleManager: Shutting down and abandoning module SimplygonSwarm (147)
[2019.12.15-00.28.27:439][487]LogModuleManager: Shutting down and abandoning module ProxyLODMeshReduction (145)
[2019.12.15-00.28.27:439][487]LogModuleManager: Shutting down and abandoning module SimplygonMeshReduction (143)
[2019.12.15-00.28.27:439][487]LogModuleManager: Shutting down and abandoning module QuadricMeshReduction (141)
[2019.12.15-00.28.27:439][487]LogModuleManager: Shutting down and abandoning module MaterialBaking (137)
[2019.12.15-00.28.27:439][487]LogModuleManager: Shutting down and abandoning module PIEPreviewDeviceProfileSelector (132)
[2019.12.15-00.28.27:439][487]LogModuleManager: Shutting down and abandoning module DerivedDataCache (130)
[2019.12.15-00.28.27:818][487]LogDerivedDataCache: Shutdown
[2019.12.15-00.28.27:818][487]LogModuleManager: Shutting down and abandoning module XGEController (128)
[2019.12.15-00.28.27:818][487]LogModuleManager: Shutting down and abandoning module TargetPlatform (126)
[2019.12.15-00.28.27:818][487]LogModuleManager: Shutting down and abandoning module VulkanShaderFormat (125)
[2019.12.15-00.28.27:818][487]LogModuleManager: Shutting down and abandoning module ShaderFormatVectorVM (123)
[2019.12.15-00.28.27:818][487]LogModuleManager: Shutting down and abandoning module ShaderFormatOpenGL (121)
[2019.12.15-00.28.27:818][487]LogModuleManager: Shutting down and abandoning module ShaderFormatD3D (119)
[2019.12.15-00.28.27:818][487]LogModuleManager: Shutting down and abandoning module MetalShaderFormat (117)
[2019.12.15-00.28.27:818][487]LogModuleManager: Shutting down and abandoning module TextureFormatUncompressed (115)
[2019.12.15-00.28.27:818][487]LogModuleManager: Shutting down and abandoning module TextureFormatPVR (113)
[2019.12.15-00.28.27:818][487]LogModuleManager: Shutting down and abandoning module TextureFormatDXT (111)
[2019.12.15-00.28.27:818][487]LogModuleManager: Shutting down and abandoning module TextureFormatIntelISPCTexComp (109)
[2019.12.15-00.28.27:818][487]LogModuleManager: Shutting down and abandoning module TextureFormatASTC (107)
[2019.12.15-00.28.27:819][487]LogModuleManager: Shutting down and abandoning module ImageWrapper (106)
[2019.12.15-00.28.27:819][487]LogModuleManager: Shutting down and abandoning module TextureFormatAndroid (103)
[2019.12.15-00.28.27:819][487]LogModuleManager: Shutting down and abandoning module AudioFormatOpus (101)
[2019.12.15-00.28.27:819][487]LogModuleManager: Shutting down and abandoning module AudioFormatOgg (99)
[2019.12.15-00.28.27:819][487]LogModuleManager: Shutting down and abandoning module AudioFormatADPCM (97)
[2019.12.15-00.28.27:819][487]LogModuleManager: Shutting down and abandoning module WindowsTargetPlatform (95)
[2019.12.15-00.28.27:819][487]LogModuleManager: Shutting down and abandoning module WindowsServerTargetPlatform (93)
[2019.12.15-00.28.27:819][487]LogModuleManager: Shutting down and abandoning module WindowsNoEditorTargetPlatform (91)
[2019.12.15-00.28.27:819][487]LogModuleManager: Shutting down and abandoning module WindowsClientTargetPlatform (89)
[2019.12.15-00.28.27:819][487]LogModuleManager: Shutting down and abandoning module InputCore (86)
[2019.12.15-00.28.27:819][487]LogModuleManager: Shutting down and abandoning module Settings (84)
[2019.12.15-00.28.27:819][487]LogModuleManager: Shutting down and abandoning module PhysXCooking (82)
[2019.12.15-00.28.27:819][487]LogModuleManager: Shutting down and abandoning module SteamVR (80)
[2019.12.15-00.28.27:819][487]LogHMD: Freeing OpenVRDLLHandle.
[2019.12.15-00.28.27:819][487]LogModuleManager: Shutting down and abandoning module OculusHMD (78)
[2019.12.15-00.28.27:819][487]LogModuleManager: Shutting down and abandoning module ExampleDeviceProfileSelector (76)
[2019.12.15-00.28.27:819][487]LogModuleManager: Shutting down and abandoning module LauncherChunkInstaller (74)
[2019.12.15-00.28.27:820][487]LogModuleManager: Shutting down and abandoning module OnlineBlueprintSupport (72)
[2019.12.15-00.28.27:820][487]LogModuleManager: Shutting down and abandoning module OnlineSubsystem (68)
[2019.12.15-00.28.27:821][487]LogModuleManager: Shutting down and abandoning module XMPP (63)
[2019.12.15-00.28.27:821][487]LogModuleManager: Shutting down and abandoning module WebSockets (62)
[2019.12.15-00.28.27:845][487]LogModuleManager: Shutting down and abandoning module HTTP (59)
[2019.12.15-00.28.27:860][487]LogModuleManager: Shutting down and abandoning module SSL (58)
[2019.12.15-00.28.27:861][487]LogModuleManager: Shutting down and abandoning module MagicLeapIdentity (54)
[2019.12.15-00.28.27:861][487]LogModuleManager: Shutting down and abandoning module MagicLeapHelperVulkan (52)
[2019.12.15-00.28.27:861][487]LogModuleManager: Shutting down and abandoning module MagicLeapHelperOpenGL (50)
[2019.12.15-00.28.27:861][487]LogModuleManager: Shutting down and abandoning module MagicLeapSecureStorage (48)
[2019.12.15-00.28.27:861][487]LogModuleManager: Shutting down and abandoning module MagicLeapHandTracking (46)
[2019.12.15-00.28.27:861][487]LogModuleManager: Shutting down and abandoning module MagicLeapEyeTracker (44)
[2019.12.15-00.28.27:861][487]LogModuleManager: Shutting down and abandoning module MagicLeapController (42)
[2019.12.15-00.28.27:861][487]LogSlate: Slate User Destroyed.  User Index 0, Is Virtual User: 0
[2019.12.15-00.28.27:861][487]LogModuleManager: Shutting down and abandoning module MagicLeap (40)
[2019.12.15-00.28.27:861][487]LogModuleManager: Shutting down and abandoning module DatasmithContent (38)
[2019.12.15-00.28.27:861][487]LogModuleManager: Shutting down and abandoning module AnimationModifiers (36)
[2019.12.15-00.28.27:861][487]LogModuleManager: Shutting down and abandoning module PropertyEditor (35)
[2019.12.15-00.28.27:861][487]LogModuleManager: Shutting down and abandoning module AudioEditor (32)
[2019.12.15-00.28.27:861][487]LogModuleManager: Shutting down and abandoning module TextureCompressor (30)
[2019.12.15-00.28.27:862][487]LogModuleManager: Shutting down and abandoning module ShaderCore (28)
[2019.12.15-00.28.27:862][487]LogModuleManager: Shutting down and abandoning module Landscape (26)
[2019.12.15-00.28.27:862][487]LogModuleManager: Shutting down and abandoning module SlateRHIRenderer (24)
[2019.12.15-00.28.27:862][487]LogModuleManager: Shutting down and abandoning module OpenGLDrv (22)
[2019.12.15-00.28.27:862][487]LogModuleManager: Shutting down and abandoning module D3D11RHI (20)
[2019.12.15-00.28.27:862][487]LogModuleManager: Shutting down and abandoning module AnimGraphRuntime (18)
[2019.12.15-00.28.27:862][487]LogModuleManager: Shutting down and abandoning module Renderer (16)
[2019.12.15-00.28.27:862][487]LogModuleManager: Shutting down and abandoning module Engine (14)
[2019.12.15-00.28.27:862][487]LogModuleManager: Shutting down and abandoning module CoreUObject (12)
[2019.12.15-00.28.27:862][487]LogModuleManager: Shutting down and abandoning module NetworkFile (10)
[2019.12.15-00.28.27:862][487]LogModuleManager: Shutting down and abandoning module CookedIterativeFile (8)
[2019.12.15-00.28.27:862][487]LogModuleManager: Shutting down and abandoning module StreamingFile (6)
[2019.12.15-00.28.27:862][487]LogModuleManager: Shutting down and abandoning module SandboxFile (4)
[2019.12.15-00.28.27:862][487]LogModuleManager: Shutting down and abandoning module PakFile (2)
[2019.12.15-00.28.27:867][487]LogExit: Exiting.
[2019.12.15-00.28.27:876][487]Log file closed, 12/14/19 16:28:27
